INFO 2025-11-14 21:25:54,105 autoreload 34288 15320 Watching for file changes with StatReloader
INFO 2025-11-14 21:26:41,438 runserver 34288 18116 [mHTTP GET /login/ 200 [0.06, 127.0.0.1:57860][0m
WARNING 2025-11-14 21:26:42,037 log 34288 27436 Not Found: /favicon.ico
WARNING 2025-11-14 21:26:42,039 runserver 34288 18116 [33mHTTP GET /favicon.ico 404 [0.31, 127.0.0.1:57860][0m
INFO 2025-11-14 21:26:43,289 runserver 34288 18116 [mHTTP GET /login/ 200 [0.02, 127.0.0.1:57860][0m
INFO 2025-11-14 21:26:45,537 runserver 34288 18116 [mHTTP GET /login/ 200 [0.02, 127.0.0.1:57860][0m
INFO 2025-11-14 21:26:50,564 runserver 34288 18116 [mHTTP GET /login/ 200 [0.02, 127.0.0.1:57860][0m
INFO 2025-11-14 21:26:54,135 runserver 34288 18116 [mHTTP GET /login/ 200 [0.02, 127.0.0.1:57860][0m
ERROR 2025-11-14 21:27:13,027 log 34288 27436 Internal Server Error: /register/
Traceback (most recent call last):
  File "C:\Users\USER\Desktop\safariSalama_FD\venv\Lib\site-packages\asgiref\sync.py", line 552, in thread_handler
    raise exc_info[1]
  File "C:\Users\USER\Desktop\safariSalama_FD\venv\Lib\site-packages\django\core\handlers\exception.py", line 42, in inner
    response = await get_response(request)
               ^^^^^^^^^^^^^^^^^^^^^^^^^^^
  File "C:\Users\USER\Desktop\safariSalama_FD\venv\Lib\site-packages\asgiref\sync.py", line 552, in thread_handler
    raise exc_info[1]
  File "C:\Users\USER\Desktop\safariSalama_FD\venv\Lib\site-packages\django\core\handlers\base.py", line 253, in _get_response_async
    response = await wrapped_callback(
               ^^^^^^^^^^^^^^^^^^^^^^^
        request, *callback_args, **callback_kwargs
        ^^^^^^^^^^^^^^^^^^^^^^^^^^^^^^^^^^^^^^^^^^
    )
    ^
  File "C:\Users\USER\Desktop\safariSalama_FD\venv\Lib\site-packages\asgiref\sync.py", line 502, in __call__
    ret = await asyncio.shield(exec_coro)
          ^^^^^^^^^^^^^^^^^^^^^^^^^^^^^^^
  File "C:\Users\USER\AppData\Local\Programs\Python\Python314\Lib\concurrent\futures\thread.py", line 86, in run
    result = ctx.run(self.task)
  File "C:\Users\USER\AppData\Local\Programs\Python\Python314\Lib\concurrent\futures\thread.py", line 73, in run
    return fn(*args, **kwargs)
  File "C:\Users\USER\Desktop\safariSalama_FD\venv\Lib\site-packages\asgiref\sync.py", line 556, in thread_handler
    return func(*args, **kwargs)
  File "C:\Users\USER\Desktop\safariSalama_FD\schooltransport\views.py", line 65, in register
    return render(request, 'register.html')
  File "C:\Users\USER\Desktop\safariSalama_FD\venv\Lib\site-packages\django\shortcuts.py", line 24, in render
    content = loader.render_to_string(template_name, context, request, using=using)
  File "C:\Users\USER\Desktop\safariSalama_FD\venv\Lib\site-packages\django\template\loader.py", line 61, in render_to_string
    template = get_template(template_name, using=using)
  File "C:\Users\USER\Desktop\safariSalama_FD\venv\Lib\site-packages\django\template\loader.py", line 19, in get_template
    raise TemplateDoesNotExist(template_name, chain=chain)
django.template.exceptions.TemplateDoesNotExist: register.html
ERROR 2025-11-14 21:27:13,041 runserver 34288 18116 [35;1mHTTP GET /register/ 500 [0.31, 127.0.0.1:57860][0m
WARNING 2025-11-14 21:27:39,602 log 34288 23628 Forbidden (CSRF cookie not set.): /login/
WARNING 2025-11-14 21:27:39,611 runserver 34288 18116 [31;1mHTTP POST /login/ 403 [0.02, 127.0.0.1:57860][0m
WARNING 2025-11-14 21:27:42,879 log 34288 16304 Forbidden (CSRF cookie not set.): /login/
WARNING 2025-11-14 21:27:42,887 runserver 34288 18116 [31;1mHTTP POST /login/ 403 [0.02, 127.0.0.1:57860][0m
WARNING 2025-11-14 21:28:29,796 log 34288 12064 Forbidden (CSRF cookie not set.): /login/
WARNING 2025-11-14 21:28:29,803 runserver 34288 18116 [31;1mHTTP POST /login/ 403 [0.02, 127.0.0.1:57860][0m
WARNING 2025-11-14 21:28:31,409 log 34288 7668 Forbidden (CSRF cookie not set.): /login/
WARNING 2025-11-14 21:28:31,421 runserver 34288 18116 [31;1mHTTP POST /login/ 403 [0.02, 127.0.0.1:57860][0m
WARNING 2025-11-14 21:28:36,684 log 34288 35888 Forbidden (CSRF cookie not set.): /login/
WARNING 2025-11-14 21:28:36,695 runserver 34288 18116 [31;1mHTTP POST /login/ 403 [0.02, 127.0.0.1:57860][0m
WARNING 2025-11-14 21:28:38,150 log 34288 13712 Forbidden (CSRF cookie not set.): /login/
WARNING 2025-11-14 21:28:38,161 runserver 34288 18116 [31;1mHTTP POST /login/ 403 [0.03, 127.0.0.1:57860][0m
WARNING 2025-11-14 21:28:40,734 log 34288 27120 Forbidden (CSRF cookie not set.): /login/
WARNING 2025-11-14 21:28:40,741 runserver 34288 18116 [31;1mHTTP POST /login/ 403 [0.01, 127.0.0.1:57860][0m
WARNING 2025-11-14 21:28:45,480 log 34288 19588 Forbidden (CSRF cookie not set.): /login/
WARNING 2025-11-14 21:28:45,490 runserver 34288 18116 [31;1mHTTP POST /login/ 403 [0.02, 127.0.0.1:57860][0m
WARNING 2025-11-14 21:28:50,210 log 34288 34832 Forbidden (CSRF cookie not set.): /login/
WARNING 2025-11-14 21:28:50,222 runserver 34288 18116 [31;1mHTTP POST /login/ 403 [0.03, 127.0.0.1:57860][0m
WARNING 2025-11-14 21:28:53,540 log 34288 21300 Forbidden (CSRF cookie not set.): /login/
WARNING 2025-11-14 21:28:53,547 runserver 34288 18116 [31;1mHTTP POST /login/ 403 [0.01, 127.0.0.1:57860][0m
WARNING 2025-11-14 21:29:26,132 log 34288 27436 Not Found: /admin/
WARNING 2025-11-14 21:29:26,134 runserver 34288 18116 [33mHTTP GET /admin/ 404 [0.04, 127.0.0.1:57860][0m
INFO 2025-11-15 07:11:44,538 autoreload 34288 15320 C:\Users\USER\Desktop\safariSalama_FD\schooltransport\views.py changed, reloading.
INFO 2025-11-15 07:11:45,822 autoreload 8768 20904 Watching for file changes with StatReloader
INFO 2025-11-15 07:11:50,665 autoreload 8768 20904 C:\Users\USER\Desktop\safariSalama_FD\schooltransport\urls.py changed, reloading.
INFO 2025-11-15 07:11:51,668 autoreload 37452 28680 Watching for file changes with StatReloader
INFO 2025-11-15 07:12:47,486 autoreload 37452 28680 C:\Users\USER\Desktop\safariSalama_FD\schooltransport\urls.py changed, reloading.
INFO 2025-11-15 07:12:48,442 autoreload 37056 1692 Watching for file changes with StatReloader
INFO 2025-11-15 07:15:26,411 runserver 37056 15724 [32mHTTP GET /driver/ 302 [0.03, 127.0.0.1:54343][0m
WARNING 2025-11-15 07:15:26,437 log 37056 25656 Not Found: /accounts/login/
WARNING 2025-11-15 07:15:26,438 runserver 37056 15724 [33mHTTP GET /accounts/login/?next=/driver/ 404 [0.02, 127.0.0.1:54343][0m
INFO 2025-11-15 07:15:30,158 runserver 37056 15724 [32mHTTP GET /driver/ 302 [0.01, 127.0.0.1:54343][0m
WARNING 2025-11-15 07:15:30,170 log 37056 25656 Not Found: /accounts/login/
WARNING 2025-11-15 07:15:30,171 runserver 37056 15724 [33mHTTP GET /accounts/login/?next=/driver/ 404 [0.01, 127.0.0.1:54343][0m
INFO 2025-11-15 07:18:04,471 autoreload 37056 1692 C:\Users\USER\Desktop\safariSalama_FD\schooltransport\views.py changed, reloading.
INFO 2025-11-15 07:18:05,537 autoreload 3336 5012 Watching for file changes with StatReloader
INFO 2025-11-15 07:18:25,810 runserver 3336 38212 [32mHTTP GET /driver/ 302 [0.03, 127.0.0.1:64734][0m
WARNING 2025-11-15 07:18:25,834 log 3336 37736 Not Found: /accounts/login/
WARNING 2025-11-15 07:18:25,835 runserver 3336 38212 [33mHTTP GET /accounts/login/?next=/driver/ 404 [0.02, 127.0.0.1:64734][0m
INFO 2025-11-15 07:21:04,332 autoreload 3336 5012 C:\Users\USER\Desktop\safariSalama_FD\schooltransport\setting.py changed, reloading.
INFO 2025-11-15 07:21:05,362 autoreload 38416 21580 Watching for file changes with StatReloader
INFO 2025-11-15 07:21:22,541 autoreload 38068 7880 Watching for file changes with StatReloader
INFO 2025-11-15 07:22:10,501 autoreload 38416 21580 C:\Users\USER\Desktop\safariSalama_FD\schooltransport\urls.py changed, reloading.
INFO 2025-11-15 07:22:11,516 autoreload 17376 33592 Watching for file changes with StatReloader
INFO 2025-11-15 07:23:51,852 autoreload 17376 33592 C:\Users\USER\Desktop\safariSalama_FD\schooltransport\views.py changed, reloading.
INFO 2025-11-15 07:23:52,931 autoreload 36036 12680 Watching for file changes with StatReloader
INFO 2025-11-15 07:23:59,797 autoreload 36036 12680 C:\Users\USER\Desktop\safariSalama_FD\schooltransport\urls.py changed, reloading.
INFO 2025-11-15 07:24:00,780 autoreload 38748 38572 Watching for file changes with StatReloader
INFO 2025-11-15 07:24:47,977 autoreload 3620 32088 Watching for file changes with StatReloader
INFO 2025-11-15 07:26:16,449 runserver 3620 35688 [32mHTTP GET / 302 [0.02, 127.0.0.1:57399][0m
INFO 2025-11-15 07:26:16,472 runserver 3620 35688 [mHTTP GET /login/ 200 [0.02, 127.0.0.1:57399][0m
INFO 2025-11-15 07:26:27,235 runserver 3620 35688 [mHTTP GET /login/ 200 [0.01, 127.0.0.1:57399][0m
ERROR 2025-11-15 07:26:30,636 log 3620 13484 Internal Server Error: /register/
Traceback (most recent call last):
  File "C:\Users\USER\Desktop\safariSalama_FD\venv\Lib\site-packages\asgiref\sync.py", line 552, in thread_handler
    raise exc_info[1]
  File "C:\Users\USER\Desktop\safariSalama_FD\venv\Lib\site-packages\django\core\handlers\exception.py", line 42, in inner
    response = await get_response(request)
               ^^^^^^^^^^^^^^^^^^^^^^^^^^^
  File "C:\Users\USER\Desktop\safariSalama_FD\venv\Lib\site-packages\asgiref\sync.py", line 552, in thread_handler
    raise exc_info[1]
  File "C:\Users\USER\Desktop\safariSalama_FD\venv\Lib\site-packages\django\core\handlers\base.py", line 253, in _get_response_async
    response = await wrapped_callback(
               ^^^^^^^^^^^^^^^^^^^^^^^
        request, *callback_args, **callback_kwargs
        ^^^^^^^^^^^^^^^^^^^^^^^^^^^^^^^^^^^^^^^^^^
    )
    ^
  File "C:\Users\USER\Desktop\safariSalama_FD\venv\Lib\site-packages\asgiref\sync.py", line 502, in __call__
    ret = await asyncio.shield(exec_coro)
          ^^^^^^^^^^^^^^^^^^^^^^^^^^^^^^^
  File "C:\Users\USER\AppData\Local\Programs\Python\Python314\Lib\concurrent\futures\thread.py", line 86, in run
    result = ctx.run(self.task)
  File "C:\Users\USER\AppData\Local\Programs\Python\Python314\Lib\concurrent\futures\thread.py", line 73, in run
    return fn(*args, **kwargs)
  File "C:\Users\USER\Desktop\safariSalama_FD\venv\Lib\site-packages\asgiref\sync.py", line 556, in thread_handler
    return func(*args, **kwargs)
  File "C:\Users\USER\Desktop\safariSalama_FD\schooltransport\views.py", line 89, in register
    return render(request, 'register.html')
  File "C:\Users\USER\Desktop\safariSalama_FD\venv\Lib\site-packages\django\shortcuts.py", line 24, in render
    content = loader.render_to_string(template_name, context, request, using=using)
  File "C:\Users\USER\Desktop\safariSalama_FD\venv\Lib\site-packages\django\template\loader.py", line 61, in render_to_string
    template = get_template(template_name, using=using)
  File "C:\Users\USER\Desktop\safariSalama_FD\venv\Lib\site-packages\django\template\loader.py", line 19, in get_template
    raise TemplateDoesNotExist(template_name, chain=chain)
django.template.exceptions.TemplateDoesNotExist: register.html
ERROR 2025-11-15 07:26:30,642 runserver 3620 35688 [35;1mHTTP GET /register/ 500 [0.04, 127.0.0.1:57399][0m
INFO 2025-11-15 07:27:17,821 autoreload 3620 32088 C:\Users\USER\Desktop\safariSalama_FD\schooltransport\setting.py changed, reloading.
INFO 2025-11-15 07:27:18,853 autoreload 15096 38128 Watching for file changes with StatReloader
INFO 2025-11-15 07:27:22,451 runserver 15096 30152 [32mHTTP GET /driver/ 302 [0.01, 127.0.0.1:63361][0m
INFO 2025-11-15 07:27:22,462 runserver 15096 30152 [mHTTP GET /login/?next=/driver/ 200 [0.01, 127.0.0.1:63361][0m
WARNING 2025-11-15 07:27:35,094 log 15096 10724 Forbidden (CSRF cookie not set.): /login/
WARNING 2025-11-15 07:27:35,096 runserver 15096 30152 [31;1mHTTP POST /login/ 403 [0.01, 127.0.0.1:63361][0m
WARNING 2025-11-15 07:27:36,988 log 15096 36048 Forbidden (CSRF cookie not set.): /login/
WARNING 2025-11-15 07:27:36,990 runserver 15096 30152 [31;1mHTTP POST /login/ 403 [0.01, 127.0.0.1:63361][0m
WARNING 2025-11-15 07:27:40,603 log 15096 8592 Forbidden (CSRF cookie not set.): /login/
WARNING 2025-11-15 07:27:40,606 runserver 15096 30152 [31;1mHTTP POST /login/ 403 [0.01, 127.0.0.1:63361][0m
WARNING 2025-11-15 07:27:45,458 log 15096 7880 Forbidden (CSRF cookie not set.): /login/
WARNING 2025-11-15 07:27:45,464 runserver 15096 30152 [31;1mHTTP POST /login/ 403 [0.02, 127.0.0.1:63361][0m
ERROR 2025-11-15 07:27:55,898 log 15096 3592 Internal Server Error: /register/
Traceback (most recent call last):
  File "C:\Users\USER\Desktop\safariSalama_FD\venv\Lib\site-packages\asgiref\sync.py", line 552, in thread_handler
    raise exc_info[1]
  File "C:\Users\USER\Desktop\safariSalama_FD\venv\Lib\site-packages\django\core\handlers\exception.py", line 42, in inner
    response = await get_response(request)
               ^^^^^^^^^^^^^^^^^^^^^^^^^^^
  File "C:\Users\USER\Desktop\safariSalama_FD\venv\Lib\site-packages\asgiref\sync.py", line 552, in thread_handler
    raise exc_info[1]
  File "C:\Users\USER\Desktop\safariSalama_FD\venv\Lib\site-packages\django\core\handlers\base.py", line 253, in _get_response_async
    response = await wrapped_callback(
               ^^^^^^^^^^^^^^^^^^^^^^^
        request, *callback_args, **callback_kwargs
        ^^^^^^^^^^^^^^^^^^^^^^^^^^^^^^^^^^^^^^^^^^
    )
    ^
  File "C:\Users\USER\Desktop\safariSalama_FD\venv\Lib\site-packages\asgiref\sync.py", line 502, in __call__
    ret = await asyncio.shield(exec_coro)
          ^^^^^^^^^^^^^^^^^^^^^^^^^^^^^^^
  File "C:\Users\USER\AppData\Local\Programs\Python\Python314\Lib\concurrent\futures\thread.py", line 86, in run
    result = ctx.run(self.task)
  File "C:\Users\USER\AppData\Local\Programs\Python\Python314\Lib\concurrent\futures\thread.py", line 73, in run
    return fn(*args, **kwargs)
  File "C:\Users\USER\Desktop\safariSalama_FD\venv\Lib\site-packages\asgiref\sync.py", line 556, in thread_handler
    return func(*args, **kwargs)
  File "C:\Users\USER\Desktop\safariSalama_FD\schooltransport\views.py", line 89, in register
    return render(request, 'register.html')
  File "C:\Users\USER\Desktop\safariSalama_FD\venv\Lib\site-packages\django\shortcuts.py", line 24, in render
    content = loader.render_to_string(template_name, context, request, using=using)
  File "C:\Users\USER\Desktop\safariSalama_FD\venv\Lib\site-packages\django\template\loader.py", line 61, in render_to_string
    template = get_template(template_name, using=using)
  File "C:\Users\USER\Desktop\safariSalama_FD\venv\Lib\site-packages\django\template\loader.py", line 19, in get_template
    raise TemplateDoesNotExist(template_name, chain=chain)
django.template.exceptions.TemplateDoesNotExist: register.html
ERROR 2025-11-15 07:27:55,905 runserver 15096 30152 [35;1mHTTP GET /register/ 500 [0.06, 127.0.0.1:63361][0m
INFO 2025-11-15 07:29:39,549 autoreload 15096 38128 C:\Users\USER\Desktop\safariSalama_FD\schooltransport\views.py changed, reloading.
INFO 2025-11-15 07:29:40,697 autoreload 18688 34472 Watching for file changes with StatReloader
INFO 2025-11-15 07:29:50,659 autoreload 18688 34472 C:\Users\USER\Desktop\safariSalama_FD\schooltransport\urls.py changed, reloading.
INFO 2025-11-15 07:29:51,668 autoreload 35352 36316 Watching for file changes with StatReloader
INFO 2025-11-15 07:32:14,582 autoreload 13820 5032 Watching for file changes with StatReloader
INFO 2025-11-15 07:33:56,105 autoreload 13820 5032 C:\Users\USER\Desktop\safariSalama_FD\schooltransport\views.py changed, reloading.
INFO 2025-11-15 07:33:57,116 autoreload 37176 36180 Watching for file changes with StatReloader
INFO 2025-11-15 07:56:43,007 autoreload 36688 23848 Watching for file changes with StatReloader
INFO 2025-11-15 07:57:23,830 runserver 36688 31804 [mHTTP GET /login/?id=a976624c-a6b1-4949-891b-8c452824e5dc&vscodeBrowserReqId=1763182643454 200 [0.05, 127.0.0.1:55815][0m
INFO 2025-11-15 07:57:56,732 autoreload 36688 23848 C:\Users\USER\Desktop\safariSalama_FD\schooltransport\urls.py changed, reloading.
INFO 2025-11-15 07:57:57,774 autoreload 25384 35132 Watching for file changes with StatReloader
INFO 2025-11-15 07:58:41,682 runserver 25384 6152 [32mHTTP GET /guardian?id=a976624c-a6b1-4949-891b-8c452824e5dc&vscodeBrowserReqId=1763182721233 301 [0.12, 127.0.0.1:59213][0m
INFO 2025-11-15 07:58:41,693 runserver 25384 6152 [32mHTTP GET /guardian/?id=a976624c-a6b1-4949-891b-8c452824e5dc&vscodeBrowserReqId=1763182721233 302 [0.01, 127.0.0.1:59213][0m
INFO 2025-11-15 07:58:41,742 runserver 25384 6152 [mHTTP GET /login/?next=/guardian/%3Fid%3Da976624c-a6b1-4949-891b-8c452824e5dc%26vscodeBrowserReqId%3D1763182721233 200 [0.04, 127.0.0.1:59213][0m
INFO 2025-11-15 07:58:44,534 runserver 25384 6152 [32mHTTP GET /guardian?id=a976624c-a6b1-4949-891b-8c452824e5dc&vscodeBrowserReqId=1763182724520 301 [0.01, 127.0.0.1:59213][0m
INFO 2025-11-15 07:58:44,542 runserver 25384 6152 [32mHTTP GET /guardian/?id=a976624c-a6b1-4949-891b-8c452824e5dc&vscodeBrowserReqId=1763182724520 302 [0.00, 127.0.0.1:59213][0m
INFO 2025-11-15 07:58:44,549 runserver 25384 6152 [mHTTP GET /login/?next=/guardian/%3Fid%3Da976624c-a6b1-4949-891b-8c452824e5dc%26vscodeBrowserReqId%3D1763182724520 200 [0.00, 127.0.0.1:59213][0m
INFO 2025-11-15 07:58:45,921 runserver 25384 6152 [32mHTTP GET /guardian?id=a976624c-a6b1-4949-891b-8c452824e5dc&vscodeBrowserReqId=1763182725894 301 [0.01, 127.0.0.1:59213][0m
INFO 2025-11-15 07:58:45,930 runserver 25384 6152 [32mHTTP GET /guardian/?id=a976624c-a6b1-4949-891b-8c452824e5dc&vscodeBrowserReqId=1763182725894 302 [0.01, 127.0.0.1:59213][0m
INFO 2025-11-15 07:58:45,939 runserver 25384 6152 [mHTTP GET /login/?next=/guardian/%3Fid%3Da976624c-a6b1-4949-891b-8c452824e5dc%26vscodeBrowserReqId%3D1763182725894 200 [0.01, 127.0.0.1:59213][0m
INFO 2025-11-15 08:01:00,668 runserver 25384 6152 [mHTTP GET /login/ 200 [0.01, 127.0.0.1:63803][0m
ERROR 2025-11-15 08:01:21,507 log 25384 34572 Internal Server Error: /login/
Traceback (most recent call last):
  File "C:\Users\USER\Desktop\safariSalama_FD\venv\Lib\site-packages\asgiref\sync.py", line 552, in thread_handler
    raise exc_info[1]
  File "C:\Users\USER\Desktop\safariSalama_FD\venv\Lib\site-packages\django\core\handlers\exception.py", line 42, in inner
    response = await get_response(request)
               ^^^^^^^^^^^^^^^^^^^^^^^^^^^
  File "C:\Users\USER\Desktop\safariSalama_FD\venv\Lib\site-packages\asgiref\sync.py", line 552, in thread_handler
    raise exc_info[1]
  File "C:\Users\USER\Desktop\safariSalama_FD\venv\Lib\site-packages\django\core\handlers\base.py", line 253, in _get_response_async
    response = await wrapped_callback(
               ^^^^^^^^^^^^^^^^^^^^^^^
        request, *callback_args, **callback_kwargs
        ^^^^^^^^^^^^^^^^^^^^^^^^^^^^^^^^^^^^^^^^^^
    )
    ^
  File "C:\Users\USER\Desktop\safariSalama_FD\venv\Lib\site-packages\asgiref\sync.py", line 502, in __call__
    ret = await asyncio.shield(exec_coro)
          ^^^^^^^^^^^^^^^^^^^^^^^^^^^^^^^
  File "C:\Users\USER\AppData\Local\Programs\Python\Python314\Lib\concurrent\futures\thread.py", line 86, in run
    result = ctx.run(self.task)
  File "C:\Users\USER\AppData\Local\Programs\Python\Python314\Lib\concurrent\futures\thread.py", line 73, in run
    return fn(*args, **kwargs)
  File "C:\Users\USER\Desktop\safariSalama_FD\venv\Lib\site-packages\asgiref\sync.py", line 556, in thread_handler
    return func(*args, **kwargs)
  File "C:\Users\USER\Desktop\safariSalama_FD\schooltransport\views.py", line 97, in login_view
    data = json.loads(request.body)
  File "C:\Users\USER\AppData\Local\Programs\Python\Python314\Lib\json\__init__.py", line 346, in loads
    return _default_decoder.decode(s)
           ~~~~~~~~~~~~~~~~~~~~~~~^^^
  File "C:\Users\USER\AppData\Local\Programs\Python\Python314\Lib\json\decoder.py", line 345, in decode
    obj, end = self.raw_decode(s, idx=_w(s, 0).end())
               ~~~~~~~~~~~~~~~^^^^^^^^^^^^^^^^^^^^^^^
  File "C:\Users\USER\AppData\Local\Programs\Python\Python314\Lib\json\decoder.py", line 363, in raw_decode
    raise JSONDecodeError("Expecting value", s, err.value) from None
json.decoder.JSONDecodeError: Expecting value: line 1 column 1 (char 0)
ERROR 2025-11-15 08:01:21,515 runserver 25384 6152 [35;1mHTTP POST /login/ 500 [0.15, 127.0.0.1:63803][0m
INFO 2025-11-15 08:01:51,654 runserver 25384 6152 [mHTTP GET /login/ 200 [0.00, 127.0.0.1:63803][0m
ERROR 2025-11-15 08:02:28,197 log 25384 34572 Internal Server Error: /register/
Traceback (most recent call last):
  File "C:\Users\USER\Desktop\safariSalama_FD\venv\Lib\site-packages\asgiref\sync.py", line 552, in thread_handler
    raise exc_info[1]
  File "C:\Users\USER\Desktop\safariSalama_FD\venv\Lib\site-packages\django\core\handlers\exception.py", line 42, in inner
    response = await get_response(request)
               ^^^^^^^^^^^^^^^^^^^^^^^^^^^
  File "C:\Users\USER\Desktop\safariSalama_FD\venv\Lib\site-packages\asgiref\sync.py", line 552, in thread_handler
    raise exc_info[1]
  File "C:\Users\USER\Desktop\safariSalama_FD\venv\Lib\site-packages\django\core\handlers\base.py", line 253, in _get_response_async
    response = await wrapped_callback(
               ^^^^^^^^^^^^^^^^^^^^^^^
        request, *callback_args, **callback_kwargs
        ^^^^^^^^^^^^^^^^^^^^^^^^^^^^^^^^^^^^^^^^^^
    )
    ^
  File "C:\Users\USER\Desktop\safariSalama_FD\venv\Lib\site-packages\asgiref\sync.py", line 502, in __call__
    ret = await asyncio.shield(exec_coro)
          ^^^^^^^^^^^^^^^^^^^^^^^^^^^^^^^
  File "C:\Users\USER\AppData\Local\Programs\Python\Python314\Lib\concurrent\futures\thread.py", line 86, in run
    result = ctx.run(self.task)
  File "C:\Users\USER\AppData\Local\Programs\Python\Python314\Lib\concurrent\futures\thread.py", line 73, in run
    return fn(*args, **kwargs)
  File "C:\Users\USER\Desktop\safariSalama_FD\venv\Lib\site-packages\asgiref\sync.py", line 556, in thread_handler
    return func(*args, **kwargs)
  File "C:\Users\USER\Desktop\safariSalama_FD\schooltransport\views.py", line 53, in register
    data = json.loads(request.body)
  File "C:\Users\USER\AppData\Local\Programs\Python\Python314\Lib\json\__init__.py", line 346, in loads
    return _default_decoder.decode(s)
           ~~~~~~~~~~~~~~~~~~~~~~~^^^
  File "C:\Users\USER\AppData\Local\Programs\Python\Python314\Lib\json\decoder.py", line 345, in decode
    obj, end = self.raw_decode(s, idx=_w(s, 0).end())
               ~~~~~~~~~~~~~~~^^^^^^^^^^^^^^^^^^^^^^^
  File "C:\Users\USER\AppData\Local\Programs\Python\Python314\Lib\json\decoder.py", line 363, in raw_decode
    raise JSONDecodeError("Expecting value", s, err.value) from None
json.decoder.JSONDecodeError: Expecting value: line 1 column 1 (char 0)
ERROR 2025-11-15 08:02:28,201 runserver 25384 6152 [35;1mHTTP POST /register/ 500 [0.02, 127.0.0.1:63803][0m
INFO 2025-11-15 08:05:06,684 autoreload 11376 37812 Watching for file changes with StatReloader
INFO 2025-11-15 08:05:57,441 runserver 25384 6152 [mHTTP GET /login/ 200 [0.01, 127.0.0.1:54679][0m
ERROR 2025-11-15 08:06:12,018 log 25384 34572 Internal Server Error: /login/
Traceback (most recent call last):
  File "C:\Users\USER\Desktop\safariSalama_FD\venv\Lib\site-packages\asgiref\sync.py", line 552, in thread_handler
    raise exc_info[1]
  File "C:\Users\USER\Desktop\safariSalama_FD\venv\Lib\site-packages\django\core\handlers\exception.py", line 42, in inner
    response = await get_response(request)
               ^^^^^^^^^^^^^^^^^^^^^^^^^^^
  File "C:\Users\USER\Desktop\safariSalama_FD\venv\Lib\site-packages\asgiref\sync.py", line 552, in thread_handler
    raise exc_info[1]
  File "C:\Users\USER\Desktop\safariSalama_FD\venv\Lib\site-packages\django\core\handlers\base.py", line 253, in _get_response_async
    response = await wrapped_callback(
               ^^^^^^^^^^^^^^^^^^^^^^^
        request, *callback_args, **callback_kwargs
        ^^^^^^^^^^^^^^^^^^^^^^^^^^^^^^^^^^^^^^^^^^
    )
    ^
  File "C:\Users\USER\Desktop\safariSalama_FD\venv\Lib\site-packages\asgiref\sync.py", line 502, in __call__
    ret = await asyncio.shield(exec_coro)
          ^^^^^^^^^^^^^^^^^^^^^^^^^^^^^^^
  File "C:\Users\USER\AppData\Local\Programs\Python\Python314\Lib\concurrent\futures\thread.py", line 86, in run
    result = ctx.run(self.task)
  File "C:\Users\USER\AppData\Local\Programs\Python\Python314\Lib\concurrent\futures\thread.py", line 73, in run
    return fn(*args, **kwargs)
  File "C:\Users\USER\Desktop\safariSalama_FD\venv\Lib\site-packages\asgiref\sync.py", line 556, in thread_handler
    return func(*args, **kwargs)
  File "C:\Users\USER\Desktop\safariSalama_FD\schooltransport\views.py", line 97, in login_view
    data = json.loads(request.body)
  File "C:\Users\USER\AppData\Local\Programs\Python\Python314\Lib\json\__init__.py", line 346, in loads
    return _default_decoder.decode(s)
           ~~~~~~~~~~~~~~~~~~~~~~~^^^
  File "C:\Users\USER\AppData\Local\Programs\Python\Python314\Lib\json\decoder.py", line 345, in decode
    obj, end = self.raw_decode(s, idx=_w(s, 0).end())
               ~~~~~~~~~~~~~~~^^^^^^^^^^^^^^^^^^^^^^^
  File "C:\Users\USER\AppData\Local\Programs\Python\Python314\Lib\json\decoder.py", line 363, in raw_decode
    raise JSONDecodeError("Expecting value", s, err.value) from None
json.decoder.JSONDecodeError: Expecting value: line 1 column 1 (char 0)
ERROR 2025-11-15 08:06:12,022 runserver 25384 6152 [35;1mHTTP POST /login/ 500 [0.02, 127.0.0.1:54679][0m
INFO 2025-11-15 08:10:20,553 autoreload 11376 37812 C:\Users\USER\Desktop\safariSalama_FD\schooltransport\views.py changed, reloading.
INFO 2025-11-15 08:10:20,936 autoreload 25384 35132 C:\Users\USER\Desktop\safariSalama_FD\schooltransport\views.py changed, reloading.
INFO 2025-11-15 08:10:21,604 autoreload 32752 32396 Watching for file changes with StatReloader
INFO 2025-11-15 08:10:21,965 autoreload 37960 13056 Watching for file changes with StatReloader
INFO 2025-11-15 08:10:27,415 autoreload 32752 32396 C:\Users\USER\Desktop\safariSalama_FD\schooltransport\views.py changed, reloading.
INFO 2025-11-15 08:10:27,725 autoreload 37960 13056 C:\Users\USER\Desktop\safariSalama_FD\schooltransport\views.py changed, reloading.
INFO 2025-11-15 08:10:28,404 autoreload 38444 34196 Watching for file changes with StatReloader
INFO 2025-11-15 08:10:28,725 autoreload 1092 37668 Watching for file changes with StatReloader
INFO 2025-11-15 08:10:56,669 autoreload 35196 17540 Watching for file changes with StatReloader
INFO 2025-11-15 08:11:37,547 autoreload 28352 38064 Watching for file changes with StatReloader
INFO 2025-11-15 08:11:45,231 runserver 28352 2376 [mHTTP GET /login/?id=a976624c-a6b1-4949-891b-8c452824e5dc&vscodeBrowserReqId=1763183504872 200 [0.05, 127.0.0.1:64480][0m
INFO 2025-11-15 08:12:42,516 runserver 28352 2376 [mHTTP GET /login/ 200 [0.01, 127.0.0.1:56899][0m
INFO 2025-11-15 08:12:58,467 runserver 28352 2376 [32mHTTP POST /login/ 302 [0.46, 127.0.0.1:56899][0m
INFO 2025-11-15 08:12:58,481 runserver 28352 2376 [32mHTTP GET / 302 [0.01, 127.0.0.1:56899][0m
ERROR 2025-11-15 08:12:58,678 log 28352 7604 Internal Server Error: /driver/
Traceback (most recent call last):
  File "C:\Users\USER\Desktop\safariSalama_FD\venv\Lib\site-packages\asgiref\sync.py", line 552, in thread_handler
    raise exc_info[1]
  File "C:\Users\USER\Desktop\safariSalama_FD\venv\Lib\site-packages\django\core\handlers\exception.py", line 42, in inner
    response = await get_response(request)
               ^^^^^^^^^^^^^^^^^^^^^^^^^^^
  File "C:\Users\USER\Desktop\safariSalama_FD\venv\Lib\site-packages\asgiref\sync.py", line 552, in thread_handler
    raise exc_info[1]
  File "C:\Users\USER\Desktop\safariSalama_FD\venv\Lib\site-packages\django\core\handlers\base.py", line 253, in _get_response_async
    response = await wrapped_callback(
               ^^^^^^^^^^^^^^^^^^^^^^^
        request, *callback_args, **callback_kwargs
        ^^^^^^^^^^^^^^^^^^^^^^^^^^^^^^^^^^^^^^^^^^
    )
    ^
  File "C:\Users\USER\Desktop\safariSalama_FD\venv\Lib\site-packages\asgiref\sync.py", line 502, in __call__
    ret = await asyncio.shield(exec_coro)
          ^^^^^^^^^^^^^^^^^^^^^^^^^^^^^^^
  File "C:\Users\USER\AppData\Local\Programs\Python\Python314\Lib\concurrent\futures\thread.py", line 86, in run
    result = ctx.run(self.task)
  File "C:\Users\USER\AppData\Local\Programs\Python\Python314\Lib\concurrent\futures\thread.py", line 73, in run
    return fn(*args, **kwargs)
  File "C:\Users\USER\Desktop\safariSalama_FD\venv\Lib\site-packages\asgiref\sync.py", line 556, in thread_handler
    return func(*args, **kwargs)
  File "C:\Users\USER\Desktop\safariSalama_FD\venv\Lib\site-packages\django\contrib\auth\decorators.py", line 23, in _wrapper_view
    return view_func(request, *args, **kwargs)
  File "C:\Users\USER\Desktop\safariSalama_FD\schooltransport\views.py", line 233, in driver_landing
    return render(request, 'driver/landing.html', context)
  File "C:\Users\USER\Desktop\safariSalama_FD\venv\Lib\site-packages\django\shortcuts.py", line 24, in render
    content = loader.render_to_string(template_name, context, request, using=using)
  File "C:\Users\USER\Desktop\safariSalama_FD\venv\Lib\site-packages\django\template\loader.py", line 61, in render_to_string
    template = get_template(template_name, using=using)
  File "C:\Users\USER\Desktop\safariSalama_FD\venv\Lib\site-packages\django\template\loader.py", line 15, in get_template
    return engine.get_template(template_name)
           ~~~~~~~~~~~~~~~~~~~^^^^^^^^^^^^^^^
  File "C:\Users\USER\Desktop\safariSalama_FD\venv\Lib\site-packages\django\template\backends\django.py", line 33, in get_template
    return Template(self.engine.get_template(template_name), self)
                    ~~~~~~~~~~~~~~~~~~~~~~~~^^^^^^^^^^^^^^^
  File "C:\Users\USER\Desktop\safariSalama_FD\venv\Lib\site-packages\django\template\engine.py", line 175, in get_template
    template, origin = self.find_template(template_name)
                       ~~~~~~~~~~~~~~~~~~^^^^^^^^^^^^^^^
  File "C:\Users\USER\Desktop\safariSalama_FD\venv\Lib\site-packages\django\template\engine.py", line 157, in find_template
    template = loader.get_template(name, skip=skip)
  File "C:\Users\USER\Desktop\safariSalama_FD\venv\Lib\site-packages\django\template\loaders\cached.py", line 57, in get_template
    template = super().get_template(template_name, skip)
  File "C:\Users\USER\Desktop\safariSalama_FD\venv\Lib\site-packages\django\template\loaders\base.py", line 28, in get_template
    return Template(
        contents,
    ...<2 lines>...
        self.engine,
    )
  File "C:\Users\USER\Desktop\safariSalama_FD\venv\Lib\site-packages\django\template\base.py", line 154, in __init__
    self.nodelist = self.compile_nodelist()
                    ~~~~~~~~~~~~~~~~~~~~~^^
  File "C:\Users\USER\Desktop\safariSalama_FD\venv\Lib\site-packages\django\template\base.py", line 200, in compile_nodelist
    return parser.parse()
           ~~~~~~~~~~~~^^
  File "C:\Users\USER\Desktop\safariSalama_FD\venv\Lib\site-packages\django\template\base.py", line 484, in parse
    raise self.error(token, e)
  File "C:\Users\USER\Desktop\safariSalama_FD\venv\Lib\site-packages\django\template\base.py", line 482, in parse
    filter_expression = self.compile_filter(token.contents)
  File "C:\Users\USER\Desktop\safariSalama_FD\venv\Lib\site-packages\django\template\base.py", line 600, in compile_filter
    return FilterExpression(token, self)
  File "C:\Users\USER\Desktop\safariSalama_FD\venv\Lib\site-packages\django\template\base.py", line 703, in __init__
    raise TemplateSyntaxError(
    ...<2 lines>...
    )
django.template.exceptions.TemplateSyntaxError: Could not parse the remainder: ' if bus else ''' from 'bus.id if bus else '''
ERROR 2025-11-15 08:12:58,685 runserver 28352 2376 [35;1mHTTP GET /driver/ 500 [0.20, 127.0.0.1:56899][0m
INFO 2025-11-15 08:13:14,597 autoreload 28352 38064 C:\Users\USER\Desktop\safariSalama_FD\schooltransport\views.py changed, reloading.
INFO 2025-11-15 08:13:15,596 autoreload 16432 35384 Watching for file changes with StatReloader
ERROR 2025-11-15 08:13:52,210 log 16432 17092 Internal Server Error: /driver/
Traceback (most recent call last):
  File "C:\Users\USER\Desktop\safariSalama_FD\venv\Lib\site-packages\asgiref\sync.py", line 552, in thread_handler
    raise exc_info[1]
  File "C:\Users\USER\Desktop\safariSalama_FD\venv\Lib\site-packages\django\core\handlers\exception.py", line 42, in inner
    response = await get_response(request)
               ^^^^^^^^^^^^^^^^^^^^^^^^^^^
  File "C:\Users\USER\Desktop\safariSalama_FD\venv\Lib\site-packages\asgiref\sync.py", line 552, in thread_handler
    raise exc_info[1]
  File "C:\Users\USER\Desktop\safariSalama_FD\venv\Lib\site-packages\django\core\handlers\base.py", line 253, in _get_response_async
    response = await wrapped_callback(
               ^^^^^^^^^^^^^^^^^^^^^^^
        request, *callback_args, **callback_kwargs
        ^^^^^^^^^^^^^^^^^^^^^^^^^^^^^^^^^^^^^^^^^^
    )
    ^
  File "C:\Users\USER\Desktop\safariSalama_FD\venv\Lib\site-packages\asgiref\sync.py", line 502, in __call__
    ret = await asyncio.shield(exec_coro)
          ^^^^^^^^^^^^^^^^^^^^^^^^^^^^^^^
  File "C:\Users\USER\AppData\Local\Programs\Python\Python314\Lib\concurrent\futures\thread.py", line 86, in run
    result = ctx.run(self.task)
  File "C:\Users\USER\AppData\Local\Programs\Python\Python314\Lib\concurrent\futures\thread.py", line 73, in run
    return fn(*args, **kwargs)
  File "C:\Users\USER\Desktop\safariSalama_FD\venv\Lib\site-packages\asgiref\sync.py", line 556, in thread_handler
    return func(*args, **kwargs)
  File "C:\Users\USER\Desktop\safariSalama_FD\venv\Lib\site-packages\django\contrib\auth\decorators.py", line 23, in _wrapper_view
    return view_func(request, *args, **kwargs)
  File "C:\Users\USER\Desktop\safariSalama_FD\schooltransport\views.py", line 233, in driver_landing
    return render(request, 'driver/landing.html', context)
  File "C:\Users\USER\Desktop\safariSalama_FD\venv\Lib\site-packages\django\shortcuts.py", line 24, in render
    content = loader.render_to_string(template_name, context, request, using=using)
  File "C:\Users\USER\Desktop\safariSalama_FD\venv\Lib\site-packages\django\template\loader.py", line 61, in render_to_string
    template = get_template(template_name, using=using)
  File "C:\Users\USER\Desktop\safariSalama_FD\venv\Lib\site-packages\django\template\loader.py", line 15, in get_template
    return engine.get_template(template_name)
           ~~~~~~~~~~~~~~~~~~~^^^^^^^^^^^^^^^
  File "C:\Users\USER\Desktop\safariSalama_FD\venv\Lib\site-packages\django\template\backends\django.py", line 33, in get_template
    return Template(self.engine.get_template(template_name), self)
                    ~~~~~~~~~~~~~~~~~~~~~~~~^^^^^^^^^^^^^^^
  File "C:\Users\USER\Desktop\safariSalama_FD\venv\Lib\site-packages\django\template\engine.py", line 175, in get_template
    template, origin = self.find_template(template_name)
                       ~~~~~~~~~~~~~~~~~~^^^^^^^^^^^^^^^
  File "C:\Users\USER\Desktop\safariSalama_FD\venv\Lib\site-packages\django\template\engine.py", line 157, in find_template
    template = loader.get_template(name, skip=skip)
  File "C:\Users\USER\Desktop\safariSalama_FD\venv\Lib\site-packages\django\template\loaders\cached.py", line 57, in get_template
    template = super().get_template(template_name, skip)
  File "C:\Users\USER\Desktop\safariSalama_FD\venv\Lib\site-packages\django\template\loaders\base.py", line 28, in get_template
    return Template(
        contents,
    ...<2 lines>...
        self.engine,
    )
  File "C:\Users\USER\Desktop\safariSalama_FD\venv\Lib\site-packages\django\template\base.py", line 154, in __init__
    self.nodelist = self.compile_nodelist()
                    ~~~~~~~~~~~~~~~~~~~~~^^
  File "C:\Users\USER\Desktop\safariSalama_FD\venv\Lib\site-packages\django\template\base.py", line 200, in compile_nodelist
    return parser.parse()
           ~~~~~~~~~~~~^^
  File "C:\Users\USER\Desktop\safariSalama_FD\venv\Lib\site-packages\django\template\base.py", line 484, in parse
    raise self.error(token, e)
  File "C:\Users\USER\Desktop\safariSalama_FD\venv\Lib\site-packages\django\template\base.py", line 482, in parse
    filter_expression = self.compile_filter(token.contents)
  File "C:\Users\USER\Desktop\safariSalama_FD\venv\Lib\site-packages\django\template\base.py", line 600, in compile_filter
    return FilterExpression(token, self)
  File "C:\Users\USER\Desktop\safariSalama_FD\venv\Lib\site-packages\django\template\base.py", line 703, in __init__
    raise TemplateSyntaxError(
    ...<2 lines>...
    )
django.template.exceptions.TemplateSyntaxError: Could not parse the remainder: ' if bus else ''' from 'bus.id if bus else '''
ERROR 2025-11-15 08:13:52,218 runserver 16432 22536 [35;1mHTTP GET /driver/ 500 [0.12, 127.0.0.1:51418][0m
ERROR 2025-11-15 08:13:53,327 log 16432 17092 Internal Server Error: /driver/
Traceback (most recent call last):
  File "C:\Users\USER\Desktop\safariSalama_FD\venv\Lib\site-packages\asgiref\sync.py", line 552, in thread_handler
    raise exc_info[1]
  File "C:\Users\USER\Desktop\safariSalama_FD\venv\Lib\site-packages\django\core\handlers\exception.py", line 42, in inner
    response = await get_response(request)
               ^^^^^^^^^^^^^^^^^^^^^^^^^^^
  File "C:\Users\USER\Desktop\safariSalama_FD\venv\Lib\site-packages\asgiref\sync.py", line 552, in thread_handler
    raise exc_info[1]
  File "C:\Users\USER\Desktop\safariSalama_FD\venv\Lib\site-packages\django\core\handlers\base.py", line 253, in _get_response_async
    response = await wrapped_callback(
               ^^^^^^^^^^^^^^^^^^^^^^^
        request, *callback_args, **callback_kwargs
        ^^^^^^^^^^^^^^^^^^^^^^^^^^^^^^^^^^^^^^^^^^
    )
    ^
  File "C:\Users\USER\Desktop\safariSalama_FD\venv\Lib\site-packages\asgiref\sync.py", line 502, in __call__
    ret = await asyncio.shield(exec_coro)
          ^^^^^^^^^^^^^^^^^^^^^^^^^^^^^^^
  File "C:\Users\USER\AppData\Local\Programs\Python\Python314\Lib\concurrent\futures\thread.py", line 86, in run
    result = ctx.run(self.task)
  File "C:\Users\USER\AppData\Local\Programs\Python\Python314\Lib\concurrent\futures\thread.py", line 73, in run
    return fn(*args, **kwargs)
  File "C:\Users\USER\Desktop\safariSalama_FD\venv\Lib\site-packages\asgiref\sync.py", line 556, in thread_handler
    return func(*args, **kwargs)
  File "C:\Users\USER\Desktop\safariSalama_FD\venv\Lib\site-packages\django\contrib\auth\decorators.py", line 23, in _wrapper_view
    return view_func(request, *args, **kwargs)
  File "C:\Users\USER\Desktop\safariSalama_FD\schooltransport\views.py", line 233, in driver_landing
    return render(request, 'driver/landing.html', context)
  File "C:\Users\USER\Desktop\safariSalama_FD\venv\Lib\site-packages\django\shortcuts.py", line 24, in render
    content = loader.render_to_string(template_name, context, request, using=using)
  File "C:\Users\USER\Desktop\safariSalama_FD\venv\Lib\site-packages\django\template\loader.py", line 61, in render_to_string
    template = get_template(template_name, using=using)
  File "C:\Users\USER\Desktop\safariSalama_FD\venv\Lib\site-packages\django\template\loader.py", line 15, in get_template
    return engine.get_template(template_name)
           ~~~~~~~~~~~~~~~~~~~^^^^^^^^^^^^^^^
  File "C:\Users\USER\Desktop\safariSalama_FD\venv\Lib\site-packages\django\template\backends\django.py", line 33, in get_template
    return Template(self.engine.get_template(template_name), self)
                    ~~~~~~~~~~~~~~~~~~~~~~~~^^^^^^^^^^^^^^^
  File "C:\Users\USER\Desktop\safariSalama_FD\venv\Lib\site-packages\django\template\engine.py", line 175, in get_template
    template, origin = self.find_template(template_name)
                       ~~~~~~~~~~~~~~~~~~^^^^^^^^^^^^^^^
  File "C:\Users\USER\Desktop\safariSalama_FD\venv\Lib\site-packages\django\template\engine.py", line 157, in find_template
    template = loader.get_template(name, skip=skip)
  File "C:\Users\USER\Desktop\safariSalama_FD\venv\Lib\site-packages\django\template\loaders\cached.py", line 57, in get_template
    template = super().get_template(template_name, skip)
  File "C:\Users\USER\Desktop\safariSalama_FD\venv\Lib\site-packages\django\template\loaders\base.py", line 28, in get_template
    return Template(
        contents,
    ...<2 lines>...
        self.engine,
    )
  File "C:\Users\USER\Desktop\safariSalama_FD\venv\Lib\site-packages\django\template\base.py", line 154, in __init__
    self.nodelist = self.compile_nodelist()
                    ~~~~~~~~~~~~~~~~~~~~~^^
  File "C:\Users\USER\Desktop\safariSalama_FD\venv\Lib\site-packages\django\template\base.py", line 200, in compile_nodelist
    return parser.parse()
           ~~~~~~~~~~~~^^
  File "C:\Users\USER\Desktop\safariSalama_FD\venv\Lib\site-packages\django\template\base.py", line 484, in parse
    raise self.error(token, e)
  File "C:\Users\USER\Desktop\safariSalama_FD\venv\Lib\site-packages\django\template\base.py", line 482, in parse
    filter_expression = self.compile_filter(token.contents)
  File "C:\Users\USER\Desktop\safariSalama_FD\venv\Lib\site-packages\django\template\base.py", line 600, in compile_filter
    return FilterExpression(token, self)
  File "C:\Users\USER\Desktop\safariSalama_FD\venv\Lib\site-packages\django\template\base.py", line 703, in __init__
    raise TemplateSyntaxError(
    ...<2 lines>...
    )
django.template.exceptions.TemplateSyntaxError: Could not parse the remainder: ' if bus else ''' from 'bus.id if bus else '''
ERROR 2025-11-15 08:13:53,333 runserver 16432 22536 [35;1mHTTP GET /driver/ 500 [0.06, 127.0.0.1:51418][0m
ERROR 2025-11-15 08:13:56,027 log 16432 17092 Internal Server Error: /driver/
Traceback (most recent call last):
  File "C:\Users\USER\Desktop\safariSalama_FD\venv\Lib\site-packages\asgiref\sync.py", line 552, in thread_handler
    raise exc_info[1]
  File "C:\Users\USER\Desktop\safariSalama_FD\venv\Lib\site-packages\django\core\handlers\exception.py", line 42, in inner
    response = await get_response(request)
               ^^^^^^^^^^^^^^^^^^^^^^^^^^^
  File "C:\Users\USER\Desktop\safariSalama_FD\venv\Lib\site-packages\asgiref\sync.py", line 552, in thread_handler
    raise exc_info[1]
  File "C:\Users\USER\Desktop\safariSalama_FD\venv\Lib\site-packages\django\core\handlers\base.py", line 253, in _get_response_async
    response = await wrapped_callback(
               ^^^^^^^^^^^^^^^^^^^^^^^
        request, *callback_args, **callback_kwargs
        ^^^^^^^^^^^^^^^^^^^^^^^^^^^^^^^^^^^^^^^^^^
    )
    ^
  File "C:\Users\USER\Desktop\safariSalama_FD\venv\Lib\site-packages\asgiref\sync.py", line 502, in __call__
    ret = await asyncio.shield(exec_coro)
          ^^^^^^^^^^^^^^^^^^^^^^^^^^^^^^^
  File "C:\Users\USER\AppData\Local\Programs\Python\Python314\Lib\concurrent\futures\thread.py", line 86, in run
    result = ctx.run(self.task)
  File "C:\Users\USER\AppData\Local\Programs\Python\Python314\Lib\concurrent\futures\thread.py", line 73, in run
    return fn(*args, **kwargs)
  File "C:\Users\USER\Desktop\safariSalama_FD\venv\Lib\site-packages\asgiref\sync.py", line 556, in thread_handler
    return func(*args, **kwargs)
  File "C:\Users\USER\Desktop\safariSalama_FD\venv\Lib\site-packages\django\contrib\auth\decorators.py", line 23, in _wrapper_view
    return view_func(request, *args, **kwargs)
  File "C:\Users\USER\Desktop\safariSalama_FD\schooltransport\views.py", line 233, in driver_landing
    return render(request, 'driver/landing.html', context)
  File "C:\Users\USER\Desktop\safariSalama_FD\venv\Lib\site-packages\django\shortcuts.py", line 24, in render
    content = loader.render_to_string(template_name, context, request, using=using)
  File "C:\Users\USER\Desktop\safariSalama_FD\venv\Lib\site-packages\django\template\loader.py", line 61, in render_to_string
    template = get_template(template_name, using=using)
  File "C:\Users\USER\Desktop\safariSalama_FD\venv\Lib\site-packages\django\template\loader.py", line 15, in get_template
    return engine.get_template(template_name)
           ~~~~~~~~~~~~~~~~~~~^^^^^^^^^^^^^^^
  File "C:\Users\USER\Desktop\safariSalama_FD\venv\Lib\site-packages\django\template\backends\django.py", line 33, in get_template
    return Template(self.engine.get_template(template_name), self)
                    ~~~~~~~~~~~~~~~~~~~~~~~~^^^^^^^^^^^^^^^
  File "C:\Users\USER\Desktop\safariSalama_FD\venv\Lib\site-packages\django\template\engine.py", line 175, in get_template
    template, origin = self.find_template(template_name)
                       ~~~~~~~~~~~~~~~~~~^^^^^^^^^^^^^^^
  File "C:\Users\USER\Desktop\safariSalama_FD\venv\Lib\site-packages\django\template\engine.py", line 157, in find_template
    template = loader.get_template(name, skip=skip)
  File "C:\Users\USER\Desktop\safariSalama_FD\venv\Lib\site-packages\django\template\loaders\cached.py", line 57, in get_template
    template = super().get_template(template_name, skip)
  File "C:\Users\USER\Desktop\safariSalama_FD\venv\Lib\site-packages\django\template\loaders\base.py", line 28, in get_template
    return Template(
        contents,
    ...<2 lines>...
        self.engine,
    )
  File "C:\Users\USER\Desktop\safariSalama_FD\venv\Lib\site-packages\django\template\base.py", line 154, in __init__
    self.nodelist = self.compile_nodelist()
                    ~~~~~~~~~~~~~~~~~~~~~^^
  File "C:\Users\USER\Desktop\safariSalama_FD\venv\Lib\site-packages\django\template\base.py", line 200, in compile_nodelist
    return parser.parse()
           ~~~~~~~~~~~~^^
  File "C:\Users\USER\Desktop\safariSalama_FD\venv\Lib\site-packages\django\template\base.py", line 484, in parse
    raise self.error(token, e)
  File "C:\Users\USER\Desktop\safariSalama_FD\venv\Lib\site-packages\django\template\base.py", line 482, in parse
    filter_expression = self.compile_filter(token.contents)
  File "C:\Users\USER\Desktop\safariSalama_FD\venv\Lib\site-packages\django\template\base.py", line 600, in compile_filter
    return FilterExpression(token, self)
  File "C:\Users\USER\Desktop\safariSalama_FD\venv\Lib\site-packages\django\template\base.py", line 703, in __init__
    raise TemplateSyntaxError(
    ...<2 lines>...
    )
django.template.exceptions.TemplateSyntaxError: Could not parse the remainder: ' if bus else ''' from 'bus.id if bus else '''
ERROR 2025-11-15 08:13:56,034 runserver 16432 22536 [35;1mHTTP GET /driver/ 500 [0.06, 127.0.0.1:51418][0m
INFO 2025-11-15 08:14:09,925 runserver 16432 22536 [mHTTP GET /login/ 200 [0.05, 127.0.0.1:51418][0m
INFO 2025-11-15 08:15:01,636 runserver 16432 22536 [32mHTTP POST /register/ 302 [0.47, 127.0.0.1:64477][0m
INFO 2025-11-15 08:15:01,645 runserver 16432 22536 [mHTTP GET /login/ 200 [0.01, 127.0.0.1:64477][0m
INFO 2025-11-15 08:15:21,069 runserver 16432 22536 [32mHTTP POST /login/ 302 [0.45, 127.0.0.1:54367][0m
INFO 2025-11-15 08:15:21,079 runserver 16432 22536 [mHTTP GET /login/ 200 [0.01, 127.0.0.1:54367][0m
INFO 2025-11-15 08:15:29,849 runserver 16432 22536 [32mHTTP POST /login/ 302 [0.46, 127.0.0.1:54367][0m
INFO 2025-11-15 08:15:29,862 runserver 16432 22536 [32mHTTP GET / 302 [0.01, 127.0.0.1:54367][0m
ERROR 2025-11-15 08:15:29,900 log 16432 17092 Internal Server Error: /driver/
Traceback (most recent call last):
  File "C:\Users\USER\Desktop\safariSalama_FD\venv\Lib\site-packages\asgiref\sync.py", line 552, in thread_handler
    raise exc_info[1]
  File "C:\Users\USER\Desktop\safariSalama_FD\venv\Lib\site-packages\django\core\handlers\exception.py", line 42, in inner
    response = await get_response(request)
               ^^^^^^^^^^^^^^^^^^^^^^^^^^^
  File "C:\Users\USER\Desktop\safariSalama_FD\venv\Lib\site-packages\asgiref\sync.py", line 552, in thread_handler
    raise exc_info[1]
  File "C:\Users\USER\Desktop\safariSalama_FD\venv\Lib\site-packages\django\core\handlers\base.py", line 253, in _get_response_async
    response = await wrapped_callback(
               ^^^^^^^^^^^^^^^^^^^^^^^
        request, *callback_args, **callback_kwargs
        ^^^^^^^^^^^^^^^^^^^^^^^^^^^^^^^^^^^^^^^^^^
    )
    ^
  File "C:\Users\USER\Desktop\safariSalama_FD\venv\Lib\site-packages\asgiref\sync.py", line 502, in __call__
    ret = await asyncio.shield(exec_coro)
          ^^^^^^^^^^^^^^^^^^^^^^^^^^^^^^^
  File "C:\Users\USER\AppData\Local\Programs\Python\Python314\Lib\concurrent\futures\thread.py", line 86, in run
    result = ctx.run(self.task)
  File "C:\Users\USER\AppData\Local\Programs\Python\Python314\Lib\concurrent\futures\thread.py", line 73, in run
    return fn(*args, **kwargs)
  File "C:\Users\USER\Desktop\safariSalama_FD\venv\Lib\site-packages\asgiref\sync.py", line 556, in thread_handler
    return func(*args, **kwargs)
  File "C:\Users\USER\Desktop\safariSalama_FD\venv\Lib\site-packages\django\contrib\auth\decorators.py", line 23, in _wrapper_view
    return view_func(request, *args, **kwargs)
  File "C:\Users\USER\Desktop\safariSalama_FD\schooltransport\views.py", line 233, in driver_landing
    return render(request, 'driver/landing.html', context)
  File "C:\Users\USER\Desktop\safariSalama_FD\venv\Lib\site-packages\django\shortcuts.py", line 24, in render
    content = loader.render_to_string(template_name, context, request, using=using)
  File "C:\Users\USER\Desktop\safariSalama_FD\venv\Lib\site-packages\django\template\loader.py", line 61, in render_to_string
    template = get_template(template_name, using=using)
  File "C:\Users\USER\Desktop\safariSalama_FD\venv\Lib\site-packages\django\template\loader.py", line 15, in get_template
    return engine.get_template(template_name)
           ~~~~~~~~~~~~~~~~~~~^^^^^^^^^^^^^^^
  File "C:\Users\USER\Desktop\safariSalama_FD\venv\Lib\site-packages\django\template\backends\django.py", line 33, in get_template
    return Template(self.engine.get_template(template_name), self)
                    ~~~~~~~~~~~~~~~~~~~~~~~~^^^^^^^^^^^^^^^
  File "C:\Users\USER\Desktop\safariSalama_FD\venv\Lib\site-packages\django\template\engine.py", line 175, in get_template
    template, origin = self.find_template(template_name)
                       ~~~~~~~~~~~~~~~~~~^^^^^^^^^^^^^^^
  File "C:\Users\USER\Desktop\safariSalama_FD\venv\Lib\site-packages\django\template\engine.py", line 157, in find_template
    template = loader.get_template(name, skip=skip)
  File "C:\Users\USER\Desktop\safariSalama_FD\venv\Lib\site-packages\django\template\loaders\cached.py", line 57, in get_template
    template = super().get_template(template_name, skip)
  File "C:\Users\USER\Desktop\safariSalama_FD\venv\Lib\site-packages\django\template\loaders\base.py", line 28, in get_template
    return Template(
        contents,
    ...<2 lines>...
        self.engine,
    )
  File "C:\Users\USER\Desktop\safariSalama_FD\venv\Lib\site-packages\django\template\base.py", line 154, in __init__
    self.nodelist = self.compile_nodelist()
                    ~~~~~~~~~~~~~~~~~~~~~^^
  File "C:\Users\USER\Desktop\safariSalama_FD\venv\Lib\site-packages\django\template\base.py", line 200, in compile_nodelist
    return parser.parse()
           ~~~~~~~~~~~~^^
  File "C:\Users\USER\Desktop\safariSalama_FD\venv\Lib\site-packages\django\template\base.py", line 484, in parse
    raise self.error(token, e)
  File "C:\Users\USER\Desktop\safariSalama_FD\venv\Lib\site-packages\django\template\base.py", line 482, in parse
    filter_expression = self.compile_filter(token.contents)
  File "C:\Users\USER\Desktop\safariSalama_FD\venv\Lib\site-packages\django\template\base.py", line 600, in compile_filter
    return FilterExpression(token, self)
  File "C:\Users\USER\Desktop\safariSalama_FD\venv\Lib\site-packages\django\template\base.py", line 703, in __init__
    raise TemplateSyntaxError(
    ...<2 lines>...
    )
django.template.exceptions.TemplateSyntaxError: Could not parse the remainder: ' if bus else ''' from 'bus.id if bus else '''
ERROR 2025-11-15 08:15:29,906 runserver 16432 22536 [35;1mHTTP GET /driver/ 500 [0.04, 127.0.0.1:54367][0m
INFO 2025-11-15 15:12:08,717 autoreload 16004 25024 Watching for file changes with StatReloader
INFO 2025-11-15 15:12:21,334 runserver 16004 12764 HTTP GET /login/ 200 [0.05, 127.0.0.1:59011]
INFO 2025-11-15 15:13:40,273 runserver 16004 12764 HTTP POST /login/ 302 [1.28, 127.0.0.1:64580]
INFO 2025-11-15 15:13:40,306 runserver 16004 12764 HTTP GET / 302 [0.02, 127.0.0.1:64580]
ERROR 2025-11-15 15:13:40,563 log 16004 23964 Internal Server Error: /driver/
Traceback (most recent call last):
  File "C:\Users\USER\Desktop\safariSalama_FD\venv\Lib\site-packages\asgiref\sync.py", line 552, in thread_handler
    raise exc_info[1]
  File "C:\Users\USER\Desktop\safariSalama_FD\venv\Lib\site-packages\django\core\handlers\exception.py", line 42, in inner
    response = await get_response(request)
               ^^^^^^^^^^^^^^^^^^^^^^^^^^^
  File "C:\Users\USER\Desktop\safariSalama_FD\venv\Lib\site-packages\asgiref\sync.py", line 552, in thread_handler
    raise exc_info[1]
  File "C:\Users\USER\Desktop\safariSalama_FD\venv\Lib\site-packages\django\core\handlers\base.py", line 253, in _get_response_async
    response = await wrapped_callback(
               ^^^^^^^^^^^^^^^^^^^^^^^
        request, *callback_args, **callback_kwargs
        ^^^^^^^^^^^^^^^^^^^^^^^^^^^^^^^^^^^^^^^^^^
    )
    ^
  File "C:\Users\USER\Desktop\safariSalama_FD\venv\Lib\site-packages\asgiref\sync.py", line 502, in __call__
    ret = await asyncio.shield(exec_coro)
          ^^^^^^^^^^^^^^^^^^^^^^^^^^^^^^^
  File "C:\Users\USER\AppData\Local\Programs\Python\Python314\Lib\concurrent\futures\thread.py", line 86, in run
    result = ctx.run(self.task)
  File "C:\Users\USER\AppData\Local\Programs\Python\Python314\Lib\concurrent\futures\thread.py", line 73, in run
    return fn(*args, **kwargs)
  File "C:\Users\USER\Desktop\safariSalama_FD\venv\Lib\site-packages\asgiref\sync.py", line 556, in thread_handler
    return func(*args, **kwargs)
  File "C:\Users\USER\Desktop\safariSalama_FD\venv\Lib\site-packages\django\contrib\auth\decorators.py", line 23, in _wrapper_view
    return view_func(request, *args, **kwargs)
  File "C:\Users\USER\Desktop\safariSalama_FD\schooltransport\views.py", line 233, in driver_landing
    return render(request, 'driver/landing.html', context)
  File "C:\Users\USER\Desktop\safariSalama_FD\venv\Lib\site-packages\django\shortcuts.py", line 24, in render
    content = loader.render_to_string(template_name, context, request, using=using)
  File "C:\Users\USER\Desktop\safariSalama_FD\venv\Lib\site-packages\django\template\loader.py", line 61, in render_to_string
    template = get_template(template_name, using=using)
  File "C:\Users\USER\Desktop\safariSalama_FD\venv\Lib\site-packages\django\template\loader.py", line 15, in get_template
    return engine.get_template(template_name)
           ~~~~~~~~~~~~~~~~~~~^^^^^^^^^^^^^^^
  File "C:\Users\USER\Desktop\safariSalama_FD\venv\Lib\site-packages\django\template\backends\django.py", line 33, in get_template
    return Template(self.engine.get_template(template_name), self)
                    ~~~~~~~~~~~~~~~~~~~~~~~~^^^^^^^^^^^^^^^
  File "C:\Users\USER\Desktop\safariSalama_FD\venv\Lib\site-packages\django\template\engine.py", line 175, in get_template
    template, origin = self.find_template(template_name)
                       ~~~~~~~~~~~~~~~~~~^^^^^^^^^^^^^^^
  File "C:\Users\USER\Desktop\safariSalama_FD\venv\Lib\site-packages\django\template\engine.py", line 157, in find_template
    template = loader.get_template(name, skip=skip)
  File "C:\Users\USER\Desktop\safariSalama_FD\venv\Lib\site-packages\django\template\loaders\cached.py", line 57, in get_template
    template = super().get_template(template_name, skip)
  File "C:\Users\USER\Desktop\safariSalama_FD\venv\Lib\site-packages\django\template\loaders\base.py", line 28, in get_template
    return Template(
        contents,
    ...<2 lines>...
        self.engine,
    )
  File "C:\Users\USER\Desktop\safariSalama_FD\venv\Lib\site-packages\django\template\base.py", line 154, in __init__
    self.nodelist = self.compile_nodelist()
                    ~~~~~~~~~~~~~~~~~~~~~^^
  File "C:\Users\USER\Desktop\safariSalama_FD\venv\Lib\site-packages\django\template\base.py", line 200, in compile_nodelist
    return parser.parse()
           ~~~~~~~~~~~~^^
  File "C:\Users\USER\Desktop\safariSalama_FD\venv\Lib\site-packages\django\template\base.py", line 484, in parse
    raise self.error(token, e)
  File "C:\Users\USER\Desktop\safariSalama_FD\venv\Lib\site-packages\django\template\base.py", line 482, in parse
    filter_expression = self.compile_filter(token.contents)
  File "C:\Users\USER\Desktop\safariSalama_FD\venv\Lib\site-packages\django\template\base.py", line 600, in compile_filter
    return FilterExpression(token, self)
  File "C:\Users\USER\Desktop\safariSalama_FD\venv\Lib\site-packages\django\template\base.py", line 703, in __init__
    raise TemplateSyntaxError(
    ...<2 lines>...
    )
django.template.exceptions.TemplateSyntaxError: Could not parse the remainder: ' if bus else "Not assigned"' from 'bus.route.name|default:"Not assigned" if bus else "Not assigned"'
WARNING 2025-11-15 15:13:40,577 log 16004 31644 Forbidden (CSRF token from POST incorrect.): /login/
WARNING 2025-11-15 15:13:40,581 runserver 16004 12764 HTTP POST /login/ 403 [0.01, 127.0.0.1:61569]
WARNING 2025-11-15 19:15:10,208 log 16004 23964 Not Found: /admin/
WARNING 2025-11-15 19:15:10,212 runserver 16004 12764 HTTP GET /admin/ 404 [0.04, 127.0.0.1:49702]
INFO 2025-11-15 19:21:44,407 autoreload 26540 30112 Watching for file changes with StatReloader
INFO 2025-11-15 19:26:33,193 autoreload 37336 34788 Watching for file changes with StatReloader
INFO 2025-11-15 19:27:23,289 runserver 37336 38348 [mHTTP GET /login/ 200 [0.06, 127.0.0.1:62412][0m
WARNING 2025-11-15 19:27:23,678 log 37336 17152 Not Found: /favicon.ico
WARNING 2025-11-15 19:27:23,680 runserver 37336 38348 [33mHTTP GET /favicon.ico 404 [0.04, 127.0.0.1:62412][0m
INFO 2025-11-15 19:27:38,323 runserver 37336 38348 [32mHTTP POST /login/ 302 [1.33, 127.0.0.1:52477][0m
INFO 2025-11-15 19:27:38,365 runserver 37336 38348 [32mHTTP GET / 302 [0.03, 127.0.0.1:52477][0m
ERROR 2025-11-15 19:27:38,560 log 37336 17152 Internal Server Error: /driver/
Traceback (most recent call last):
  File "C:\Users\USER\Desktop\safariSalama_FD\venv\Lib\site-packages\asgiref\sync.py", line 552, in thread_handler
    raise exc_info[1]
  File "C:\Users\USER\Desktop\safariSalama_FD\venv\Lib\site-packages\django\core\handlers\exception.py", line 42, in inner
    response = await get_response(request)
               ^^^^^^^^^^^^^^^^^^^^^^^^^^^
  File "C:\Users\USER\Desktop\safariSalama_FD\venv\Lib\site-packages\asgiref\sync.py", line 552, in thread_handler
    raise exc_info[1]
  File "C:\Users\USER\Desktop\safariSalama_FD\venv\Lib\site-packages\django\core\handlers\base.py", line 253, in _get_response_async
    response = await wrapped_callback(
               ^^^^^^^^^^^^^^^^^^^^^^^
        request, *callback_args, **callback_kwargs
        ^^^^^^^^^^^^^^^^^^^^^^^^^^^^^^^^^^^^^^^^^^
    )
    ^
  File "C:\Users\USER\Desktop\safariSalama_FD\venv\Lib\site-packages\asgiref\sync.py", line 502, in __call__
    ret = await asyncio.shield(exec_coro)
          ^^^^^^^^^^^^^^^^^^^^^^^^^^^^^^^
  File "C:\Users\USER\AppData\Local\Programs\Python\Python314\Lib\concurrent\futures\thread.py", line 86, in run
    result = ctx.run(self.task)
  File "C:\Users\USER\AppData\Local\Programs\Python\Python314\Lib\concurrent\futures\thread.py", line 73, in run
    return fn(*args, **kwargs)
  File "C:\Users\USER\Desktop\safariSalama_FD\venv\Lib\site-packages\asgiref\sync.py", line 556, in thread_handler
    return func(*args, **kwargs)
  File "C:\Users\USER\Desktop\safariSalama_FD\venv\Lib\site-packages\django\contrib\auth\decorators.py", line 23, in _wrapper_view
    return view_func(request, *args, **kwargs)
  File "C:\Users\USER\Desktop\safariSalama_FD\schooltransport\views.py", line 233, in driver_landing
    return render(request, 'driver/landing.html', context)
  File "C:\Users\USER\Desktop\safariSalama_FD\venv\Lib\site-packages\django\shortcuts.py", line 24, in render
    content = loader.render_to_string(template_name, context, request, using=using)
  File "C:\Users\USER\Desktop\safariSalama_FD\venv\Lib\site-packages\django\template\loader.py", line 61, in render_to_string
    template = get_template(template_name, using=using)
  File "C:\Users\USER\Desktop\safariSalama_FD\venv\Lib\site-packages\django\template\loader.py", line 15, in get_template
    return engine.get_template(template_name)
           ~~~~~~~~~~~~~~~~~~~^^^^^^^^^^^^^^^
  File "C:\Users\USER\Desktop\safariSalama_FD\venv\Lib\site-packages\django\template\backends\django.py", line 33, in get_template
    return Template(self.engine.get_template(template_name), self)
                    ~~~~~~~~~~~~~~~~~~~~~~~~^^^^^^^^^^^^^^^
  File "C:\Users\USER\Desktop\safariSalama_FD\venv\Lib\site-packages\django\template\engine.py", line 175, in get_template
    template, origin = self.find_template(template_name)
                       ~~~~~~~~~~~~~~~~~~^^^^^^^^^^^^^^^
  File "C:\Users\USER\Desktop\safariSalama_FD\venv\Lib\site-packages\django\template\engine.py", line 157, in find_template
    template = loader.get_template(name, skip=skip)
  File "C:\Users\USER\Desktop\safariSalama_FD\venv\Lib\site-packages\django\template\loaders\cached.py", line 57, in get_template
    template = super().get_template(template_name, skip)
  File "C:\Users\USER\Desktop\safariSalama_FD\venv\Lib\site-packages\django\template\loaders\base.py", line 28, in get_template
    return Template(
        contents,
    ...<2 lines>...
        self.engine,
    )
  File "C:\Users\USER\Desktop\safariSalama_FD\venv\Lib\site-packages\django\template\base.py", line 154, in __init__
    self.nodelist = self.compile_nodelist()
                    ~~~~~~~~~~~~~~~~~~~~~^^
  File "C:\Users\USER\Desktop\safariSalama_FD\venv\Lib\site-packages\django\template\base.py", line 200, in compile_nodelist
    return parser.parse()
           ~~~~~~~~~~~~^^
  File "C:\Users\USER\Desktop\safariSalama_FD\venv\Lib\site-packages\django\template\base.py", line 484, in parse
    raise self.error(token, e)
  File "C:\Users\USER\Desktop\safariSalama_FD\venv\Lib\site-packages\django\template\base.py", line 482, in parse
    filter_expression = self.compile_filter(token.contents)
  File "C:\Users\USER\Desktop\safariSalama_FD\venv\Lib\site-packages\django\template\base.py", line 600, in compile_filter
    return FilterExpression(token, self)
  File "C:\Users\USER\Desktop\safariSalama_FD\venv\Lib\site-packages\django\template\base.py", line 703, in __init__
    raise TemplateSyntaxError(
    ...<2 lines>...
    )
django.template.exceptions.TemplateSyntaxError: Could not parse the remainder: ' if bus else "Not assigned"' from 'bus.route.name|default:"Not assigned" if bus else "Not assigned"'
ERROR 2025-11-15 19:27:38,579 runserver 37336 38348 [35;1mHTTP GET /driver/ 500 [0.21, 127.0.0.1:52477][0m
WARNING 2025-11-15 19:28:09,804 log 37336 17548 Forbidden (CSRF token from POST incorrect.): /login/
WARNING 2025-11-15 19:28:09,812 runserver 37336 38348 [31;1mHTTP POST /login/ 403 [0.02, 127.0.0.1:53359][0m
ERROR 2025-11-16 07:31:38,140 log 37336 17152 Internal Server Error: /guardian/
Traceback (most recent call last):
  File "C:\Users\USER\Desktop\safariSalama_FD\venv\Lib\site-packages\asgiref\sync.py", line 552, in thread_handler
    raise exc_info[1]
  File "C:\Users\USER\Desktop\safariSalama_FD\venv\Lib\site-packages\django\core\handlers\exception.py", line 42, in inner
    response = await get_response(request)
               ^^^^^^^^^^^^^^^^^^^^^^^^^^^
  File "C:\Users\USER\Desktop\safariSalama_FD\venv\Lib\site-packages\asgiref\sync.py", line 552, in thread_handler
    raise exc_info[1]
  File "C:\Users\USER\Desktop\safariSalama_FD\venv\Lib\site-packages\django\core\handlers\base.py", line 253, in _get_response_async
    response = await wrapped_callback(
               ^^^^^^^^^^^^^^^^^^^^^^^
        request, *callback_args, **callback_kwargs
        ^^^^^^^^^^^^^^^^^^^^^^^^^^^^^^^^^^^^^^^^^^
    )
    ^
  File "C:\Users\USER\Desktop\safariSalama_FD\venv\Lib\site-packages\asgiref\sync.py", line 502, in __call__
    ret = await asyncio.shield(exec_coro)
          ^^^^^^^^^^^^^^^^^^^^^^^^^^^^^^^
  File "C:\Users\USER\AppData\Local\Programs\Python\Python314\Lib\concurrent\futures\thread.py", line 86, in run
    result = ctx.run(self.task)
  File "C:\Users\USER\AppData\Local\Programs\Python\Python314\Lib\concurrent\futures\thread.py", line 73, in run
    return fn(*args, **kwargs)
  File "C:\Users\USER\Desktop\safariSalama_FD\venv\Lib\site-packages\asgiref\sync.py", line 556, in thread_handler
    return func(*args, **kwargs)
  File "C:\Users\USER\Desktop\safariSalama_FD\venv\Lib\site-packages\django\contrib\auth\decorators.py", line 23, in _wrapper_view
    return view_func(request, *args, **kwargs)
  File "C:\Users\USER\Desktop\safariSalama_FD\schooltransport\views.py", line 164, in guardian_landing
    return render(request, 'guardian/landing.html', context)
  File "C:\Users\USER\Desktop\safariSalama_FD\venv\Lib\site-packages\django\shortcuts.py", line 24, in render
    content = loader.render_to_string(template_name, context, request, using=using)
  File "C:\Users\USER\Desktop\safariSalama_FD\venv\Lib\site-packages\django\template\loader.py", line 61, in render_to_string
    template = get_template(template_name, using=using)
  File "C:\Users\USER\Desktop\safariSalama_FD\venv\Lib\site-packages\django\template\loader.py", line 15, in get_template
    return engine.get_template(template_name)
           ~~~~~~~~~~~~~~~~~~~^^^^^^^^^^^^^^^
  File "C:\Users\USER\Desktop\safariSalama_FD\venv\Lib\site-packages\django\template\backends\django.py", line 33, in get_template
    return Template(self.engine.get_template(template_name), self)
                    ~~~~~~~~~~~~~~~~~~~~~~~~^^^^^^^^^^^^^^^
  File "C:\Users\USER\Desktop\safariSalama_FD\venv\Lib\site-packages\django\template\engine.py", line 175, in get_template
    template, origin = self.find_template(template_name)
                       ~~~~~~~~~~~~~~~~~~^^^^^^^^^^^^^^^
  File "C:\Users\USER\Desktop\safariSalama_FD\venv\Lib\site-packages\django\template\engine.py", line 157, in find_template
    template = loader.get_template(name, skip=skip)
  File "C:\Users\USER\Desktop\safariSalama_FD\venv\Lib\site-packages\django\template\loaders\cached.py", line 57, in get_template
    template = super().get_template(template_name, skip)
  File "C:\Users\USER\Desktop\safariSalama_FD\venv\Lib\site-packages\django\template\loaders\base.py", line 28, in get_template
    return Template(
        contents,
    ...<2 lines>...
        self.engine,
    )
  File "C:\Users\USER\Desktop\safariSalama_FD\venv\Lib\site-packages\django\template\base.py", line 154, in __init__
    self.nodelist = self.compile_nodelist()
                    ~~~~~~~~~~~~~~~~~~~~~^^
  File "C:\Users\USER\Desktop\safariSalama_FD\venv\Lib\site-packages\django\template\base.py", line 200, in compile_nodelist
    return parser.parse()
           ~~~~~~~~~~~~^^
  File "C:\Users\USER\Desktop\safariSalama_FD\venv\Lib\site-packages\django\template\base.py", line 513, in parse
    raise self.error(token, e)
  File "C:\Users\USER\Desktop\safariSalama_FD\venv\Lib\site-packages\django\template\base.py", line 511, in parse
    compiled_result = compile_func(self, token)
  File "C:\Users\USER\Desktop\safariSalama_FD\venv\Lib\site-packages\django\template\defaulttags.py", line 953, in do_if
    nodelist = parser.parse(("elif", "else", "endif"))
  File "C:\Users\USER\Desktop\safariSalama_FD\venv\Lib\site-packages\django\template\base.py", line 513, in parse
    raise self.error(token, e)
  File "C:\Users\USER\Desktop\safariSalama_FD\venv\Lib\site-packages\django\template\base.py", line 511, in parse
    compiled_result = compile_func(self, token)
  File "C:\Users\USER\Desktop\safariSalama_FD\venv\Lib\site-packages\django\template\defaulttags.py", line 853, in do_for
    nodelist_loop = parser.parse(
        (
    ...<2 lines>...
        )
    )
  File "C:\Users\USER\Desktop\safariSalama_FD\venv\Lib\site-packages\django\template\base.py", line 484, in parse
    raise self.error(token, e)
  File "C:\Users\USER\Desktop\safariSalama_FD\venv\Lib\site-packages\django\template\base.py", line 482, in parse
    filter_expression = self.compile_filter(token.contents)
  File "C:\Users\USER\Desktop\safariSalama_FD\venv\Lib\site-packages\django\template\base.py", line 600, in compile_filter
    return FilterExpression(token, self)
  File "C:\Users\USER\Desktop\safariSalama_FD\venv\Lib\site-packages\django\template\base.py", line 703, in __init__
    raise TemplateSyntaxError(
    ...<2 lines>...
    )
django.template.exceptions.TemplateSyntaxError: Could not parse the remainder: ' if student.user.userprofile.bus else "Not assigned"' from 'student.user.userprofile.bus.route.name|default:"Not assigned" if student.user.userprofile.bus else "Not assigned"'
ERROR 2025-11-16 07:31:38,155 runserver 37336 38348 [35;1mHTTP GET /guardian/ 500 [0.42, 127.0.0.1:50155][0m
INFO 2025-11-16 07:32:05,770 runserver 37336 38348 [32mHTTP GET /guardian/?id=a976624c-a6b1-4949-891b-8c452824e5dc&vscodeBrowserReqId=1763267525444 302 [0.01, 127.0.0.1:62206][0m
INFO 2025-11-16 07:32:05,778 runserver 37336 38348 [mHTTP GET /login/?next=/guardian/%3Fid%3Da976624c-a6b1-4949-891b-8c452824e5dc%26vscodeBrowserReqId%3D1763267525444 200 [0.00, 127.0.0.1:62206][0m
INFO 2025-11-16 07:33:25,805 runserver 37336 38348 [mHTTP GET /login/?id=a976624c-a6b1-4949-891b-8c452824e5dc&vscodeBrowserReqId=1763267605461 200 [0.04, 127.0.0.1:57175][0m
INFO 2025-11-16 07:33:42,873 runserver 37336 38348 [32mHTTP GET /guardian?id=a976624c-a6b1-4949-891b-8c452824e5dc&vscodeBrowserReqId=1763267622833 301 [0.03, 127.0.0.1:57175][0m
INFO 2025-11-16 07:33:42,882 runserver 37336 38348 [32mHTTP GET /guardian/?id=a976624c-a6b1-4949-891b-8c452824e5dc&vscodeBrowserReqId=1763267622833 302 [0.01, 127.0.0.1:57175][0m
INFO 2025-11-16 07:33:42,892 runserver 37336 38348 [mHTTP GET /login/?next=/guardian/%3Fid%3Da976624c-a6b1-4949-891b-8c452824e5dc%26vscodeBrowserReqId%3D1763267622833 200 [0.01, 127.0.0.1:57175][0m
INFO 2025-11-16 07:33:48,985 runserver 37336 38348 [32mHTTP GET /guardian/?id=a976624c-a6b1-4949-891b-8c452824e5dc&vscodeBrowserReqId=1763267628974 302 [0.01, 127.0.0.1:57175][0m
INFO 2025-11-16 07:33:48,995 runserver 37336 38348 [mHTTP GET /login/?next=/guardian/%3Fid%3Da976624c-a6b1-4949-891b-8c452824e5dc%26vscodeBrowserReqId%3D1763267628974 200 [0.01, 127.0.0.1:57175][0m
INFO 2025-11-16 07:33:51,126 runserver 37336 38348 [32mHTTP GET /guardian/?id=a976624c-a6b1-4949-891b-8c452824e5dc&vscodeBrowserReqId=1763267631117 302 [0.01, 127.0.0.1:57175][0m
INFO 2025-11-16 07:33:51,134 runserver 37336 38348 [mHTTP GET /login/?next=/guardian/%3Fid%3Da976624c-a6b1-4949-891b-8c452824e5dc%26vscodeBrowserReqId%3D1763267631117 200 [0.00, 127.0.0.1:57175][0m
INFO 2025-11-16 07:33:56,723 runserver 37336 38348 [mHTTP GET /login/ 200 [0.01, 127.0.0.1:49677][0m
INFO 2025-11-16 07:34:20,956 runserver 37336 38348 [32mHTTP POST /login/ 302 [0.45, 127.0.0.1:61121][0m
INFO 2025-11-16 07:34:20,968 runserver 37336 38348 [32mHTTP GET / 302 [0.01, 127.0.0.1:61121][0m
INFO 2025-11-16 07:34:21,005 runserver 37336 38348 [mHTTP GET /guardian/ 200 [0.03, 127.0.0.1:61121][0m
INFO 2025-11-16 07:34:21,142 runserver 37336 38348 [mHTTP GET /static/js/role.js 200 [0.11, 127.0.0.1:61121][0m
ERROR 2025-11-16 07:34:41,084 log 37336 17152 Internal Server Error: /guardian/student/1/status/
Traceback (most recent call last):
  File "C:\Users\USER\Desktop\safariSalama_FD\venv\Lib\site-packages\asgiref\sync.py", line 552, in thread_handler
    raise exc_info[1]
  File "C:\Users\USER\Desktop\safariSalama_FD\venv\Lib\site-packages\django\core\handlers\exception.py", line 42, in inner
    response = await get_response(request)
               ^^^^^^^^^^^^^^^^^^^^^^^^^^^
  File "C:\Users\USER\Desktop\safariSalama_FD\venv\Lib\site-packages\asgiref\sync.py", line 552, in thread_handler
    raise exc_info[1]
  File "C:\Users\USER\Desktop\safariSalama_FD\venv\Lib\site-packages\django\core\handlers\base.py", line 253, in _get_response_async
    response = await wrapped_callback(
               ^^^^^^^^^^^^^^^^^^^^^^^
        request, *callback_args, **callback_kwargs
        ^^^^^^^^^^^^^^^^^^^^^^^^^^^^^^^^^^^^^^^^^^
    )
    ^
  File "C:\Users\USER\Desktop\safariSalama_FD\venv\Lib\site-packages\asgiref\sync.py", line 502, in __call__
    ret = await asyncio.shield(exec_coro)
          ^^^^^^^^^^^^^^^^^^^^^^^^^^^^^^^
  File "C:\Users\USER\AppData\Local\Programs\Python\Python314\Lib\concurrent\futures\thread.py", line 86, in run
    result = ctx.run(self.task)
  File "C:\Users\USER\AppData\Local\Programs\Python\Python314\Lib\concurrent\futures\thread.py", line 73, in run
    return fn(*args, **kwargs)
  File "C:\Users\USER\Desktop\safariSalama_FD\venv\Lib\site-packages\asgiref\sync.py", line 556, in thread_handler
    return func(*args, **kwargs)
  File "C:\Users\USER\Desktop\safariSalama_FD\venv\Lib\site-packages\django\contrib\auth\decorators.py", line 23, in _wrapper_view
    return view_func(request, *args, **kwargs)
  File "C:\Users\USER\Desktop\safariSalama_FD\schooltransport\views.py", line 176, in student_status
    latest_location = bus.location_history.latest('timestamp')
  File "C:\Users\USER\Desktop\safariSalama_FD\venv\Lib\site-packages\django\db\models\manager.py", line 87, in manager_method
    return getattr(self.get_queryset(), name)(*args, **kwargs)
           ~~~~~~~~~~~~~~~~~~~~~~~~~~~~~~~~~~^^^^^^^^^^^^^^^^^
  File "C:\Users\USER\Desktop\safariSalama_FD\venv\Lib\site-packages\django\db\models\query.py", line 1045, in latest
    return self.reverse()._earliest(*fields)
           ~~~~~~~~~~~~~~~~~~~~~~~~^^^^^^^^^
  File "C:\Users\USER\Desktop\safariSalama_FD\venv\Lib\site-packages\django\db\models\query.py", line 1028, in _earliest
    return obj.get()
           ~~~~~~~^^
  File "C:\Users\USER\Desktop\safariSalama_FD\venv\Lib\site-packages\django\db\models\query.py", line 637, in get
    raise self.model.DoesNotExist(
        "%s matching query does not exist." % self.model._meta.object_name
    )
schooltransport.models.BusLocation.DoesNotExist: BusLocation matching query does not exist.
ERROR 2025-11-16 07:34:41,089 runserver 37336 38348 [35;1mHTTP GET /guardian/student/1/status/ 500 [0.07, 127.0.0.1:54020][0m
INFO 2025-11-16 07:34:55,755 runserver 37336 38348 [mHTTP GET /guardian/trips/ 200 [0.03, 127.0.0.1:63965][0m
INFO 2025-11-16 07:34:55,790 runserver 37336 38348 [mHTTP GET /static/css/app.css 200 [0.01, 127.0.0.1:63965][0m
WARNING 2025-11-16 07:35:18,490 log 37336 17152 Not Found: /profile/
WARNING 2025-11-16 07:35:18,491 runserver 37336 38348 [33mHTTP GET /profile/ 404 [0.01, 127.0.0.1:52304][0m
INFO 2025-11-16 07:35:43,139 runserver 37336 38348 [mHTTP GET /login/?id=a976624c-a6b1-4949-891b-8c452824e5dc&vscodeBrowserReqId=1763267742822 200 [0.01, 127.0.0.1:52940][0m
INFO 2025-11-16 07:35:56,866 runserver 37336 38348 [32mHTTP GET /admin/landing/ 302 [0.01, 127.0.0.1:52812][0m
INFO 2025-11-16 07:35:56,874 runserver 37336 38348 [mHTTP GET /login/ 200 [0.01, 127.0.0.1:52812][0m
INFO 2025-11-16 07:36:10,274 runserver 37336 38348 [32mHTTP POST /login/ 302 [0.52, 127.0.0.1:51816][0m
INFO 2025-11-16 07:36:10,284 runserver 37336 38348 [mHTTP GET /login/ 200 [0.01, 127.0.0.1:51816][0m
INFO 2025-11-16 07:36:25,043 runserver 37336 38348 [32mHTTP POST /login/ 302 [0.45, 127.0.0.1:53536][0m
INFO 2025-11-16 07:36:25,055 runserver 37336 38348 [32mHTTP GET / 302 [0.01, 127.0.0.1:53536][0m
ERROR 2025-11-16 07:36:25,118 log 37336 17152 Internal Server Error: /admin/landing/
Traceback (most recent call last):
  File "C:\Users\USER\Desktop\safariSalama_FD\venv\Lib\site-packages\asgiref\sync.py", line 552, in thread_handler
    raise exc_info[1]
  File "C:\Users\USER\Desktop\safariSalama_FD\venv\Lib\site-packages\django\core\handlers\exception.py", line 42, in inner
    response = await get_response(request)
               ^^^^^^^^^^^^^^^^^^^^^^^^^^^
  File "C:\Users\USER\Desktop\safariSalama_FD\venv\Lib\site-packages\asgiref\sync.py", line 552, in thread_handler
    raise exc_info[1]
  File "C:\Users\USER\Desktop\safariSalama_FD\venv\Lib\site-packages\django\core\handlers\base.py", line 253, in _get_response_async
    response = await wrapped_callback(
               ^^^^^^^^^^^^^^^^^^^^^^^
        request, *callback_args, **callback_kwargs
        ^^^^^^^^^^^^^^^^^^^^^^^^^^^^^^^^^^^^^^^^^^
    )
    ^
  File "C:\Users\USER\Desktop\safariSalama_FD\venv\Lib\site-packages\asgiref\sync.py", line 502, in __call__
    ret = await asyncio.shield(exec_coro)
          ^^^^^^^^^^^^^^^^^^^^^^^^^^^^^^^
  File "C:\Users\USER\AppData\Local\Programs\Python\Python314\Lib\concurrent\futures\thread.py", line 86, in run
    result = ctx.run(self.task)
  File "C:\Users\USER\AppData\Local\Programs\Python\Python314\Lib\concurrent\futures\thread.py", line 73, in run
    return fn(*args, **kwargs)
  File "C:\Users\USER\Desktop\safariSalama_FD\venv\Lib\site-packages\asgiref\sync.py", line 556, in thread_handler
    return func(*args, **kwargs)
  File "C:\Users\USER\Desktop\safariSalama_FD\venv\Lib\site-packages\django\contrib\auth\decorators.py", line 23, in _wrapper_view
    return view_func(request, *args, **kwargs)
  File "C:\Users\USER\Desktop\safariSalama_FD\schooltransport\views.py", line 599, in admin_dashboard
    return render(request, 'admin/dashboard.html', context)
  File "C:\Users\USER\Desktop\safariSalama_FD\venv\Lib\site-packages\django\shortcuts.py", line 24, in render
    content = loader.render_to_string(template_name, context, request, using=using)
  File "C:\Users\USER\Desktop\safariSalama_FD\venv\Lib\site-packages\django\template\loader.py", line 61, in render_to_string
    template = get_template(template_name, using=using)
  File "C:\Users\USER\Desktop\safariSalama_FD\venv\Lib\site-packages\django\template\loader.py", line 15, in get_template
    return engine.get_template(template_name)
           ~~~~~~~~~~~~~~~~~~~^^^^^^^^^^^^^^^
  File "C:\Users\USER\Desktop\safariSalama_FD\venv\Lib\site-packages\django\template\backends\django.py", line 33, in get_template
    return Template(self.engine.get_template(template_name), self)
                    ~~~~~~~~~~~~~~~~~~~~~~~~^^^^^^^^^^^^^^^
  File "C:\Users\USER\Desktop\safariSalama_FD\venv\Lib\site-packages\django\template\engine.py", line 175, in get_template
    template, origin = self.find_template(template_name)
                       ~~~~~~~~~~~~~~~~~~^^^^^^^^^^^^^^^
  File "C:\Users\USER\Desktop\safariSalama_FD\venv\Lib\site-packages\django\template\engine.py", line 157, in find_template
    template = loader.get_template(name, skip=skip)
  File "C:\Users\USER\Desktop\safariSalama_FD\venv\Lib\site-packages\django\template\loaders\cached.py", line 57, in get_template
    template = super().get_template(template_name, skip)
  File "C:\Users\USER\Desktop\safariSalama_FD\venv\Lib\site-packages\django\template\loaders\base.py", line 28, in get_template
    return Template(
        contents,
    ...<2 lines>...
        self.engine,
    )
  File "C:\Users\USER\Desktop\safariSalama_FD\venv\Lib\site-packages\django\template\base.py", line 154, in __init__
    self.nodelist = self.compile_nodelist()
                    ~~~~~~~~~~~~~~~~~~~~~^^
  File "C:\Users\USER\Desktop\safariSalama_FD\venv\Lib\site-packages\django\template\base.py", line 200, in compile_nodelist
    return parser.parse()
           ~~~~~~~~~~~~^^
  File "C:\Users\USER\Desktop\safariSalama_FD\venv\Lib\site-packages\django\template\base.py", line 484, in parse
    raise self.error(token, e)
  File "C:\Users\USER\Desktop\safariSalama_FD\venv\Lib\site-packages\django\template\base.py", line 482, in parse
    filter_expression = self.compile_filter(token.contents)
  File "C:\Users\USER\Desktop\safariSalama_FD\venv\Lib\site-packages\django\template\base.py", line 600, in compile_filter
    return FilterExpression(token, self)
  File "C:\Users\USER\Desktop\safariSalama_FD\venv\Lib\site-packages\django\template\base.py", line 703, in __init__
    raise TemplateSyntaxError(
    ...<2 lines>...
    )
django.template.exceptions.TemplateSyntaxError: Could not parse the remainder: ' if school else 'N/A'' from 'school.name if school else 'N/A''
ERROR 2025-11-16 07:36:25,124 runserver 37336 38348 [35;1mHTTP GET /admin/landing/ 500 [0.07, 127.0.0.1:53536][0m
INFO 2025-11-16 07:37:05,479 runserver 37336 38348 [32mHTTP GET /admin/landing/?id=a976624c-a6b1-4949-891b-8c452824e5dc&vscodeBrowserReqId=1763267825166 302 [0.01, 127.0.0.1:55586][0m
INFO 2025-11-16 07:37:05,489 runserver 37336 38348 [mHTTP GET /login/?next=/admin/landing/%3Fid%3Da976624c-a6b1-4949-891b-8c452824e5dc%26vscodeBrowserReqId%3D1763267825166 200 [0.01, 127.0.0.1:55586][0m
ERROR 2025-11-16 07:37:44,630 log 37336 17152 Internal Server Error: /admin/landing/
Traceback (most recent call last):
  File "C:\Users\USER\Desktop\safariSalama_FD\venv\Lib\site-packages\asgiref\sync.py", line 552, in thread_handler
    raise exc_info[1]
  File "C:\Users\USER\Desktop\safariSalama_FD\venv\Lib\site-packages\django\core\handlers\exception.py", line 42, in inner
    response = await get_response(request)
               ^^^^^^^^^^^^^^^^^^^^^^^^^^^
  File "C:\Users\USER\Desktop\safariSalama_FD\venv\Lib\site-packages\asgiref\sync.py", line 552, in thread_handler
    raise exc_info[1]
  File "C:\Users\USER\Desktop\safariSalama_FD\venv\Lib\site-packages\django\core\handlers\base.py", line 253, in _get_response_async
    response = await wrapped_callback(
               ^^^^^^^^^^^^^^^^^^^^^^^
        request, *callback_args, **callback_kwargs
        ^^^^^^^^^^^^^^^^^^^^^^^^^^^^^^^^^^^^^^^^^^
    )
    ^
  File "C:\Users\USER\Desktop\safariSalama_FD\venv\Lib\site-packages\asgiref\sync.py", line 502, in __call__
    ret = await asyncio.shield(exec_coro)
          ^^^^^^^^^^^^^^^^^^^^^^^^^^^^^^^
  File "C:\Users\USER\AppData\Local\Programs\Python\Python314\Lib\concurrent\futures\thread.py", line 86, in run
    result = ctx.run(self.task)
  File "C:\Users\USER\AppData\Local\Programs\Python\Python314\Lib\concurrent\futures\thread.py", line 73, in run
    return fn(*args, **kwargs)
  File "C:\Users\USER\Desktop\safariSalama_FD\venv\Lib\site-packages\asgiref\sync.py", line 556, in thread_handler
    return func(*args, **kwargs)
  File "C:\Users\USER\Desktop\safariSalama_FD\venv\Lib\site-packages\django\contrib\auth\decorators.py", line 23, in _wrapper_view
    return view_func(request, *args, **kwargs)
  File "C:\Users\USER\Desktop\safariSalama_FD\schooltransport\views.py", line 599, in admin_dashboard
    return render(request, 'admin/dashboard.html', context)
  File "C:\Users\USER\Desktop\safariSalama_FD\venv\Lib\site-packages\django\shortcuts.py", line 24, in render
    content = loader.render_to_string(template_name, context, request, using=using)
  File "C:\Users\USER\Desktop\safariSalama_FD\venv\Lib\site-packages\django\template\loader.py", line 61, in render_to_string
    template = get_template(template_name, using=using)
  File "C:\Users\USER\Desktop\safariSalama_FD\venv\Lib\site-packages\django\template\loader.py", line 15, in get_template
    return engine.get_template(template_name)
           ~~~~~~~~~~~~~~~~~~~^^^^^^^^^^^^^^^
  File "C:\Users\USER\Desktop\safariSalama_FD\venv\Lib\site-packages\django\template\backends\django.py", line 33, in get_template
    return Template(self.engine.get_template(template_name), self)
                    ~~~~~~~~~~~~~~~~~~~~~~~~^^^^^^^^^^^^^^^
  File "C:\Users\USER\Desktop\safariSalama_FD\venv\Lib\site-packages\django\template\engine.py", line 175, in get_template
    template, origin = self.find_template(template_name)
                       ~~~~~~~~~~~~~~~~~~^^^^^^^^^^^^^^^
  File "C:\Users\USER\Desktop\safariSalama_FD\venv\Lib\site-packages\django\template\engine.py", line 157, in find_template
    template = loader.get_template(name, skip=skip)
  File "C:\Users\USER\Desktop\safariSalama_FD\venv\Lib\site-packages\django\template\loaders\cached.py", line 57, in get_template
    template = super().get_template(template_name, skip)
  File "C:\Users\USER\Desktop\safariSalama_FD\venv\Lib\site-packages\django\template\loaders\base.py", line 28, in get_template
    return Template(
        contents,
    ...<2 lines>...
        self.engine,
    )
  File "C:\Users\USER\Desktop\safariSalama_FD\venv\Lib\site-packages\django\template\base.py", line 154, in __init__
    self.nodelist = self.compile_nodelist()
                    ~~~~~~~~~~~~~~~~~~~~~^^
  File "C:\Users\USER\Desktop\safariSalama_FD\venv\Lib\site-packages\django\template\base.py", line 200, in compile_nodelist
    return parser.parse()
           ~~~~~~~~~~~~^^
  File "C:\Users\USER\Desktop\safariSalama_FD\venv\Lib\site-packages\django\template\base.py", line 484, in parse
    raise self.error(token, e)
  File "C:\Users\USER\Desktop\safariSalama_FD\venv\Lib\site-packages\django\template\base.py", line 482, in parse
    filter_expression = self.compile_filter(token.contents)
  File "C:\Users\USER\Desktop\safariSalama_FD\venv\Lib\site-packages\django\template\base.py", line 600, in compile_filter
    return FilterExpression(token, self)
  File "C:\Users\USER\Desktop\safariSalama_FD\venv\Lib\site-packages\django\template\base.py", line 703, in __init__
    raise TemplateSyntaxError(
    ...<2 lines>...
    )
django.template.exceptions.TemplateSyntaxError: Could not parse the remainder: ' if school else 'N/A'' from 'school.name if school else 'N/A''
ERROR 2025-11-16 07:37:44,636 runserver 37336 38348 [35;1mHTTP GET /admin/landing/ 500 [0.04, 127.0.0.1:63333][0m
INFO 2025-11-16 07:38:22,231 runserver 37336 38348 [mHTTP GET /guardian/trips/ 200 [0.02, 127.0.0.1:61302][0m
WARNING 2025-11-16 07:39:27,295 log 37336 17152 Not Found: /attendant/
WARNING 2025-11-16 07:39:27,295 runserver 37336 38348 [33mHTTP GET /attendant/ 404 [0.01, 127.0.0.1:54243][0m
INFO 2025-11-16 07:40:41,569 autoreload 26540 30112 C:\Users\USER\Desktop\safariSalama_FD\schooltransport\views.py changed, reloading.
INFO 2025-11-16 07:40:41,574 autoreload 37336 34788 C:\Users\USER\Desktop\safariSalama_FD\schooltransport\views.py changed, reloading.
INFO 2025-11-16 07:40:41,586 autoreload 16004 25024 C:\Users\USER\Desktop\safariSalama_FD\schooltransport\views.py changed, reloading.
INFO 2025-11-16 07:40:44,012 autoreload 31520 19752 Watching for file changes with StatReloader
INFO 2025-11-16 07:40:44,012 autoreload 29060 15300 Watching for file changes with StatReloader
INFO 2025-11-16 07:40:44,013 autoreload 9180 34508 Watching for file changes with StatReloader
INFO 2025-11-16 07:40:47,007 autoreload 31520 19752 C:\Users\USER\Desktop\safariSalama_FD\schooltransport\urls.py changed, reloading.
INFO 2025-11-16 07:40:47,011 autoreload 9180 34508 C:\Users\USER\Desktop\safariSalama_FD\schooltransport\urls.py changed, reloading.
INFO 2025-11-16 07:40:47,028 autoreload 29060 15300 C:\Users\USER\Desktop\safariSalama_FD\schooltransport\urls.py changed, reloading.
INFO 2025-11-16 07:40:48,093 autoreload 24068 12096 Watching for file changes with StatReloader
INFO 2025-11-16 07:40:48,094 autoreload 22044 17780 Watching for file changes with StatReloader
INFO 2025-11-16 07:40:48,094 autoreload 1560 29280 Watching for file changes with StatReloader
INFO 2025-11-16 07:40:52,948 autoreload 22044 17780 C:\Users\USER\Desktop\safariSalama_FD\schooltransport\urls.py changed, reloading.
INFO 2025-11-16 07:40:52,952 autoreload 24068 12096 C:\Users\USER\Desktop\safariSalama_FD\schooltransport\views.py changed, reloading.
INFO 2025-11-16 07:40:52,952 autoreload 1560 29280 C:\Users\USER\Desktop\safariSalama_FD\schooltransport\urls.py changed, reloading.
INFO 2025-11-16 07:40:54,040 autoreload 38164 31388 Watching for file changes with StatReloader
INFO 2025-11-16 07:40:54,040 autoreload 5808 6940 Watching for file changes with StatReloader
INFO 2025-11-16 07:40:54,040 autoreload 14760 33844 Watching for file changes with StatReloader
INFO 2025-11-16 07:40:58,485 runserver 5808 26552 [32mHTTP GET /attendant/?id=a976624c-a6b1-4949-891b-8c452824e5dc&vscodeBrowserReqId=1763268058166 302 [0.01, 127.0.0.1:63116][0m
INFO 2025-11-16 07:40:58,498 runserver 5808 26552 [mHTTP GET /login/?next=/attendant/%3Fid%3Da976624c-a6b1-4949-891b-8c452824e5dc%26vscodeBrowserReqId%3D1763268058166 200 [0.01, 127.0.0.1:63116][0m
INFO 2025-11-16 07:41:12,709 runserver 5808 26552 [mHTTP GET /attendant/ 200 [0.01, 127.0.0.1:54658][0m
INFO 2025-11-16 07:42:16,232 runserver 5808 26552 [mHTTP GET /login/ 200 [0.01, 127.0.0.1:63580][0m
INFO 2025-11-16 07:42:31,058 runserver 5808 26552 [32mHTTP POST /login/ 302 [0.47, 127.0.0.1:55609][0m
INFO 2025-11-16 07:42:31,072 runserver 5808 26552 [32mHTTP GET / 302 [0.01, 127.0.0.1:55609][0m
INFO 2025-11-16 07:42:31,085 runserver 5808 26552 [mHTTP GET /attendant/ 200 [0.01, 127.0.0.1:55609][0m
INFO 2025-11-16 07:42:46,654 runserver 5808 26552 [mHTTP GET /driver/ 200 [0.01, 127.0.0.1:58020][0m
INFO 2025-11-16 07:44:46,543 runserver 5808 26552 [32mHTTP GET /admin/landing/ 302 [0.01, 127.0.0.1:60526][0m
INFO 2025-11-16 07:44:46,551 runserver 5808 26552 [mHTTP GET /login/ 200 [0.01, 127.0.0.1:60526][0m
INFO 2025-11-16 07:44:59,327 runserver 5808 26552 [32mHTTP POST /login/ 302 [0.49, 127.0.0.1:51088][0m
INFO 2025-11-16 07:44:59,345 runserver 5808 26552 [32mHTTP GET / 302 [0.01, 127.0.0.1:51088][0m
ERROR 2025-11-16 07:44:59,504 log 5808 12812 Internal Server Error: /admin/landing/
Traceback (most recent call last):
  File "C:\Users\USER\Desktop\safariSalama_FD\venv\Lib\site-packages\asgiref\sync.py", line 552, in thread_handler
    raise exc_info[1]
  File "C:\Users\USER\Desktop\safariSalama_FD\venv\Lib\site-packages\django\core\handlers\exception.py", line 42, in inner
    response = await get_response(request)
               ^^^^^^^^^^^^^^^^^^^^^^^^^^^
  File "C:\Users\USER\Desktop\safariSalama_FD\venv\Lib\site-packages\asgiref\sync.py", line 552, in thread_handler
    raise exc_info[1]
  File "C:\Users\USER\Desktop\safariSalama_FD\venv\Lib\site-packages\django\core\handlers\base.py", line 253, in _get_response_async
    response = await wrapped_callback(
               ^^^^^^^^^^^^^^^^^^^^^^^
        request, *callback_args, **callback_kwargs
        ^^^^^^^^^^^^^^^^^^^^^^^^^^^^^^^^^^^^^^^^^^
    )
    ^
  File "C:\Users\USER\Desktop\safariSalama_FD\venv\Lib\site-packages\asgiref\sync.py", line 502, in __call__
    ret = await asyncio.shield(exec_coro)
          ^^^^^^^^^^^^^^^^^^^^^^^^^^^^^^^
  File "C:\Users\USER\AppData\Local\Programs\Python\Python314\Lib\concurrent\futures\thread.py", line 86, in run
    result = ctx.run(self.task)
  File "C:\Users\USER\AppData\Local\Programs\Python\Python314\Lib\concurrent\futures\thread.py", line 73, in run
    return fn(*args, **kwargs)
  File "C:\Users\USER\Desktop\safariSalama_FD\venv\Lib\site-packages\asgiref\sync.py", line 556, in thread_handler
    return func(*args, **kwargs)
  File "C:\Users\USER\Desktop\safariSalama_FD\venv\Lib\site-packages\django\contrib\auth\decorators.py", line 23, in _wrapper_view
    return view_func(request, *args, **kwargs)
  File "C:\Users\USER\Desktop\safariSalama_FD\schooltransport\views.py", line 613, in admin_dashboard
    return render(request, 'admin/dashboard.html', context)
  File "C:\Users\USER\Desktop\safariSalama_FD\venv\Lib\site-packages\django\shortcuts.py", line 24, in render
    content = loader.render_to_string(template_name, context, request, using=using)
  File "C:\Users\USER\Desktop\safariSalama_FD\venv\Lib\site-packages\django\template\loader.py", line 61, in render_to_string
    template = get_template(template_name, using=using)
  File "C:\Users\USER\Desktop\safariSalama_FD\venv\Lib\site-packages\django\template\loader.py", line 15, in get_template
    return engine.get_template(template_name)
           ~~~~~~~~~~~~~~~~~~~^^^^^^^^^^^^^^^
  File "C:\Users\USER\Desktop\safariSalama_FD\venv\Lib\site-packages\django\template\backends\django.py", line 33, in get_template
    return Template(self.engine.get_template(template_name), self)
                    ~~~~~~~~~~~~~~~~~~~~~~~~^^^^^^^^^^^^^^^
  File "C:\Users\USER\Desktop\safariSalama_FD\venv\Lib\site-packages\django\template\engine.py", line 175, in get_template
    template, origin = self.find_template(template_name)
                       ~~~~~~~~~~~~~~~~~~^^^^^^^^^^^^^^^
  File "C:\Users\USER\Desktop\safariSalama_FD\venv\Lib\site-packages\django\template\engine.py", line 157, in find_template
    template = loader.get_template(name, skip=skip)
  File "C:\Users\USER\Desktop\safariSalama_FD\venv\Lib\site-packages\django\template\loaders\cached.py", line 57, in get_template
    template = super().get_template(template_name, skip)
  File "C:\Users\USER\Desktop\safariSalama_FD\venv\Lib\site-packages\django\template\loaders\base.py", line 28, in get_template
    return Template(
        contents,
    ...<2 lines>...
        self.engine,
    )
  File "C:\Users\USER\Desktop\safariSalama_FD\venv\Lib\site-packages\django\template\base.py", line 154, in __init__
    self.nodelist = self.compile_nodelist()
                    ~~~~~~~~~~~~~~~~~~~~~^^
  File "C:\Users\USER\Desktop\safariSalama_FD\venv\Lib\site-packages\django\template\base.py", line 200, in compile_nodelist
    return parser.parse()
           ~~~~~~~~~~~~^^
  File "C:\Users\USER\Desktop\safariSalama_FD\venv\Lib\site-packages\django\template\base.py", line 484, in parse
    raise self.error(token, e)
  File "C:\Users\USER\Desktop\safariSalama_FD\venv\Lib\site-packages\django\template\base.py", line 482, in parse
    filter_expression = self.compile_filter(token.contents)
  File "C:\Users\USER\Desktop\safariSalama_FD\venv\Lib\site-packages\django\template\base.py", line 600, in compile_filter
    return FilterExpression(token, self)
  File "C:\Users\USER\Desktop\safariSalama_FD\venv\Lib\site-packages\django\template\base.py", line 703, in __init__
    raise TemplateSyntaxError(
    ...<2 lines>...
    )
django.template.exceptions.TemplateSyntaxError: Could not parse the remainder: ' if school else 'N/A'' from 'school.name if school else 'N/A''
ERROR 2025-11-16 07:44:59,513 runserver 5808 26552 [35;1mHTTP GET /admin/landing/ 500 [0.16, 127.0.0.1:51088][0m
INFO 2025-11-16 07:45:59,679 runserver 5808 26552 [32mHTTP GET /admin/landing/?id=a976624c-a6b1-4949-891b-8c452824e5dc&vscodeBrowserReqId=1763268359356 302 [0.01, 127.0.0.1:53772][0m
INFO 2025-11-16 07:45:59,694 runserver 5808 26552 [mHTTP GET /login/?next=/admin/landing/%3Fid%3Da976624c-a6b1-4949-891b-8c452824e5dc%26vscodeBrowserReqId%3D1763268359356 200 [0.01, 127.0.0.1:53772][0m
INFO 2025-11-16 07:46:23,430 runserver 5808 26552 [mHTTP GET /admin/landing/ 200 [0.01, 127.0.0.1:54828][0m
INFO 2025-11-16 07:47:23,493 runserver 5808 26552 [mHTTP GET /login/ 200 [0.02, 127.0.0.1:52406][0m
INFO 2025-11-16 07:47:34,391 runserver 5808 26552 [32mHTTP POST /login/ 302 [0.43, 127.0.0.1:54459][0m
INFO 2025-11-16 07:47:34,399 runserver 5808 26552 [mHTTP GET /login/ 200 [0.00, 127.0.0.1:54459][0m
INFO 2025-11-16 07:47:42,877 runserver 5808 26552 [32mHTTP POST /login/ 302 [0.51, 127.0.0.1:53258][0m
INFO 2025-11-16 07:47:42,891 runserver 5808 26552 [32mHTTP GET / 302 [0.01, 127.0.0.1:53258][0m
INFO 2025-11-16 07:47:42,908 runserver 5808 26552 [mHTTP GET /admin/landing/ 200 [0.01, 127.0.0.1:53258][0m
INFO 2025-11-16 07:58:00,236 runserver 5808 26552 [32mHTTP GET /driver/?id=a976624c-a6b1-4949-891b-8c452824e5dc&vscodeBrowserReqId=1763269079915 302 [0.01, 127.0.0.1:62496][0m
INFO 2025-11-16 07:58:00,244 runserver 5808 26552 [mHTTP GET /login/?next=/driver/%3Fid%3Da976624c-a6b1-4949-891b-8c452824e5dc%26vscodeBrowserReqId%3D1763269079915 200 [0.01, 127.0.0.1:62496][0m
INFO 2025-11-16 07:58:03,185 runserver 5808 26552 [32mHTTP GET /guardian/?id=a976624c-a6b1-4949-891b-8c452824e5dc&vscodeBrowserReqId=1763269083177 302 [0.00, 127.0.0.1:62496][0m
INFO 2025-11-16 07:58:03,193 runserver 5808 26552 [mHTTP GET /login/?next=/guardian/%3Fid%3Da976624c-a6b1-4949-891b-8c452824e5dc%26vscodeBrowserReqId%3D1763269083177 200 [0.00, 127.0.0.1:62496][0m
INFO 2025-11-16 08:28:46,832 runserver 5808 26552 [mHTTP GET /driver/ 200 [0.07, 127.0.0.1:61457][0m
INFO 2025-11-16 08:43:17,711 runserver 5808 26552 [mHTTP GET /driver/ 200 [0.04, 127.0.0.1:49674][0m
WARNING 2025-11-16 08:43:26,511 log 5808 12812 Bad Request: /driver/location/update/
WARNING 2025-11-16 08:43:26,512 runserver 5808 26552 [31;1mHTTP POST /driver/location/update/ 400 [0.01, 127.0.0.1:51552][0m
INFO 2025-11-16 08:44:08,313 runserver 5808 26552 [mHTTP GET /attendant/ 200 [0.03, 127.0.0.1:60274][0m
INFO 2025-11-16 08:44:11,579 runserver 5808 26552 [mHTTP GET /guardian/ 200 [0.05, 127.0.0.1:60274][0m
WARNING 2025-11-16 08:56:09,917 log 5808 12812 Bad Request: /driver/location/update/
WARNING 2025-11-16 08:56:09,918 runserver 5808 26552 [31;1mHTTP POST /driver/location/update/ 400 [0.01, 127.0.0.1:52557][0m
INFO 2025-11-16 08:56:13,094 runserver 5808 26552 [mHTTP GET /driver/ 200 [0.01, 127.0.0.1:52557][0m
WARNING 2025-11-16 08:56:13,186 log 5808 12812 Bad Request: /driver/location/update/
WARNING 2025-11-16 08:56:13,186 runserver 5808 26552 [31;1mHTTP POST /driver/location/update/ 400 [0.01, 127.0.0.1:52557][0m
WARNING 2025-11-16 08:56:38,405 log 5808 12812 Bad Request: /driver/location/update/
WARNING 2025-11-16 08:56:38,406 runserver 5808 26552 [31;1mHTTP POST /driver/location/update/ 400 [0.01, 127.0.0.1:62302][0m
WARNING 2025-11-16 08:56:53,254 log 5808 12812 Bad Request: /driver/location/update/
WARNING 2025-11-16 08:56:53,255 runserver 5808 26552 [31;1mHTTP POST /driver/location/update/ 400 [0.01, 127.0.0.1:49673][0m
WARNING 2025-11-16 08:57:04,232 log 5808 12812 Bad Request: /driver/location/update/
WARNING 2025-11-16 08:57:04,233 runserver 5808 26552 [31;1mHTTP POST /driver/location/update/ 400 [0.01, 127.0.0.1:55696][0m
WARNING 2025-11-16 08:57:15,077 log 5808 12812 Bad Request: /driver/location/update/
WARNING 2025-11-16 08:57:15,077 runserver 5808 26552 [31;1mHTTP POST /driver/location/update/ 400 [0.01, 127.0.0.1:60052][0m
INFO 2025-11-16 08:58:34,426 runserver 5808 26552 [mHTTP GET /login/ 200 [0.05, 127.0.0.1:59894][0m
INFO 2025-11-16 08:58:46,881 runserver 5808 26552 [32mHTTP POST /login/ 302 [0.46, 127.0.0.1:54132][0m
INFO 2025-11-16 08:58:46,894 runserver 5808 26552 [32mHTTP GET / 302 [0.01, 127.0.0.1:54132][0m
INFO 2025-11-16 08:58:46,913 runserver 5808 26552 [mHTTP GET /guardian/ 200 [0.02, 127.0.0.1:54132][0m
INFO 2025-11-16 09:06:02,059 autoreload 5808 6940 C:\Users\USER\Desktop\safariSalama_FD\schooltransport\models.py changed, reloading.
INFO 2025-11-16 09:06:02,060 autoreload 38164 31388 C:\Users\USER\Desktop\safariSalama_FD\schooltransport\models.py changed, reloading.
INFO 2025-11-16 09:06:02,067 autoreload 14760 33844 C:\Users\USER\Desktop\safariSalama_FD\schooltransport\models.py changed, reloading.
INFO 2025-11-16 09:06:04,481 autoreload 15328 22492 Watching for file changes with StatReloader
INFO 2025-11-16 09:06:04,482 autoreload 18504 32900 Watching for file changes with StatReloader
INFO 2025-11-16 09:06:20,913 autoreload 8592 22048 C:\Users\USER\Desktop\safariSalama_FD\schooltransport\views.py changed, reloading.
INFO 2025-11-16 09:06:20,916 autoreload 15328 22492 C:\Users\USER\Desktop\safariSalama_FD\schooltransport\views.py changed, reloading.
INFO 2025-11-16 09:06:20,930 autoreload 18504 32900 C:\Users\USER\Desktop\safariSalama_FD\schooltransport\views.py changed, reloading.
INFO 2025-11-16 09:06:22,037 autoreload 19156 20120 Watching for file changes with StatReloader
INFO 2025-11-16 09:06:22,038 autoreload 29272 7104 Watching for file changes with StatReloader
INFO 2025-11-16 09:06:22,038 autoreload 8528 30412 Watching for file changes with StatReloader
INFO 2025-11-16 09:06:32,073 autoreload 19156 20120 C:\Users\USER\Desktop\safariSalama_FD\schooltransport\urls.py changed, reloading.
INFO 2025-11-16 09:06:32,078 autoreload 8528 30412 C:\Users\USER\Desktop\safariSalama_FD\schooltransport\urls.py changed, reloading.
INFO 2025-11-16 09:06:32,083 autoreload 29272 7104 C:\Users\USER\Desktop\safariSalama_FD\schooltransport\urls.py changed, reloading.
INFO 2025-11-16 09:06:33,146 autoreload 9580 27436 Watching for file changes with StatReloader
INFO 2025-11-16 09:06:33,146 autoreload 17936 12668 Watching for file changes with StatReloader
INFO 2025-11-16 09:06:33,146 autoreload 31508 15716 Watching for file changes with StatReloader
INFO 2025-11-16 09:12:52,640 autoreload 37836 10944 Watching for file changes with StatReloader
INFO 2025-11-16 09:13:04,918 runserver 37836 6148 [mHTTP GET /biometric/scanner/?bus_id=1&id=a976624c-a6b1-4949-891b-8c452824e5dc&vscodeBrowserReqId=1763273584502 200 [0.11, 127.0.0.1:55200][0m
INFO 2025-11-16 09:13:46,629 runserver 37836 6148 [mHTTP GET /biometric/scanner/?bus_id=1 200 [0.03, 127.0.0.1:60758][0m
INFO 2025-11-16 09:14:14,961 runserver 37836 6148 [mHTTP GET /login/ 200 [0.03, 127.0.0.1:59221][0m
INFO 2025-11-16 09:14:33,566 runserver 37836 6148 [32mHTTP POST /login/ 302 [1.32, 127.0.0.1:53330][0m
INFO 2025-11-16 09:14:33,604 runserver 37836 6148 [32mHTTP GET / 302 [0.03, 127.0.0.1:53330][0m
INFO 2025-11-16 09:14:33,665 runserver 37836 6148 [mHTTP GET /guardian/ 200 [0.05, 127.0.0.1:53330][0m
ERROR 2025-11-16 09:14:51,925 log 37836 16688 Internal Server Error: /guardian/student/1/status/
Traceback (most recent call last):
  File "C:\Users\USER\Desktop\safariSalama_FD\venv\Lib\site-packages\asgiref\sync.py", line 552, in thread_handler
    raise exc_info[1]
  File "C:\Users\USER\Desktop\safariSalama_FD\venv\Lib\site-packages\django\core\handlers\exception.py", line 42, in inner
    response = await get_response(request)
               ^^^^^^^^^^^^^^^^^^^^^^^^^^^
  File "C:\Users\USER\Desktop\safariSalama_FD\venv\Lib\site-packages\asgiref\sync.py", line 552, in thread_handler
    raise exc_info[1]
  File "C:\Users\USER\Desktop\safariSalama_FD\venv\Lib\site-packages\django\core\handlers\base.py", line 253, in _get_response_async
    response = await wrapped_callback(
               ^^^^^^^^^^^^^^^^^^^^^^^
        request, *callback_args, **callback_kwargs
        ^^^^^^^^^^^^^^^^^^^^^^^^^^^^^^^^^^^^^^^^^^
    )
    ^
  File "C:\Users\USER\Desktop\safariSalama_FD\venv\Lib\site-packages\asgiref\sync.py", line 502, in __call__
    ret = await asyncio.shield(exec_coro)
          ^^^^^^^^^^^^^^^^^^^^^^^^^^^^^^^
  File "C:\Users\USER\AppData\Local\Programs\Python\Python314\Lib\concurrent\futures\thread.py", line 86, in run
    result = ctx.run(self.task)
  File "C:\Users\USER\AppData\Local\Programs\Python\Python314\Lib\concurrent\futures\thread.py", line 73, in run
    return fn(*args, **kwargs)
  File "C:\Users\USER\Desktop\safariSalama_FD\venv\Lib\site-packages\asgiref\sync.py", line 556, in thread_handler
    return func(*args, **kwargs)
  File "C:\Users\USER\Desktop\safariSalama_FD\venv\Lib\site-packages\django\contrib\auth\decorators.py", line 23, in _wrapper_view
    return view_func(request, *args, **kwargs)
  File "C:\Users\USER\Desktop\safariSalama_FD\schooltransport\views.py", line 176, in student_status
    latest_location = bus.location_history.latest('timestamp')
  File "C:\Users\USER\Desktop\safariSalama_FD\venv\Lib\site-packages\django\db\models\manager.py", line 87, in manager_method
    return getattr(self.get_queryset(), name)(*args, **kwargs)
           ~~~~~~~~~~~~~~~~~~~~~~~~~~~~~~~~~~^^^^^^^^^^^^^^^^^
  File "C:\Users\USER\Desktop\safariSalama_FD\venv\Lib\site-packages\django\db\models\query.py", line 1045, in latest
    return self.reverse()._earliest(*fields)
           ~~~~~~~~~~~~~~~~~~~~~~~~^^^^^^^^^
  File "C:\Users\USER\Desktop\safariSalama_FD\venv\Lib\site-packages\django\db\models\query.py", line 1028, in _earliest
    return obj.get()
           ~~~~~~~^^
  File "C:\Users\USER\Desktop\safariSalama_FD\venv\Lib\site-packages\django\db\models\query.py", line 637, in get
    raise self.model.DoesNotExist(
        "%s matching query does not exist." % self.model._meta.object_name
    )
schooltransport.models.BusLocation.DoesNotExist: BusLocation matching query does not exist.
ERROR 2025-11-16 09:14:51,941 runserver 37836 6148 [35;1mHTTP GET /guardian/student/1/status/ 500 [0.44, 127.0.0.1:55017][0m
INFO 2025-11-16 09:15:12,115 runserver 37836 6148 [32mHTTP GET /admin/landing/ 302 [0.02, 127.0.0.1:52217][0m
INFO 2025-11-16 09:15:12,136 runserver 37836 6148 [mHTTP GET /login/ 200 [0.01, 127.0.0.1:52217][0m
WARNING 2025-11-16 09:15:19,558 log 37836 16688 Bad Request: /driver/location/update/
WARNING 2025-11-16 09:15:19,560 runserver 37836 6148 [31;1mHTTP POST /driver/location/update/ 400 [0.02, 127.0.0.1:55188][0m
WARNING 2025-11-16 09:16:59,282 log 37836 16688 Bad Request: /driver/location/update/
WARNING 2025-11-16 09:16:59,284 runserver 37836 6148 [31;1mHTTP POST /driver/location/update/ 400 [0.02, 127.0.0.1:64764][0m
INFO 2025-11-16 09:17:09,304 runserver 37836 6148 [mHTTP GET /login/ 200 [0.02, 127.0.0.1:57379][0m
INFO 2025-11-16 09:17:45,066 runserver 37836 6148 [32mHTTP POST /login/ 302 [1.27, 127.0.0.1:52683][0m
INFO 2025-11-16 09:17:45,099 runserver 37836 6148 [32mHTTP GET / 302 [0.02, 127.0.0.1:52683][0m
INFO 2025-11-16 09:17:45,180 runserver 37836 6148 [mHTTP GET /attendant/ 200 [0.07, 127.0.0.1:52683][0m
WARNING 2025-11-16 09:20:18,618 log 37836 16688 Unauthorized: /biometric/verify/
WARNING 2025-11-16 09:20:18,620 runserver 37836 6148 [31;1mHTTP POST /biometric/verify/ 401 [0.03, 127.0.0.1:52046][0m
WARNING 2025-11-16 09:20:37,762 log 37836 16688 Unauthorized: /biometric/verify/
WARNING 2025-11-16 09:20:37,765 runserver 37836 6148 [31;1mHTTP POST /biometric/verify/ 401 [0.03, 127.0.0.1:49778][0m
WARNING 2025-11-16 09:20:58,313 log 37836 16688 Unauthorized: /biometric/verify/
WARNING 2025-11-16 09:20:58,314 runserver 37836 6148 [31;1mHTTP POST /biometric/verify/ 401 [0.02, 127.0.0.1:55480][0m
INFO 2025-11-16 09:21:20,421 autoreload 17936 12668 C:\Users\USER\Desktop\safariSalama_FD\schooltransport\urls.py changed, reloading.
INFO 2025-11-16 09:21:20,443 autoreload 37836 10944 C:\Users\USER\Desktop\safariSalama_FD\schooltransport\models.py changed, reloading.
INFO 2025-11-16 09:21:20,450 autoreload 9580 27436 C:\Users\USER\Desktop\safariSalama_FD\schooltransport\urls.py changed, reloading.
INFO 2025-11-16 09:21:22,030 autoreload 19512 30560 Watching for file changes with StatReloader
INFO 2025-11-16 09:21:22,030 autoreload 4016 36928 Watching for file changes with StatReloader
INFO 2025-11-16 09:22:37,664 runserver 4016 18400 [mHTTP GET /biometric/scanner/?bus_id=1 200 [0.07, 127.0.0.1:52261][0m
WARNING 2025-11-16 09:22:42,043 log 4016 8992 Unauthorized: /biometric/verify/
WARNING 2025-11-16 09:22:42,045 runserver 4016 18400 [31;1mHTTP POST /biometric/verify/ 401 [0.04, 127.0.0.1:52261][0m
INFO 2025-11-16 09:23:33,078 runserver 4016 18400 [mHTTP GET /biometric/scanner/?bus_id=1 200 [0.03, 127.0.0.1:51501][0m
WARNING 2025-11-16 09:24:06,579 log 4016 8992 Bad Request: /driver/location/update/
WARNING 2025-11-16 09:24:06,581 runserver 4016 18400 [31;1mHTTP POST /driver/location/update/ 400 [0.01, 127.0.0.1:60574][0m
WARNING 2025-11-16 09:24:58,044 log 4016 8992 Unauthorized: /biometric/verify/
WARNING 2025-11-16 09:24:58,046 runserver 4016 18400 [31;1mHTTP POST /biometric/verify/ 401 [0.02, 127.0.0.1:53299][0m
WARNING 2025-11-16 09:26:22,537 log 4016 8992 Unauthorized: /biometric/verify/
WARNING 2025-11-16 09:26:22,539 runserver 4016 18400 [31;1mHTTP POST /biometric/verify/ 401 [0.02, 127.0.0.1:60359][0m
WARNING 2025-11-16 09:54:56,068 log 4016 8992 Unauthorized: /biometric/verify/
WARNING 2025-11-16 09:54:56,070 runserver 4016 18400 [31;1mHTTP POST /biometric/verify/ 401 [0.02, 127.0.0.1:55713][0m
INFO 2025-11-16 10:00:27,377 autoreload 19512 30560 C:\Users\USER\Desktop\safariSalama_FD\schooltransport\views.py changed, reloading.
INFO 2025-11-16 10:00:27,562 autoreload 4016 36928 C:\Users\USER\Desktop\safariSalama_FD\schooltransport\views.py changed, reloading.
INFO 2025-11-16 10:00:27,575 autoreload 15500 33228 C:\Users\USER\Desktop\safariSalama_FD\schooltransport\views.py changed, reloading.
INFO 2025-11-16 10:00:28,904 autoreload 24072 18164 Watching for file changes with StatReloader
INFO 2025-11-16 10:00:29,076 autoreload 7652 8540 Watching for file changes with StatReloader
INFO 2025-11-16 10:00:29,093 autoreload 27236 37752 Watching for file changes with StatReloader
INFO 2025-11-16 10:00:38,323 autoreload 24072 18164 C:\Users\USER\Desktop\safariSalama_FD\schooltransport\urls.py changed, reloading.
INFO 2025-11-16 10:00:38,327 autoreload 27236 37752 C:\Users\USER\Desktop\safariSalama_FD\schooltransport\urls.py changed, reloading.
INFO 2025-11-16 10:00:38,338 autoreload 7652 8540 C:\Users\USER\Desktop\safariSalama_FD\schooltransport\urls.py changed, reloading.
INFO 2025-11-16 10:00:39,859 autoreload 15724 35632 Watching for file changes with StatReloader
INFO 2025-11-16 10:00:39,862 autoreload 11856 37460 Watching for file changes with StatReloader
INFO 2025-11-16 10:00:39,864 autoreload 19156 23016 Watching for file changes with StatReloader
INFO 2025-11-16 10:05:59,093 autoreload 15724 35632 C:\Users\USER\Desktop\safariSalama_FD\schooltransport\views.py changed, reloading.
INFO 2025-11-16 10:05:59,323 autoreload 19156 23016 C:\Users\USER\Desktop\safariSalama_FD\schooltransport\urls.py changed, reloading.
INFO 2025-11-16 10:06:00,579 autoreload 32240 8856 Watching for file changes with StatReloader
INFO 2025-11-16 10:06:00,806 autoreload 33744 35352 Watching for file changes with StatReloader
INFO 2025-11-16 10:38:21,328 autoreload 8384 37480 Watching for file changes with StatReloader
INFO 2025-11-16 10:47:53,433 autoreload 4400 35204 Watching for file changes with StatReloader
INFO 2025-11-16 10:48:20,057 runserver 4400 16388 [mHTTP GET /login/ 200 [0.07, 127.0.0.1:53009][0m
INFO 2025-11-16 10:48:30,418 runserver 4400 16388 [32mHTTP POST /login/ 302 [1.27, 127.0.0.1:59799][0m
INFO 2025-11-16 10:48:30,456 runserver 4400 16388 [32mHTTP GET / 302 [0.03, 127.0.0.1:59799][0m
INFO 2025-11-16 10:48:30,606 runserver 4400 16388 [mHTTP GET /driver/ 200 [0.14, 127.0.0.1:59799][0m
INFO 2025-11-16 10:48:30,649 runserver 4400 16388 [36mHTTP GET /static/js/role.js 304 [0.00, 127.0.0.1:59799][0m
INFO 2025-11-16 10:48:31,640 runserver 4400 16388 [mHTTP POST /driver/location/update/ 200 [0.03, 127.0.0.1:59799][0m
INFO 2025-11-16 10:48:47,962 runserver 4400 16388 [32mHTTP GET /admin/landing/ 302 [0.01, 127.0.0.1:56032][0m
INFO 2025-11-16 10:48:47,974 runserver 4400 16388 [mHTTP GET /login/ 200 [0.01, 127.0.0.1:56032][0m
INFO 2025-11-16 10:48:57,199 runserver 4400 16388 [32mHTTP POST /login/ 302 [1.57, 127.0.0.1:58341][0m
INFO 2025-11-16 10:48:57,229 runserver 4400 16388 [32mHTTP GET / 302 [0.02, 127.0.0.1:58341][0m
INFO 2025-11-16 10:48:57,301 runserver 4400 16388 [mHTTP GET /admin/landing/ 200 [0.07, 127.0.0.1:58341][0m
INFO 2025-11-16 10:53:27,965 runserver 4400 16388 [mHTTP GET /admin/landing/ 200 [0.01, 127.0.0.1:63024][0m
INFO 2025-11-16 11:00:25,882 runserver 4400 16388 [mHTTP GET /admin/landing/ 200 [0.07, 127.0.0.1:54959][0m
INFO 2025-11-16 11:00:52,299 runserver 4400 16388 [mHTTP GET /admin/students/ 200 [0.11, 127.0.0.1:56374][0m
INFO 2025-11-16 11:01:38,228 runserver 4400 16388 [32mHTTP POST /admin/students/ 302 [1.31, 127.0.0.1:54409][0m
INFO 2025-11-16 11:01:38,316 runserver 4400 16388 [mHTTP GET /admin/students/ 200 [0.08, 127.0.0.1:54409][0m
INFO 2025-11-16 11:03:31,448 runserver 4400 16388 [32mHTTP POST /admin/students/ 302 [1.41, 127.0.0.1:54484][0m
INFO 2025-11-16 11:03:31,510 runserver 4400 16388 [mHTTP GET /admin/students/ 200 [0.06, 127.0.0.1:54484][0m
INFO 2025-11-16 11:03:54,431 runserver 4400 16388 [mHTTP GET /admin/students/ 200 [0.05, 127.0.0.1:56422][0m
INFO 2025-11-16 11:04:03,756 runserver 4400 16388 [mHTTP GET /admin/buses/ 200 [0.09, 127.0.0.1:60118][0m
INFO 2025-11-16 11:04:33,369 runserver 4400 16388 [mHTTP GET /login/ 200 [0.03, 127.0.0.1:52482][0m
INFO 2025-11-16 11:05:13,697 runserver 4400 16388 [32mHTTP POST /register/ 302 [0.03, 127.0.0.1:63821][0m
INFO 2025-11-16 11:05:13,737 runserver 4400 16388 [mHTTP GET /login/ 200 [0.03, 127.0.0.1:63821][0m
INFO 2025-11-16 11:05:34,581 runserver 4400 16388 [32mHTTP POST /login/ 302 [1.25, 127.0.0.1:58604][0m
INFO 2025-11-16 11:05:34,601 runserver 4400 16388 [mHTTP GET /login/ 200 [0.02, 127.0.0.1:58604][0m
INFO 2025-11-16 11:05:46,965 runserver 4400 16388 [32mHTTP POST /login/ 302 [1.50, 127.0.0.1:53998][0m
INFO 2025-11-16 11:05:47,001 runserver 4400 16388 [32mHTTP GET / 302 [0.03, 127.0.0.1:53998][0m
INFO 2025-11-16 11:05:47,037 runserver 4400 16388 [mHTTP GET /driver/ 200 [0.03, 127.0.0.1:53998][0m
WARNING 2025-11-16 11:05:48,014 log 4400 36936 Bad Request: /driver/location/update/
WARNING 2025-11-16 11:05:48,015 runserver 4400 16388 [31;1mHTTP POST /driver/location/update/ 400 [0.01, 127.0.0.1:53998][0m
INFO 2025-11-16 11:06:14,863 runserver 4400 16388 [32mHTTP GET /admin/landing/ 302 [0.05, 127.0.0.1:60263][0m
INFO 2025-11-16 11:06:14,891 runserver 4400 16388 [mHTTP GET /login/ 200 [0.02, 127.0.0.1:60263][0m
INFO 2025-11-16 11:06:25,488 runserver 4400 16388 [32mHTTP GET /admin/landing/ 302 [0.02, 127.0.0.1:50772][0m
INFO 2025-11-16 11:06:25,509 runserver 4400 16388 [mHTTP GET /login/ 200 [0.01, 127.0.0.1:50772][0m
INFO 2025-11-16 11:06:36,420 runserver 4400 16388 [32mHTTP POST /login/ 302 [1.44, 127.0.0.1:64098][0m
INFO 2025-11-16 11:06:36,457 runserver 4400 16388 [32mHTTP GET / 302 [0.03, 127.0.0.1:64098][0m
INFO 2025-11-16 11:06:36,495 runserver 4400 16388 [mHTTP GET /admin/landing/ 200 [0.03, 127.0.0.1:64098][0m
INFO 2025-11-16 11:07:00,180 runserver 4400 16388 [mHTTP GET /admin/users/ 200 [0.09, 127.0.0.1:65350][0m
INFO 2025-11-16 11:07:40,690 runserver 4400 16388 [mHTTP POST /admin/users/ 200 [1.40, 127.0.0.1:51868][0m
INFO 2025-11-16 11:08:36,884 runserver 4400 16388 [32mHTTP POST /admin/users/ 302 [1.33, 127.0.0.1:61053][0m
INFO 2025-11-16 11:08:36,930 runserver 4400 16388 [mHTTP GET /admin/users/ 200 [0.04, 127.0.0.1:61053][0m
INFO 2025-11-16 11:08:51,962 runserver 4400 16388 [mHTTP GET /admin/landing/ 200 [0.03, 127.0.0.1:54777][0m
INFO 2025-11-16 11:08:57,531 runserver 4400 16388 [mHTTP GET /admin/buses/ 200 [0.04, 127.0.0.1:52642][0m
INFO 2025-11-16 11:09:23,402 runserver 4400 16388 [mHTTP GET /admin/landing/ 200 [0.04, 127.0.0.1:57349][0m
INFO 2025-11-16 11:09:41,201 runserver 4400 16388 [mHTTP GET /admin/students/ 200 [0.06, 127.0.0.1:64544][0m
INFO 2025-11-16 11:10:49,055 runserver 4400 16388 [32mHTTP POST /admin/students/ 302 [1.29, 127.0.0.1:49873][0m
INFO 2025-11-16 11:10:49,133 runserver 4400 16388 [mHTTP GET /admin/students/ 200 [0.07, 127.0.0.1:49873][0m
INFO 2025-11-16 11:11:13,569 runserver 4400 16388 [mHTTP GET /admin/landing/ 200 [0.03, 127.0.0.1:62528][0m
INFO 2025-11-16 11:11:59,792 runserver 4400 16388 [mHTTP GET /admin/buses/ 200 [0.03, 127.0.0.1:64460][0m
INFO 2025-11-16 11:12:34,256 runserver 4400 16388 [mHTTP POST /admin/buses/ 200 [0.04, 127.0.0.1:56325][0m
INFO 2025-11-16 11:12:48,964 runserver 4400 16388 [mHTTP GET /admin/landing/ 200 [0.04, 127.0.0.1:52131][0m
INFO 2025-11-16 11:12:56,559 runserver 4400 16388 [mHTTP GET /admin/landing/ 200 [0.04, 127.0.0.1:54861][0m
INFO 2025-11-16 11:13:00,033 runserver 4400 16388 [mHTTP GET /admin/landing/ 200 [0.03, 127.0.0.1:54861][0m
INFO 2025-11-16 11:13:08,824 runserver 4400 16388 [mHTTP GET /admin/buses/ 200 [0.03, 127.0.0.1:60326][0m
INFO 2025-11-16 11:13:43,432 runserver 4400 16388 [mHTTP GET /admin/landing/ 200 [0.03, 127.0.0.1:57782][0m
INFO 2025-11-16 11:14:09,733 runserver 4400 16388 [mHTTP GET /admin/users/ 200 [0.04, 127.0.0.1:61944][0m
INFO 2025-11-16 11:16:12,300 autoreload 4400 35204 C:\Users\USER\Desktop\safariSalama_FD\schooltransport\views.py changed, reloading.
INFO 2025-11-16 11:16:12,315 autoreload 32240 8856 C:\Users\USER\Desktop\safariSalama_FD\schooltransport\views.py changed, reloading.
INFO 2025-11-16 11:16:12,393 autoreload 33744 35352 C:\Users\USER\Desktop\safariSalama_FD\schooltransport\views.py changed, reloading.
INFO 2025-11-16 11:16:13,766 autoreload 25416 9140 Watching for file changes with StatReloader
INFO 2025-11-16 11:16:13,839 autoreload 38796 13712 Watching for file changes with StatReloader
INFO 2025-11-16 11:16:14,026 autoreload 35200 25868 Watching for file changes with StatReloader
INFO 2025-11-16 11:17:22,030 runserver 25416 18164 [32mHTTP GET /admin/buses/?id=a976624c-a6b1-4949-891b-8c452824e5dc&vscodeBrowserReqId=1763281041695 302 [0.02, 127.0.0.1:64554][0m
INFO 2025-11-16 11:17:22,059 runserver 25416 18164 [mHTTP GET /login/?next=/admin/buses/%3Fid%3Da976624c-a6b1-4949-891b-8c452824e5dc%26vscodeBrowserReqId%3D1763281041695 200 [0.02, 127.0.0.1:64554][0m
INFO 2025-11-16 11:17:53,722 runserver 25416 18164 [mHTTP GET /admin/landing/ 200 [0.07, 127.0.0.1:59929][0m
INFO 2025-11-16 11:17:55,151 runserver 25416 18164 [mHTTP GET /admin/landing/ 200 [0.02, 127.0.0.1:65128][0m
INFO 2025-11-16 11:17:56,335 runserver 25416 18164 [mHTTP GET /admin/landing/ 200 [0.03, 127.0.0.1:65128][0m
INFO 2025-11-16 11:17:59,282 runserver 25416 18164 [mHTTP GET /admin/landing/ 200 [0.03, 127.0.0.1:65128][0m
INFO 2025-11-16 11:17:59,881 runserver 25416 18164 [mHTTP GET /admin/landing/ 200 [0.03, 127.0.0.1:65128][0m
INFO 2025-11-16 11:18:00,104 runserver 25416 18164 [mHTTP GET /admin/landing/ 200 [0.02, 127.0.0.1:65128][0m
INFO 2025-11-16 11:18:03,325 runserver 25416 18164 [mHTTP GET /admin/buses/ 200 [0.06, 127.0.0.1:65128][0m
INFO 2025-11-16 11:18:23,645 runserver 25416 18164 [mHTTP GET /admin/landing/ 200 [0.04, 127.0.0.1:58210][0m
WARNING 2025-11-16 11:18:31,910 log 25416 25224 Bad Request: /driver/location/update/
WARNING 2025-11-16 11:18:31,911 runserver 25416 18164 [31;1mHTTP POST /driver/location/update/ 400 [0.02, 127.0.0.1:64403][0m
WARNING 2025-11-16 11:18:44,255 log 25416 25224 Bad Request: /driver/location/update/
WARNING 2025-11-16 11:18:44,257 runserver 25416 18164 [31;1mHTTP POST /driver/location/update/ 400 [0.01, 127.0.0.1:56697][0m
WARNING 2025-11-16 11:18:46,016 log 25416 25224 Bad Request: /driver/location/update/
WARNING 2025-11-16 11:18:46,018 runserver 25416 18164 [31;1mHTTP POST /driver/location/update/ 400 [0.02, 127.0.0.1:52346][0m
INFO 2025-11-16 11:18:56,098 runserver 25416 18164 [mHTTP POST /driver/location/update/ 200 [0.05, 127.0.0.1:63418][0m
INFO 2025-11-16 11:19:00,411 runserver 25416 18164 [mHTTP GET /admin/landing/ 200 [0.04, 127.0.0.1:63418][0m
INFO 2025-11-16 11:19:10,721 runserver 25416 18164 [mHTTP GET /admin/users/ 200 [0.05, 127.0.0.1:57131][0m
INFO 2025-11-16 11:19:53,337 runserver 25416 18164 [32mHTTP POST /admin/users/ 302 [1.36, 127.0.0.1:65042][0m
INFO 2025-11-16 11:19:53,383 runserver 25416 18164 [mHTTP GET /admin/users/ 200 [0.04, 127.0.0.1:65042][0m
INFO 2025-11-16 11:20:49,715 runserver 25416 18164 [32mHTTP POST /admin/users/ 302 [1.52, 127.0.0.1:54203][0m
INFO 2025-11-16 11:20:49,765 runserver 25416 18164 [mHTTP GET /admin/users/ 200 [0.04, 127.0.0.1:54203][0m
INFO 2025-11-16 11:20:58,283 runserver 25416 18164 [mHTTP GET /admin/landing/ 200 [0.03, 127.0.0.1:54203][0m
INFO 2025-11-16 11:21:01,345 runserver 25416 18164 [mHTTP GET /admin/buses/ 200 [0.03, 127.0.0.1:50207][0m
INFO 2025-11-16 11:34:05,618 autoreload 38796 13712 C:\Users\USER\Desktop\safariSalama_FD\schooltransport\views.py changed, reloading.
INFO 2025-11-16 11:34:06,131 autoreload 35200 25868 C:\Users\USER\Desktop\safariSalama_FD\schooltransport\views.py changed, reloading.
INFO 2025-11-16 11:34:07,070 autoreload 11156 17564 Watching for file changes with StatReloader
INFO 2025-11-16 11:34:07,505 autoreload 28776 29192 Watching for file changes with StatReloader
INFO 2025-11-16 11:43:05,651 autoreload 16568 37036 Watching for file changes with StatReloader
INFO 2025-11-16 11:43:22,685 runserver 16568 30884 [mHTTP GET /admin/buses/ 200 [0.12, 127.0.0.1:51607][0m
INFO 2025-11-16 11:43:28,219 runserver 16568 30884 [mHTTP GET /admin/landing/ 200 [0.01, 127.0.0.1:54664][0m
INFO 2025-11-16 11:43:31,513 runserver 16568 30884 [mHTTP GET /admin/buses/ 200 [0.03, 127.0.0.1:54664][0m
INFO 2025-11-16 11:43:38,132 runserver 16568 30884 [mHTTP GET /admin/landing/ 200 [0.04, 127.0.0.1:57563][0m
INFO 2025-11-16 11:43:55,390 runserver 16568 30884 [mHTTP GET /admin/buses/ 200 [0.02, 127.0.0.1:57563][0m
INFO 2025-11-16 11:46:08,627 autoreload 16568 37036 C:\Users\USER\Desktop\safariSalama_FD\schooltransport\models.py changed, reloading.
INFO 2025-11-16 11:46:08,632 autoreload 11156 17564 C:\Users\USER\Desktop\safariSalama_FD\schooltransport\models.py changed, reloading.
INFO 2025-11-16 11:46:09,196 autoreload 28776 29192 C:\Users\USER\Desktop\safariSalama_FD\schooltransport\models.py changed, reloading.
INFO 2025-11-16 11:46:10,173 autoreload 31248 20652 Watching for file changes with StatReloader
INFO 2025-11-16 11:46:10,174 autoreload 26500 27848 Watching for file changes with StatReloader
INFO 2025-11-16 11:46:10,669 autoreload 38316 36620 Watching for file changes with StatReloader
INFO 2025-11-16 11:46:22,734 autoreload 26500 27848 C:\Users\USER\Desktop\safariSalama_FD\schooltransport\views.py changed, reloading.
INFO 2025-11-16 11:46:22,738 autoreload 31248 20652 C:\Users\USER\Desktop\safariSalama_FD\schooltransport\views.py changed, reloading.
INFO 2025-11-16 11:46:23,222 autoreload 38316 36620 C:\Users\USER\Desktop\safariSalama_FD\schooltransport\views.py changed, reloading.
INFO 2025-11-16 11:46:24,194 autoreload 10984 6052 Watching for file changes with StatReloader
INFO 2025-11-16 11:46:24,194 autoreload 1148 4384 Watching for file changes with StatReloader
INFO 2025-11-16 11:46:24,679 autoreload 28332 21364 Watching for file changes with StatReloader
INFO 2025-11-16 11:50:13,101 autoreload 19424 37312 Watching for file changes with StatReloader
INFO 2025-11-16 11:50:34,200 runserver 19424 18760 [32mHTTP GET / 302 [0.02, 127.0.0.1:54333][0m
INFO 2025-11-16 11:50:34,225 runserver 19424 18760 [mHTTP GET /admin/landing/ 200 [0.02, 127.0.0.1:54333][0m
INFO 2025-11-16 11:50:39,950 runserver 19424 18760 [mHTTP GET /admin/buses/ 200 [0.03, 127.0.0.1:54333][0m
INFO 2025-11-16 11:51:09,697 runserver 19424 18760 [mHTTP GET /admin/landing/ 200 [0.02, 127.0.0.1:54333][0m
INFO 2025-11-16 11:51:20,416 runserver 19424 18760 [mHTTP GET /attendant/ 200 [0.08, 127.0.0.1:54333][0m
INFO 2025-11-16 11:51:36,544 runserver 19424 18760 [mHTTP GET /login/ 200 [0.02, 127.0.0.1:54333][0m
INFO 2025-11-16 11:52:25,048 runserver 19424 18760 [32mHTTP POST /register/ 302 [1.26, 127.0.0.1:54333][0m
INFO 2025-11-16 11:52:25,068 runserver 19424 18760 [mHTTP GET /login/ 200 [0.01, 127.0.0.1:54333][0m
INFO 2025-11-16 11:52:47,630 runserver 19424 18760 [32mHTTP POST /login/ 302 [1.23, 127.0.0.1:54333][0m
INFO 2025-11-16 11:52:47,665 runserver 19424 18760 [32mHTTP GET / 302 [0.03, 127.0.0.1:54333][0m
INFO 2025-11-16 11:52:47,697 runserver 19424 18760 [mHTTP GET /attendant/ 200 [0.03, 127.0.0.1:54333][0m
INFO 2025-11-16 11:53:24,814 runserver 19424 18760 [mHTTP GET /biometric/scanner/?bus_id=1 200 [0.13, 127.0.0.1:52260][0m
WARNING 2025-11-16 11:53:32,961 log 19424 22748 Unauthorized: /biometric/verify/
WARNING 2025-11-16 11:53:32,963 runserver 19424 18760 [31;1mHTTP POST /biometric/verify/ 401 [0.03, 127.0.0.1:52260][0m
INFO 2025-11-16 11:54:44,356 runserver 19424 18760 [32mHTTP GET /admin/landing/ 302 [0.02, 127.0.0.1:63438][0m
INFO 2025-11-16 11:54:44,380 runserver 19424 18760 [mHTTP GET /login/ 200 [0.02, 127.0.0.1:63438][0m
INFO 2025-11-16 11:54:56,060 runserver 19424 18760 [32mHTTP POST /login/ 302 [1.41, 127.0.0.1:63438][0m
INFO 2025-11-16 11:54:56,089 runserver 19424 18760 [32mHTTP GET / 302 [0.02, 127.0.0.1:63438][0m
INFO 2025-11-16 11:54:56,136 runserver 19424 18760 [mHTTP GET /admin/landing/ 200 [0.04, 127.0.0.1:63438][0m
INFO 2025-11-16 11:55:14,258 runserver 19424 18760 [mHTTP GET /admin/buses/ 200 [0.03, 127.0.0.1:63438][0m
INFO 2025-11-16 11:58:39,496 runserver 19424 18760 [mHTTP GET /login/ 200 [0.02, 127.0.0.1:64617][0m
INFO 2025-11-16 11:58:43,120 runserver 19424 18760 [mHTTP GET /guardian/ 200 [0.10, 127.0.0.1:64617][0m
INFO 2025-11-16 11:59:10,941 runserver 19424 18760 [mHTTP GET /guardian/trips/ 200 [0.07, 127.0.0.1:61331][0m
INFO 2025-11-16 11:59:10,995 runserver 19424 18760 [36mHTTP GET /static/css/app.css 304 [0.00, 127.0.0.1:61331][0m
INFO 2025-11-16 11:59:25,864 runserver 19424 18760 [mHTTP GET /attendant/ 200 [0.02, 127.0.0.1:61331][0m
INFO 2025-11-16 12:01:36,587 runserver 19424 18760 [mHTTP GET /login/?id=a976624c-a6b1-4949-891b-8c452824e5dc&vscodeBrowserReqId=1763283696239 200 [0.02, 127.0.0.1:51233][0m
INFO 2025-11-16 12:03:25,639 runserver 19424 18760 [mHTTP GET /login/ 200 [0.01, 127.0.0.1:65441][0m
INFO 2025-11-16 12:03:40,459 runserver 19424 18760 [32mHTTP POST /login/ 302 [1.36, 127.0.0.1:65441][0m
INFO 2025-11-16 12:03:40,489 runserver 19424 18760 [32mHTTP GET / 302 [0.02, 127.0.0.1:65441][0m
INFO 2025-11-16 12:03:40,521 runserver 19424 18760 [mHTTP GET /attendant/ 200 [0.03, 127.0.0.1:65441][0m
INFO 2025-11-16 12:03:46,728 runserver 19424 18760 [mHTTP GET /biometric/scanner/?bus_id=1 200 [0.02, 127.0.0.1:65441][0m
WARNING 2025-11-16 12:03:51,242 log 19424 22748 Unauthorized: /biometric/verify/
WARNING 2025-11-16 12:03:51,245 runserver 19424 18760 [31;1mHTTP POST /biometric/verify/ 401 [0.02, 127.0.0.1:65441][0m
INFO 2025-11-16 12:08:34,198 autoreload 28568 14968 Watching for file changes with StatReloader
INFO 2025-11-16 12:09:05,708 runserver 28568 37368 [32mHTTP GET / 302 [0.02, 127.0.0.1:60270][0m
INFO 2025-11-16 12:09:05,727 runserver 28568 37368 [mHTTP GET /attendant/ 200 [0.02, 127.0.0.1:60270][0m
INFO 2025-11-16 12:09:09,801 runserver 28568 37368 [mHTTP GET /biometric/scanner/?bus_id=1 200 [0.02, 127.0.0.1:61902][0m
WARNING 2025-11-16 12:09:15,970 log 28568 29936 Unauthorized: /biometric/verify/
WARNING 2025-11-16 12:09:15,972 runserver 28568 37368 [31;1mHTTP POST /biometric/verify/ 401 [0.03, 127.0.0.1:61902][0m
WARNING 2025-11-16 12:09:40,097 log 28568 29936 Unauthorized: /biometric/verify/
WARNING 2025-11-16 12:09:40,100 runserver 28568 37368 [31;1mHTTP POST /biometric/verify/ 401 [0.04, 127.0.0.1:61902][0m
INFO 2025-11-16 12:25:29,357 autoreload 23960 32248 Watching for file changes with StatReloader
INFO 2025-11-16 12:25:49,980 runserver 23960 17724 [mHTTP GET /attendant/ 200 [0.05, 127.0.0.1:65487][0m
INFO 2025-11-16 12:25:59,084 runserver 23960 17724 [mHTTP GET /biometric/scanner/?bus_id=1 200 [0.03, 127.0.0.1:54290][0m
WARNING 2025-11-16 12:26:05,031 log 23960 22432 Unauthorized: /biometric/verify/
WARNING 2025-11-16 12:26:05,033 runserver 23960 17724 [31;1mHTTP POST /biometric/verify/ 401 [0.03, 127.0.0.1:50546][0m
WARNING 2025-11-16 12:26:07,195 log 23960 22432 Unauthorized: /biometric/verify/
WARNING 2025-11-16 12:26:07,197 runserver 23960 17724 [31;1mHTTP POST /biometric/verify/ 401 [0.02, 127.0.0.1:55379][0m
INFO 2025-11-16 12:26:54,063 runserver 23960 17724 [mHTTP GET /biometric/scanner/?bus_id=1 200 [0.01, 127.0.0.1:58062][0m
WARNING 2025-11-16 12:27:03,947 log 23960 22432 Unauthorized: /biometric/verify/
WARNING 2025-11-16 12:27:03,949 runserver 23960 17724 [31;1mHTTP POST /biometric/verify/ 401 [0.02, 127.0.0.1:53112][0m
WARNING 2025-11-16 12:27:14,026 log 23960 22432 Unauthorized: /biometric/verify/
WARNING 2025-11-16 12:27:14,029 runserver 23960 17724 [31;1mHTTP POST /biometric/verify/ 401 [0.03, 127.0.0.1:50690][0m
INFO 2025-11-16 12:27:25,005 runserver 23960 17724 [mHTTP GET /attendant/ 200 [0.03, 127.0.0.1:55784][0m
INFO 2025-11-16 12:53:56,055 runserver 23960 17724 [mHTTP GET /biometric/scanner/?bus_id=1 200 [0.01, 127.0.0.1:62897][0m
WARNING 2025-11-16 12:54:01,198 log 23960 22432 Unauthorized: /biometric/verify/
WARNING 2025-11-16 12:54:01,200 runserver 23960 17724 [31;1mHTTP POST /biometric/verify/ 401 [0.02, 127.0.0.1:62897][0m
INFO 2025-11-16 12:54:21,656 runserver 23960 17724 [32mHTTP GET /admin/landing/ 302 [0.02, 127.0.0.1:62897][0m
INFO 2025-11-16 12:54:21,671 runserver 23960 17724 [mHTTP GET /login/ 200 [0.01, 127.0.0.1:62897][0m
INFO 2025-11-16 12:54:31,265 runserver 23960 17724 [32mHTTP POST /login/ 302 [1.32, 127.0.0.1:62897][0m
INFO 2025-11-16 12:54:31,299 runserver 23960 17724 [32mHTTP GET / 302 [0.03, 127.0.0.1:62897][0m
INFO 2025-11-16 12:54:31,350 runserver 23960 17724 [mHTTP GET /admin/landing/ 200 [0.04, 127.0.0.1:62897][0m
INFO 2025-11-16 12:56:38,038 runserver 23960 17724 [mHTTP GET /admin/students/ 200 [0.07, 127.0.0.1:53588][0m
INFO 2025-11-16 12:57:43,423 runserver 23960 17724 [32mHTTP POST /admin/students/ 302 [1.32, 127.0.0.1:56748][0m
INFO 2025-11-16 12:57:43,502 runserver 23960 17724 [mHTTP GET /admin/students/ 200 [0.07, 127.0.0.1:56748][0m
INFO 2025-11-16 13:00:01,276 runserver 23960 17724 [32mHTTP POST /admin/students/ 302 [1.40, 127.0.0.1:56520][0m
INFO 2025-11-16 13:00:01,357 runserver 23960 17724 [mHTTP GET /admin/students/ 200 [0.07, 127.0.0.1:56520][0m
INFO 2025-11-16 13:00:12,927 runserver 23960 17724 [mHTTP GET /admin/buses/ 200 [0.02, 127.0.0.1:56520][0m
INFO 2025-11-16 13:00:18,422 runserver 23960 17724 [mHTTP GET /login/ 200 [0.01, 127.0.0.1:56520][0m
INFO 2025-11-16 13:00:32,199 runserver 23960 17724 [32mHTTP POST /login/ 302 [1.38, 127.0.0.1:56520][0m
INFO 2025-11-16 13:00:32,231 runserver 23960 17724 [32mHTTP GET / 302 [0.02, 127.0.0.1:56520][0m
INFO 2025-11-16 13:00:32,270 runserver 23960 17724 [mHTTP GET /guardian/ 200 [0.03, 127.0.0.1:56520][0m
INFO 2025-11-16 13:01:35,314 runserver 23960 17724 [mHTTP GET /login/ 200 [0.02, 127.0.0.1:65429][0m
INFO 2025-11-16 13:03:16,180 runserver 23960 17724 [32mHTTP POST /register/ 302 [1.31, 127.0.0.1:62410][0m
INFO 2025-11-16 13:03:16,208 runserver 23960 17724 [mHTTP GET /login/ 200 [0.02, 127.0.0.1:62410][0m
INFO 2025-11-16 13:05:07,165 runserver 23960 17724 [32mHTTP POST /register/ 302 [1.26, 127.0.0.1:65286][0m
INFO 2025-11-16 13:05:07,182 runserver 23960 17724 [mHTTP GET /login/ 200 [0.01, 127.0.0.1:65286][0m
INFO 2025-11-16 13:11:42,447 runserver 23960 17724 [32mHTTP POST /register/ 302 [1.37, 127.0.0.1:51009][0m
INFO 2025-11-16 13:11:42,470 runserver 23960 17724 [mHTTP GET /login/ 200 [0.01, 127.0.0.1:51009][0m
INFO 2025-11-16 13:15:38,735 runserver 23960 17724 [32mHTTP POST /register/ 302 [1.25, 127.0.0.1:51816][0m
INFO 2025-11-16 13:15:38,757 runserver 23960 17724 [mHTTP GET /login/ 200 [0.01, 127.0.0.1:51816][0m
INFO 2025-11-16 13:16:35,020 runserver 23960 17724 [32mHTTP POST /register/ 302 [1.39, 127.0.0.1:51816][0m
INFO 2025-11-16 13:16:35,040 runserver 23960 17724 [mHTTP GET /login/ 200 [0.01, 127.0.0.1:51816][0m
INFO 2025-11-16 13:16:50,284 runserver 23960 17724 [32mHTTP GET /admin/landing/ 302 [0.02, 127.0.0.1:51816][0m
INFO 2025-11-16 13:16:50,306 runserver 23960 17724 [mHTTP GET /login/ 200 [0.01, 127.0.0.1:51816][0m
INFO 2025-11-16 13:17:00,317 runserver 23960 17724 [32mHTTP POST /login/ 302 [1.43, 127.0.0.1:51816][0m
INFO 2025-11-16 13:17:00,351 runserver 23960 17724 [32mHTTP GET / 302 [0.02, 127.0.0.1:51816][0m
INFO 2025-11-16 13:17:00,385 runserver 23960 17724 [mHTTP GET /admin/landing/ 200 [0.03, 127.0.0.1:51816][0m
WARNING 2025-11-16 13:17:33,174 log 23960 22432 Not Found: /admin/
WARNING 2025-11-16 13:17:33,176 runserver 23960 17724 [33mHTTP GET /admin/ 404 [0.39, 127.0.0.1:51816][0m
WARNING 2025-11-16 13:17:44,215 log 23960 22432 Not Found: /profile/
WARNING 2025-11-16 13:17:44,216 runserver 23960 17724 [33mHTTP GET /profile/ 404 [0.02, 127.0.0.1:51816][0m
INFO 2025-11-16 13:18:12,612 runserver 23960 17724 [mHTTP GET /admin/students/ 200 [0.07, 127.0.0.1:51816][0m
INFO 2025-11-16 13:19:43,226 runserver 23960 17724 [32mHTTP POST /admin/students/ 302 [1.40, 127.0.0.1:52649][0m
INFO 2025-11-16 13:19:43,322 runserver 23960 17724 [mHTTP GET /admin/students/ 200 [0.09, 127.0.0.1:52649][0m
INFO 2025-11-16 13:22:56,229 autoreload 23960 32248 C:\Users\USER\Desktop\safariSalama_FD\schooltransport\models.py changed, reloading.
INFO 2025-11-16 13:22:58,264 autoreload 29348 32856 Watching for file changes with StatReloader
INFO 2025-11-16 13:38:07,595 autoreload 38760 21556 Watching for file changes with StatReloader
INFO 2025-11-16 13:38:20,214 runserver 38760 9840 [32mHTTP GET / 302 [0.03, 127.0.0.1:63575][0m
INFO 2025-11-16 13:38:20,277 runserver 38760 9840 [mHTTP GET /admin/landing/ 200 [0.06, 127.0.0.1:63575][0m
INFO 2025-11-16 13:38:20,352 runserver 38760 9840 [36mHTTP GET /static/js/role.js 304 [0.01, 127.0.0.1:63575][0m
INFO 2025-11-16 13:39:56,455 runserver 38760 9840 [mHTTP GET /admin/students/ 200 [0.09, 127.0.0.1:64172][0m
INFO 2025-11-16 13:40:12,513 runserver 38760 9840 [mHTTP GET /admin/landing/ 200 [0.03, 127.0.0.1:54859][0m
INFO 2025-11-16 13:40:15,113 runserver 38760 9840 [mHTTP GET /admin/buses/ 200 [0.03, 127.0.0.1:54859][0m
INFO 2025-11-16 13:40:59,887 runserver 38760 9840 [mHTTP GET /admin/landing/ 200 [0.05, 127.0.0.1:62826][0m
INFO 2025-11-16 13:41:44,304 runserver 38760 9840 [mHTTP GET /admin/buses/ 200 [0.03, 127.0.0.1:61394][0m
INFO 2025-11-16 13:48:20,100 autoreload 37224 9840 Watching for file changes with StatReloader
INFO 2025-11-16 13:49:03,906 runserver 37224 31380 [32mHTTP GET / 302 [0.02, 127.0.0.1:60934][0m
INFO 2025-11-16 13:49:03,947 runserver 37224 31380 [mHTTP GET /admin/landing/ 200 [0.03, 127.0.0.1:60934][0m
INFO 2025-11-16 13:49:07,655 runserver 37224 31380 [mHTTP GET /admin/buses/ 200 [0.07, 127.0.0.1:60934][0m
INFO 2025-11-16 14:06:29,217 runserver 37224 31380 [32mHTTP POST /admin/buses/ 302 [0.06, 127.0.0.1:54222][0m
INFO 2025-11-16 14:06:29,280 runserver 37224 31380 [mHTTP GET /admin/buses/ 200 [0.06, 127.0.0.1:54222][0m
INFO 2025-11-16 14:07:06,422 runserver 37224 31380 [32mHTTP POST /admin/buses/ 302 [0.05, 127.0.0.1:56614][0m
INFO 2025-11-16 14:07:06,486 runserver 37224 31380 [mHTTP GET /admin/buses/ 200 [0.06, 127.0.0.1:56614][0m
INFO 2025-11-16 14:07:41,594 runserver 37224 31380 [32mHTTP POST /admin/buses/ 302 [0.07, 127.0.0.1:51963][0m
INFO 2025-11-16 14:07:41,657 runserver 37224 31380 [mHTTP GET /admin/buses/ 200 [0.05, 127.0.0.1:51963][0m
INFO 2025-11-16 14:08:00,033 runserver 37224 31380 [mHTTP GET /admin/landing/ 200 [0.05, 127.0.0.1:59853][0m
INFO 2025-11-16 14:08:06,394 runserver 37224 31380 [mHTTP GET /admin/users/ 200 [0.06, 127.0.0.1:53324][0m
INFO 2025-11-16 14:08:27,171 runserver 37224 31380 [mHTTP GET /admin/landing/ 200 [0.04, 127.0.0.1:57885][0m
INFO 2025-11-16 14:12:15,908 autoreload 37224 9840 C:\Users\USER\Desktop\safariSalama_FD\schooltransport\models.py changed, reloading.
INFO 2025-11-16 14:12:18,452 autoreload 3892 27604 Watching for file changes with StatReloader
INFO 2025-11-16 14:12:33,655 autoreload 3892 27604 C:\Users\USER\Desktop\safariSalama_FD\schooltransport\views.py changed, reloading.
INFO 2025-11-16 14:12:36,209 autoreload 33824 4164 Watching for file changes with StatReloader
INFO 2025-11-16 14:12:39,840 autoreload 33824 4164 C:\Users\USER\Desktop\safariSalama_FD\schooltransport\urls.py changed, reloading.
INFO 2025-11-16 14:12:42,159 autoreload 3632 8216 Watching for file changes with StatReloader
INFO 2025-11-16 14:17:05,229 autoreload 27812 17056 Watching for file changes with StatReloader
INFO 2025-11-16 14:20:48,950 autoreload 24912 16032 Watching for file changes with StatReloader
INFO 2025-11-16 14:21:30,318 runserver 24912 24208 [32mHTTP GET /admin/buses/ 302 [0.05, 127.0.0.1:58675][0m
INFO 2025-11-16 14:21:30,375 runserver 24912 24208 [mHTTP GET /login/?next=/admin/buses/ 200 [0.05, 127.0.0.1:58675][0m
INFO 2025-11-16 14:21:32,203 runserver 24912 24208 [32mHTTP GET /admin/landing/ 302 [0.02, 127.0.0.1:58675][0m
INFO 2025-11-16 14:21:32,222 runserver 24912 24208 [mHTTP GET /login/?next=/admin/landing/ 200 [0.01, 127.0.0.1:58675][0m
INFO 2025-11-16 14:21:43,458 runserver 24912 24208 [32mHTTP POST /login/ 302 [1.37, 127.0.0.1:50966][0m
INFO 2025-11-16 14:21:43,525 runserver 24912 24208 [32mHTTP GET / 302 [0.05, 127.0.0.1:50966][0m
INFO 2025-11-16 14:21:43,571 runserver 24912 24208 [mHTTP GET /admin/landing/ 200 [0.04, 127.0.0.1:50966][0m
INFO 2025-11-16 14:21:50,858 runserver 24912 24208 [mHTTP GET /admin/routes/ 200 [0.12, 127.0.0.1:50966][0m
INFO 2025-11-16 14:25:28,793 runserver 24912 24208 [32mHTTP POST /admin/routes/ 302 [0.05, 127.0.0.1:60411][0m
INFO 2025-11-16 14:25:28,836 runserver 24912 24208 [mHTTP GET /admin/routes/ 200 [0.04, 127.0.0.1:60411][0m
INFO 2025-11-16 14:34:44,336 runserver 24912 24208 [32mHTTP POST /admin/routes/ 302 [0.06, 127.0.0.1:63830][0m
INFO 2025-11-16 14:34:44,407 runserver 24912 24208 [mHTTP GET /admin/routes/ 200 [0.06, 127.0.0.1:63830][0m
INFO 2025-11-16 14:38:56,291 runserver 24912 24208 [32mHTTP POST /admin/routes/ 302 [0.05, 127.0.0.1:58861][0m
INFO 2025-11-16 14:38:56,329 runserver 24912 24208 [mHTTP GET /admin/routes/ 200 [0.03, 127.0.0.1:58861][0m
INFO 2025-11-16 14:40:55,982 runserver 24912 24208 [mHTTP GET /admin/landing/ 200 [0.04, 127.0.0.1:58155][0m
INFO 2025-11-16 14:41:01,790 runserver 24912 24208 [mHTTP GET /admin/users/ 200 [0.03, 127.0.0.1:58155][0m
INFO 2025-11-16 14:41:36,949 runserver 24912 24208 [mHTTP GET /admin/landing/ 200 [0.04, 127.0.0.1:56100][0m
INFO 2025-11-16 14:42:09,777 runserver 24912 24208 [mHTTP GET /admin/students/ 200 [0.08, 127.0.0.1:55986][0m
INFO 2025-11-16 14:43:17,069 runserver 24912 24208 [mHTTP GET /admin/landing/ 200 [0.05, 127.0.0.1:59548][0m
INFO 2025-11-16 14:43:34,064 runserver 24912 24208 [mHTTP GET /admin/users/ 200 [0.03, 127.0.0.1:54793][0m
INFO 2025-11-16 14:44:06,358 runserver 24912 24208 [mHTTP GET /login/?next=/admin/buses/ 200 [0.03, 127.0.0.1:60700][0m
INFO 2025-11-16 14:45:14,015 runserver 24912 24208 [32mHTTP POST /register/ 302 [1.41, 127.0.0.1:63974][0m
INFO 2025-11-16 14:45:14,039 runserver 24912 24208 [mHTTP GET /login/ 200 [0.02, 127.0.0.1:63974][0m
INFO 2025-11-16 14:46:46,031 runserver 24912 24208 [32mHTTP POST /register/ 302 [1.55, 127.0.0.1:55540][0m
INFO 2025-11-16 14:46:46,067 runserver 24912 24208 [mHTTP GET /login/ 200 [0.02, 127.0.0.1:55540][0m
WARNING 2025-11-16 14:47:32,288 log 24912 10556 Forbidden (CSRF token from POST incorrect.): /login/
WARNING 2025-11-16 14:47:32,305 runserver 24912 24208 [31;1mHTTP POST /login/ 403 [0.04, 127.0.0.1:59659][0m
INFO 2025-11-16 14:47:51,952 runserver 24912 24208 [mHTTP GET /admin/landing/ 200 [0.05, 127.0.0.1:58709][0m
INFO 2025-11-16 14:48:02,173 runserver 24912 24208 [mHTTP GET /admin/users/ 200 [0.04, 127.0.0.1:58585][0m
INFO 2025-11-16 14:48:16,288 runserver 24912 24208 [mHTTP GET /admin/landing/ 200 [0.05, 127.0.0.1:51928][0m
INFO 2025-11-16 14:48:23,081 runserver 24912 24208 [mHTTP GET /admin/students/ 200 [0.08, 127.0.0.1:51928][0m
INFO 2025-11-16 14:49:44,845 runserver 24912 24208 [32mHTTP POST /register/ 302 [1.43, 127.0.0.1:59662][0m
INFO 2025-11-16 14:49:44,866 runserver 24912 24208 [mHTTP GET /login/ 200 [0.01, 127.0.0.1:59662][0m
INFO 2025-11-16 14:49:54,704 runserver 24912 24208 [mHTTP GET /admin/students/ 200 [0.07, 127.0.0.1:63383][0m
INFO 2025-11-16 14:51:31,656 runserver 24912 24208 [32mHTTP POST /admin/students/ 302 [1.42, 127.0.0.1:52959][0m
INFO 2025-11-16 14:51:31,747 runserver 24912 24208 [mHTTP GET /admin/students/ 200 [0.08, 127.0.0.1:52959][0m
INFO 2025-11-16 14:51:41,977 runserver 24912 24208 [mHTTP GET /admin/landing/ 200 [0.05, 127.0.0.1:52506][0m
INFO 2025-11-16 14:51:47,984 runserver 24912 24208 [mHTTP GET /admin/buses/ 200 [0.11, 127.0.0.1:58380][0m
INFO 2025-11-16 14:52:16,065 runserver 24912 24208 [32mHTTP POST /admin/buses/ 302 [0.07, 127.0.0.1:64113][0m
INFO 2025-11-16 14:52:16,135 runserver 24912 24208 [mHTTP GET /admin/buses/ 200 [0.06, 127.0.0.1:64113][0m
INFO 2025-11-16 14:52:38,591 runserver 24912 24208 [mHTTP GET /admin/landing/ 200 [0.05, 127.0.0.1:58832][0m
INFO 2025-11-16 14:52:41,198 runserver 24912 24208 [mHTTP GET /admin/students/ 200 [0.07, 127.0.0.1:58832][0m
INFO 2025-11-16 14:52:53,573 runserver 24912 24208 [mHTTP GET /admin/landing/ 200 [0.06, 127.0.0.1:55897][0m
INFO 2025-11-16 14:52:56,214 runserver 24912 24208 [mHTTP GET /admin/buses/ 200 [0.06, 127.0.0.1:54401][0m
INFO 2025-11-16 14:53:36,764 runserver 24912 24208 [32mHTTP POST /admin/buses/ 302 [0.10, 127.0.0.1:51457][0m
INFO 2025-11-16 14:53:36,870 runserver 24912 24208 [mHTTP GET /admin/buses/ 200 [0.09, 127.0.0.1:51457][0m
INFO 2025-11-16 14:53:53,634 runserver 24912 24208 [mHTTP GET /admin/landing/ 200 [0.05, 127.0.0.1:65105][0m
INFO 2025-11-16 14:54:37,498 runserver 24912 24208 [mHTTP GET /admin/students/ 200 [0.06, 127.0.0.1:56359][0m
INFO 2025-11-16 14:56:03,354 runserver 24912 24208 [32mHTTP POST /admin/students/ 302 [1.45, 127.0.0.1:56708][0m
INFO 2025-11-16 14:56:03,435 runserver 24912 24208 [mHTTP GET /admin/students/ 200 [0.07, 127.0.0.1:56708][0m
INFO 2025-11-16 14:57:02,398 runserver 24912 24208 [32mHTTP POST /register/ 302 [1.69, 127.0.0.1:52300][0m
INFO 2025-11-16 14:57:02,422 runserver 24912 24208 [mHTTP GET /login/ 200 [0.02, 127.0.0.1:52300][0m
INFO 2025-11-16 14:58:04,458 runserver 24912 24208 [32mHTTP POST /register/ 302 [1.43, 127.0.0.1:65084][0m
INFO 2025-11-16 14:58:04,481 runserver 24912 24208 [mHTTP GET /login/ 200 [0.01, 127.0.0.1:65084][0m
INFO 2025-11-16 14:59:13,472 runserver 24912 24208 [32mHTTP POST /register/ 302 [1.50, 127.0.0.1:61001][0m
INFO 2025-11-16 14:59:13,497 runserver 24912 24208 [mHTTP GET /login/ 200 [0.02, 127.0.0.1:61001][0m
INFO 2025-11-16 15:00:33,343 runserver 24912 24208 [32mHTTP POST /register/ 302 [1.40, 127.0.0.1:51244][0m
INFO 2025-11-16 15:00:33,369 runserver 24912 24208 [mHTTP GET /login/ 200 [0.02, 127.0.0.1:51244][0m
INFO 2025-11-16 15:00:38,021 runserver 24912 24208 [mHTTP GET /admin/landing/ 200 [0.04, 127.0.0.1:51244][0m
INFO 2025-11-16 15:00:52,588 runserver 24912 24208 [mHTTP GET /admin/users/ 200 [0.05, 127.0.0.1:64537][0m
INFO 2025-11-16 15:02:00,631 runserver 24912 24208 [32mHTTP POST /register/ 302 [1.65, 127.0.0.1:58363][0m
INFO 2025-11-16 15:02:00,658 runserver 24912 24208 [mHTTP GET /login/ 200 [0.02, 127.0.0.1:58363][0m
INFO 2025-11-16 15:02:21,453 runserver 24912 24208 [mHTTP GET /admin/users/ 200 [0.07, 127.0.0.1:58520][0m
INFO 2025-11-16 15:04:11,958 runserver 24912 24208 [32mHTTP POST /register/ 302 [1.37, 127.0.0.1:57867][0m
INFO 2025-11-16 15:04:11,980 runserver 24912 24208 [mHTTP GET /login/ 200 [0.01, 127.0.0.1:57867][0m
INFO 2025-11-16 15:06:38,114 runserver 24912 24208 [32mHTTP POST /register/ 302 [1.43, 127.0.0.1:53379][0m
INFO 2025-11-16 15:06:38,139 runserver 24912 24208 [mHTTP GET /login/ 200 [0.02, 127.0.0.1:53379][0m
INFO 2025-11-16 15:07:42,182 runserver 24912 24208 [32mHTTP POST /register/ 302 [1.43, 127.0.0.1:64447][0m
INFO 2025-11-16 15:07:42,204 runserver 24912 24208 [mHTTP GET /login/ 200 [0.01, 127.0.0.1:64447][0m
INFO 2025-11-16 15:08:40,062 runserver 24912 24208 [32mHTTP POST /register/ 302 [1.40, 127.0.0.1:61802][0m
INFO 2025-11-16 15:08:40,082 runserver 24912 24208 [mHTTP GET /login/ 200 [0.01, 127.0.0.1:61802][0m
INFO 2025-11-16 15:11:16,343 runserver 24912 24208 [32mHTTP POST /register/ 302 [1.44, 127.0.0.1:54118][0m
INFO 2025-11-16 15:11:16,365 runserver 24912 24208 [mHTTP GET /login/ 200 [0.01, 127.0.0.1:54118][0m
INFO 2025-11-16 15:12:43,272 runserver 24912 24208 [32mHTTP POST /register/ 302 [1.38, 127.0.0.1:52181][0m
INFO 2025-11-16 15:12:43,293 runserver 24912 24208 [mHTTP GET /login/ 200 [0.01, 127.0.0.1:52181][0m
INFO 2025-11-16 15:14:40,225 runserver 24912 24208 [32mHTTP POST /register/ 302 [1.38, 127.0.0.1:53246][0m
INFO 2025-11-16 15:14:40,246 runserver 24912 24208 [mHTTP GET /login/ 200 [0.01, 127.0.0.1:53246][0m
INFO 2025-11-16 15:15:19,966 runserver 24912 24208 [32mHTTP POST /register/ 302 [1.41, 127.0.0.1:56451][0m
INFO 2025-11-16 15:15:19,987 runserver 24912 24208 [mHTTP GET /login/ 200 [0.01, 127.0.0.1:56451][0m
INFO 2025-11-16 15:16:27,117 runserver 24912 24208 [32mHTTP POST /register/ 302 [1.49, 127.0.0.1:62345][0m
INFO 2025-11-16 15:16:27,139 runserver 24912 24208 [mHTTP GET /login/ 200 [0.01, 127.0.0.1:62345][0m
INFO 2025-11-16 15:18:05,624 runserver 24912 24208 [32mHTTP POST /register/ 302 [1.53, 127.0.0.1:49672][0m
INFO 2025-11-16 15:18:05,652 runserver 24912 24208 [mHTTP GET /login/ 200 [0.02, 127.0.0.1:49672][0m
INFO 2025-11-16 15:18:10,982 runserver 24912 24208 [mHTTP GET /admin/landing/ 200 [0.07, 127.0.0.1:49672][0m
INFO 2025-11-16 15:18:17,841 runserver 24912 24208 [mHTTP GET /admin/users/ 200 [0.05, 127.0.0.1:64358][0m
INFO 2025-11-16 15:19:15,848 runserver 24912 24208 [mHTTP GET /admin/landing/ 200 [0.04, 127.0.0.1:63939][0m
INFO 2025-11-16 15:19:24,447 runserver 24912 24208 [mHTTP GET /admin/landing/ 200 [0.05, 127.0.0.1:56904][0m
INFO 2025-11-16 15:19:26,334 runserver 24912 24208 [mHTTP GET /admin/landing/ 200 [0.03, 127.0.0.1:56904][0m
INFO 2025-11-16 15:19:27,275 runserver 24912 24208 [mHTTP GET /admin/landing/ 200 [0.06, 127.0.0.1:56904][0m
INFO 2025-11-16 15:19:27,455 runserver 24912 24208 [mHTTP GET /admin/landing/ 200 [0.03, 127.0.0.1:56904][0m
INFO 2025-11-16 15:19:38,557 runserver 24912 24208 [mHTTP GET /admin/buses/ 200 [0.09, 127.0.0.1:64778][0m
INFO 2025-11-16 15:20:03,815 runserver 24912 24208 [32mHTTP POST /admin/buses/ 302 [0.07, 127.0.0.1:54567][0m
INFO 2025-11-16 15:20:03,898 runserver 24912 24208 [mHTTP GET /admin/buses/ 200 [0.08, 127.0.0.1:54567][0m
INFO 2025-11-16 15:21:50,970 runserver 24912 24208 [mHTTP GET /admin/students/ 200 [0.12, 127.0.0.1:58742][0m
INFO 2025-11-16 15:21:55,538 runserver 24912 24208 [mHTTP GET /attendant/ 200 [0.03, 127.0.0.1:61337][0m
INFO 2025-11-16 15:22:31,867 runserver 24912 24208 [32mHTTP POST /login/ 302 [1.55, 127.0.0.1:59796][0m
INFO 2025-11-16 15:22:31,903 runserver 24912 24208 [32mHTTP GET / 302 [0.03, 127.0.0.1:59796][0m
INFO 2025-11-16 15:22:31,937 runserver 24912 24208 [mHTTP GET /attendant/ 200 [0.03, 127.0.0.1:59796][0m
INFO 2025-11-16 16:29:21,282 autoreload 27812 17056 C:\Users\USER\Desktop\safariSalama_FD\schooltransport\models.py changed, reloading.
INFO 2025-11-16 16:29:21,290 autoreload 24912 16032 C:\Users\USER\Desktop\safariSalama_FD\schooltransport\models.py changed, reloading.
INFO 2025-11-16 16:29:23,639 autoreload 37588 33228 Watching for file changes with StatReloader
INFO 2025-11-16 16:29:32,668 autoreload 37588 33228 C:\Users\USER\Desktop\safariSalama_FD\schooltransport\views.py changed, reloading.
INFO 2025-11-16 16:29:33,717 autoreload 38664 12936 Watching for file changes with StatReloader
INFO 2025-11-16 16:29:54,170 autoreload 38664 12936 C:\Users\USER\Desktop\safariSalama_FD\schooltransport\views.py changed, reloading.
INFO 2025-11-16 16:29:55,322 autoreload 38736 38660 Watching for file changes with StatReloader
INFO 2025-11-16 16:29:56,545 runserver 38736 36036 [32mHTTP GET /admin/buses/ 302 [0.01, 127.0.0.1:52113][0m
INFO 2025-11-16 16:29:56,607 runserver 38736 36036 [mHTTP GET /login/ 200 [0.06, 127.0.0.1:52113][0m
INFO 2025-11-16 16:29:57,936 runserver 38736 36036 [32mHTTP GET /admin/students/ 302 [0.01, 127.0.0.1:52113][0m
INFO 2025-11-16 16:29:59,107 autoreload 38736 38660 C:\Users\USER\Desktop\safariSalama_FD\schooltransport\urls.py changed, reloading.
INFO 2025-11-16 16:30:00,436 autoreload 26572 20324 Watching for file changes with StatReloader
INFO 2025-11-16 16:38:40,044 autoreload 20404 16772 Watching for file changes with StatReloader
INFO 2025-11-16 16:38:55,721 runserver 20404 8784 [32mHTTP GET /attendant/?id=a976624c-a6b1-4949-891b-8c452824e5dc&vscodeBrowserReqId=1763300335390 302 [0.01, 127.0.0.1:61794][0m
INFO 2025-11-16 16:38:55,733 runserver 20404 8784 [mHTTP GET /login/?next=/attendant/%3Fid%3Da976624c-a6b1-4949-891b-8c452824e5dc%26vscodeBrowserReqId%3D1763300335390 200 [0.01, 127.0.0.1:61794][0m
INFO 2025-11-16 16:38:58,024 runserver 20404 8784 [32mHTTP GET /guardian/?id=a976624c-a6b1-4949-891b-8c452824e5dc&vscodeBrowserReqId=1763300338014 302 [0.01, 127.0.0.1:61794][0m
INFO 2025-11-16 16:38:58,033 runserver 20404 8784 [mHTTP GET /login/?next=/guardian/%3Fid%3Da976624c-a6b1-4949-891b-8c452824e5dc%26vscodeBrowserReqId%3D1763300338014 200 [0.01, 127.0.0.1:61794][0m
INFO 2025-11-16 16:39:13,089 runserver 20404 8784 [mHTTP GET /attendant/ 200 [0.03, 127.0.0.1:53455][0m
INFO 2025-11-16 16:42:59,003 autoreload 20404 16772 C:\Users\USER\Desktop\safariSalama_FD\schooltransport\urls.py changed, reloading.
INFO 2025-11-16 16:43:00,066 autoreload 10664 10272 Watching for file changes with StatReloader
INFO 2025-11-16 16:43:31,359 runserver 10664 37592 [mHTTP GET /attendant/ 200 [0.05, 127.0.0.1:49958][0m
INFO 2025-11-16 16:43:45,381 runserver 10664 37592 [mHTTP GET /guardian/ 200 [0.06, 127.0.0.1:59011][0m
INFO 2025-11-16 16:43:45,454 runserver 10664 37592 [36mHTTP GET /static/js/role.js 304 [0.00, 127.0.0.1:59011][0m
INFO 2025-11-16 16:45:45,886 runserver 10664 37592 [mHTTP GET /guardian/trips/ 200 [0.03, 127.0.0.1:63024][0m
INFO 2025-11-16 16:45:45,912 runserver 10664 37592 [36mHTTP GET /static/css/app.css 304 [0.00, 127.0.0.1:63024][0m
INFO 2025-11-16 16:45:49,520 runserver 10664 37592 [mHTTP GET /guardian/ 200 [0.01, 127.0.0.1:60974][0m
WARNING 2025-11-16 16:45:51,536 log 10664 31664 Not Found: /profile/
WARNING 2025-11-16 16:45:51,537 runserver 10664 37592 [33mHTTP GET /profile/ 404 [0.15, 127.0.0.1:60974][0m
INFO 2025-11-16 16:50:43,750 runserver 10664 37592 [mHTTP GET /guardian/ 200 [0.11, 127.0.0.1:65202][0m
WARNING 2025-11-16 16:50:43,834 log 10664 31664 Not Found: /api/attendants/
WARNING 2025-11-16 16:50:43,835 runserver 10664 37592 [33mHTTP GET /api/attendants/ 404 [0.02, 127.0.0.1:65202][0m
INFO 2025-11-16 16:53:59,405 runserver 10664 37592 [32mHTTP POST /login/ 302 [1.23, 127.0.0.1:49672][0m
INFO 2025-11-16 16:53:59,429 runserver 10664 37592 [mHTTP GET /login/ 200 [0.02, 127.0.0.1:49672][0m
INFO 2025-11-16 16:54:15,354 runserver 10664 37592 [32mHTTP POST /login/ 302 [1.27, 127.0.0.1:63024][0m
INFO 2025-11-16 16:54:15,389 runserver 10664 37592 [32mHTTP GET / 302 [0.03, 127.0.0.1:63024][0m
INFO 2025-11-16 16:54:15,429 runserver 10664 37592 [mHTTP GET /guardian/ 200 [0.03, 127.0.0.1:63024][0m
WARNING 2025-11-16 16:54:15,575 log 10664 31664 Not Found: /api/attendants/
WARNING 2025-11-16 16:54:15,576 runserver 10664 37592 [33mHTTP GET /api/attendants/ 404 [0.01, 127.0.0.1:63024][0m
ERROR 2025-11-16 16:54:30,423 log 10664 31664 Internal Server Error: /guardian/student/6/status/
Traceback (most recent call last):
  File "C:\Users\USER\Desktop\safariSalama_FD\venv\Lib\site-packages\asgiref\sync.py", line 552, in thread_handler
    raise exc_info[1]
  File "C:\Users\USER\Desktop\safariSalama_FD\venv\Lib\site-packages\django\core\handlers\exception.py", line 42, in inner
    response = await get_response(request)
               ^^^^^^^^^^^^^^^^^^^^^^^^^^^
  File "C:\Users\USER\Desktop\safariSalama_FD\venv\Lib\site-packages\asgiref\sync.py", line 552, in thread_handler
    raise exc_info[1]
  File "C:\Users\USER\Desktop\safariSalama_FD\venv\Lib\site-packages\django\core\handlers\base.py", line 253, in _get_response_async
    response = await wrapped_callback(
               ^^^^^^^^^^^^^^^^^^^^^^^
        request, *callback_args, **callback_kwargs
        ^^^^^^^^^^^^^^^^^^^^^^^^^^^^^^^^^^^^^^^^^^
    )
    ^
  File "C:\Users\USER\Desktop\safariSalama_FD\venv\Lib\site-packages\asgiref\sync.py", line 502, in __call__
    ret = await asyncio.shield(exec_coro)
          ^^^^^^^^^^^^^^^^^^^^^^^^^^^^^^^
  File "C:\Users\USER\AppData\Local\Programs\Python\Python314\Lib\concurrent\futures\thread.py", line 86, in run
    result = ctx.run(self.task)
  File "C:\Users\USER\AppData\Local\Programs\Python\Python314\Lib\concurrent\futures\thread.py", line 73, in run
    return fn(*args, **kwargs)
  File "C:\Users\USER\Desktop\safariSalama_FD\venv\Lib\site-packages\asgiref\sync.py", line 556, in thread_handler
    return func(*args, **kwargs)
  File "C:\Users\USER\Desktop\safariSalama_FD\venv\Lib\site-packages\django\contrib\auth\decorators.py", line 23, in _wrapper_view
    return view_func(request, *args, **kwargs)
  File "C:\Users\USER\Desktop\safariSalama_FD\schooltransport\views.py", line 176, in student_status
    latest_location = bus.location_history.latest('timestamp')
  File "C:\Users\USER\Desktop\safariSalama_FD\venv\Lib\site-packages\django\db\models\manager.py", line 87, in manager_method
    return getattr(self.get_queryset(), name)(*args, **kwargs)
           ~~~~~~~~~~~~~~~~~~~~~~~~~~~~~~~~~~^^^^^^^^^^^^^^^^^
  File "C:\Users\USER\Desktop\safariSalama_FD\venv\Lib\site-packages\django\db\models\query.py", line 1045, in latest
    return self.reverse()._earliest(*fields)
           ~~~~~~~~~~~~~~~~~~~~~~~~^^^^^^^^^
  File "C:\Users\USER\Desktop\safariSalama_FD\venv\Lib\site-packages\django\db\models\query.py", line 1028, in _earliest
    return obj.get()
           ~~~~~~~^^
  File "C:\Users\USER\Desktop\safariSalama_FD\venv\Lib\site-packages\django\db\models\query.py", line 637, in get
    raise self.model.DoesNotExist(
        "%s matching query does not exist." % self.model._meta.object_name
    )
schooltransport.models.BusLocation.DoesNotExist: BusLocation matching query does not exist.
ERROR 2025-11-16 16:54:30,440 runserver 10664 37592 [35;1mHTTP GET /guardian/student/6/status/ 500 [0.39, 127.0.0.1:64224][0m
INFO 2025-11-16 16:55:27,348 autoreload 10664 10272 C:\Users\USER\Desktop\safariSalama_FD\schooltransport\views.py changed, reloading.
INFO 2025-11-16 16:55:28,813 autoreload 22876 38048 Watching for file changes with StatReloader
INFO 2025-11-16 16:56:03,818 runserver 22876 34252 [mHTTP GET /guardian/student/6/status/ 200 [0.04, 127.0.0.1:55128][0m
INFO 2025-11-16 16:58:35,767 autoreload 22876 38048 C:\Users\USER\Desktop\safariSalama_FD\schooltransport\views.py changed, reloading.
INFO 2025-11-16 16:58:37,304 autoreload 3868 33568 Watching for file changes with StatReloader
ERROR 2025-11-16 16:59:24,849 log 3868 11144 Internal Server Error: /guardian/student/6/status/
Traceback (most recent call last):
  File "C:\Users\USER\Desktop\safariSalama_FD\venv\Lib\site-packages\django\db\backends\utils.py", line 89, in _execute
    return self.cursor.execute(sql, params)
           ~~~~~~~~~~~~~~~~~~~^^^^^^^^^^^^^
  File "C:\Users\USER\Desktop\safariSalama_FD\venv\Lib\site-packages\django\db\backends\sqlite3\base.py", line 328, in execute
    return super().execute(query, params)
           ~~~~~~~~~~~~~~~^^^^^^^^^^^^^^^
sqlite3.OperationalError: no such column: routes.name

The above exception was the direct cause of the following exception:

Traceback (most recent call last):
  File "C:\Users\USER\Desktop\safariSalama_FD\venv\Lib\site-packages\asgiref\sync.py", line 552, in thread_handler
    raise exc_info[1]
  File "C:\Users\USER\Desktop\safariSalama_FD\venv\Lib\site-packages\django\core\handlers\exception.py", line 42, in inner
    response = await get_response(request)
               ^^^^^^^^^^^^^^^^^^^^^^^^^^^
  File "C:\Users\USER\Desktop\safariSalama_FD\venv\Lib\site-packages\asgiref\sync.py", line 552, in thread_handler
    raise exc_info[1]
  File "C:\Users\USER\Desktop\safariSalama_FD\venv\Lib\site-packages\django\core\handlers\base.py", line 253, in _get_response_async
    response = await wrapped_callback(
               ^^^^^^^^^^^^^^^^^^^^^^^
        request, *callback_args, **callback_kwargs
        ^^^^^^^^^^^^^^^^^^^^^^^^^^^^^^^^^^^^^^^^^^
    )
    ^
  File "C:\Users\USER\Desktop\safariSalama_FD\venv\Lib\site-packages\asgiref\sync.py", line 502, in __call__
    ret = await asyncio.shield(exec_coro)
          ^^^^^^^^^^^^^^^^^^^^^^^^^^^^^^^
  File "C:\Users\USER\AppData\Local\Programs\Python\Python314\Lib\concurrent\futures\thread.py", line 86, in run
    result = ctx.run(self.task)
  File "C:\Users\USER\AppData\Local\Programs\Python\Python314\Lib\concurrent\futures\thread.py", line 73, in run
    return fn(*args, **kwargs)
  File "C:\Users\USER\Desktop\safariSalama_FD\venv\Lib\site-packages\asgiref\sync.py", line 556, in thread_handler
    return func(*args, **kwargs)
  File "C:\Users\USER\Desktop\safariSalama_FD\venv\Lib\site-packages\django\contrib\auth\decorators.py", line 23, in _wrapper_view
    return view_func(request, *args, **kwargs)
  File "C:\Users\USER\Desktop\safariSalama_FD\schooltransport\views.py", line 211, in student_status
    route = bus.routes.first() if bus.routes.exists() else None
            ~~~~~~~~~~~~~~~~^^
  File "C:\Users\USER\Desktop\safariSalama_FD\venv\Lib\site-packages\django\db\models\manager.py", line 87, in manager_method
    return getattr(self.get_queryset(), name)(*args, **kwargs)
           ~~~~~~~~~~~~~~~~~~~~~~~~~~~~~~~~~~^^^^^^^^^^^^^^^^^
  File "C:\Users\USER\Desktop\safariSalama_FD\venv\Lib\site-packages\django\db\models\query.py", line 1057, in first
    for obj in queryset[:1]:
               ~~~~~~~~^^^^
  File "C:\Users\USER\Desktop\safariSalama_FD\venv\Lib\site-packages\django\db\models\query.py", line 398, in __iter__
    self._fetch_all()
    ~~~~~~~~~~~~~~~^^
  File "C:\Users\USER\Desktop\safariSalama_FD\venv\Lib\site-packages\django\db\models\query.py", line 1881, in _fetch_all
    self._result_cache = list(self._iterable_class(self))
                         ~~~~^^^^^^^^^^^^^^^^^^^^^^^^^^^^
  File "C:\Users\USER\Desktop\safariSalama_FD\venv\Lib\site-packages\django\db\models\query.py", line 91, in __iter__
    results = compiler.execute_sql(
        chunked_fetch=self.chunked_fetch, chunk_size=self.chunk_size
    )
  File "C:\Users\USER\Desktop\safariSalama_FD\venv\Lib\site-packages\django\db\models\sql\compiler.py", line 1562, in execute_sql
    cursor.execute(sql, params)
    ~~~~~~~~~~~~~~^^^^^^^^^^^^^
  File "C:\Users\USER\Desktop\safariSalama_FD\venv\Lib\site-packages\django\db\backends\utils.py", line 102, in execute
    return super().execute(sql, params)
           ~~~~~~~~~~~~~~~^^^^^^^^^^^^^
  File "C:\Users\USER\Desktop\safariSalama_FD\venv\Lib\site-packages\django\db\backends\utils.py", line 67, in execute
    return self._execute_with_wrappers(
           ~~~~~~~~~~~~~~~~~~~~~~~~~~~^
        sql, params, many=False, executor=self._execute
        ^^^^^^^^^^^^^^^^^^^^^^^^^^^^^^^^^^^^^^^^^^^^^^^
    )
    ^
  File "C:\Users\USER\Desktop\safariSalama_FD\venv\Lib\site-packages\django\db\backends\utils.py", line 80, in _execute_with_wrappers
    return executor(sql, params, many, context)
  File "C:\Users\USER\Desktop\safariSalama_FD\venv\Lib\site-packages\django\db\backends\utils.py", line 84, in _execute
    with self.db.wrap_database_errors:
         ^^^^^^^^^^^^^^^^^^^^^^^^^^^^
  File "C:\Users\USER\Desktop\safariSalama_FD\venv\Lib\site-packages\django\db\utils.py", line 91, in __exit__
    raise dj_exc_value.with_traceback(traceback) from exc_value
  File "C:\Users\USER\Desktop\safariSalama_FD\venv\Lib\site-packages\django\db\backends\utils.py", line 89, in _execute
    return self.cursor.execute(sql, params)
           ~~~~~~~~~~~~~~~~~~~^^^^^^^^^^^^^
  File "C:\Users\USER\Desktop\safariSalama_FD\venv\Lib\site-packages\django\db\backends\sqlite3\base.py", line 328, in execute
    return super().execute(query, params)
           ~~~~~~~~~~~~~~~^^^^^^^^^^^^^^^
django.db.utils.OperationalError: no such column: routes.name
ERROR 2025-11-16 16:59:24,865 runserver 3868 37456 [35;1mHTTP GET /guardian/student/6/status/ 500 [0.17, 127.0.0.1:54742][0m
ERROR 2025-11-16 16:59:27,497 log 3868 11144 Internal Server Error: /guardian/student/6/status/
Traceback (most recent call last):
  File "C:\Users\USER\Desktop\safariSalama_FD\venv\Lib\site-packages\django\db\backends\utils.py", line 89, in _execute
    return self.cursor.execute(sql, params)
           ~~~~~~~~~~~~~~~~~~~^^^^^^^^^^^^^
  File "C:\Users\USER\Desktop\safariSalama_FD\venv\Lib\site-packages\django\db\backends\sqlite3\base.py", line 328, in execute
    return super().execute(query, params)
           ~~~~~~~~~~~~~~~^^^^^^^^^^^^^^^
sqlite3.OperationalError: no such column: routes.name

The above exception was the direct cause of the following exception:

Traceback (most recent call last):
  File "C:\Users\USER\Desktop\safariSalama_FD\venv\Lib\site-packages\asgiref\sync.py", line 552, in thread_handler
    raise exc_info[1]
  File "C:\Users\USER\Desktop\safariSalama_FD\venv\Lib\site-packages\django\core\handlers\exception.py", line 42, in inner
    response = await get_response(request)
               ^^^^^^^^^^^^^^^^^^^^^^^^^^^
  File "C:\Users\USER\Desktop\safariSalama_FD\venv\Lib\site-packages\asgiref\sync.py", line 552, in thread_handler
    raise exc_info[1]
  File "C:\Users\USER\Desktop\safariSalama_FD\venv\Lib\site-packages\django\core\handlers\base.py", line 253, in _get_response_async
    response = await wrapped_callback(
               ^^^^^^^^^^^^^^^^^^^^^^^
        request, *callback_args, **callback_kwargs
        ^^^^^^^^^^^^^^^^^^^^^^^^^^^^^^^^^^^^^^^^^^
    )
    ^
  File "C:\Users\USER\Desktop\safariSalama_FD\venv\Lib\site-packages\asgiref\sync.py", line 502, in __call__
    ret = await asyncio.shield(exec_coro)
          ^^^^^^^^^^^^^^^^^^^^^^^^^^^^^^^
  File "C:\Users\USER\AppData\Local\Programs\Python\Python314\Lib\concurrent\futures\thread.py", line 86, in run
    result = ctx.run(self.task)
  File "C:\Users\USER\AppData\Local\Programs\Python\Python314\Lib\concurrent\futures\thread.py", line 73, in run
    return fn(*args, **kwargs)
  File "C:\Users\USER\Desktop\safariSalama_FD\venv\Lib\site-packages\asgiref\sync.py", line 556, in thread_handler
    return func(*args, **kwargs)
  File "C:\Users\USER\Desktop\safariSalama_FD\venv\Lib\site-packages\django\contrib\auth\decorators.py", line 23, in _wrapper_view
    return view_func(request, *args, **kwargs)
  File "C:\Users\USER\Desktop\safariSalama_FD\schooltransport\views.py", line 211, in student_status
    route = bus.routes.first() if bus.routes.exists() else None
            ~~~~~~~~~~~~~~~~^^
  File "C:\Users\USER\Desktop\safariSalama_FD\venv\Lib\site-packages\django\db\models\manager.py", line 87, in manager_method
    return getattr(self.get_queryset(), name)(*args, **kwargs)
           ~~~~~~~~~~~~~~~~~~~~~~~~~~~~~~~~~~^^^^^^^^^^^^^^^^^
  File "C:\Users\USER\Desktop\safariSalama_FD\venv\Lib\site-packages\django\db\models\query.py", line 1057, in first
    for obj in queryset[:1]:
               ~~~~~~~~^^^^
  File "C:\Users\USER\Desktop\safariSalama_FD\venv\Lib\site-packages\django\db\models\query.py", line 398, in __iter__
    self._fetch_all()
    ~~~~~~~~~~~~~~~^^
  File "C:\Users\USER\Desktop\safariSalama_FD\venv\Lib\site-packages\django\db\models\query.py", line 1881, in _fetch_all
    self._result_cache = list(self._iterable_class(self))
                         ~~~~^^^^^^^^^^^^^^^^^^^^^^^^^^^^
  File "C:\Users\USER\Desktop\safariSalama_FD\venv\Lib\site-packages\django\db\models\query.py", line 91, in __iter__
    results = compiler.execute_sql(
        chunked_fetch=self.chunked_fetch, chunk_size=self.chunk_size
    )
  File "C:\Users\USER\Desktop\safariSalama_FD\venv\Lib\site-packages\django\db\models\sql\compiler.py", line 1562, in execute_sql
    cursor.execute(sql, params)
    ~~~~~~~~~~~~~~^^^^^^^^^^^^^
  File "C:\Users\USER\Desktop\safariSalama_FD\venv\Lib\site-packages\django\db\backends\utils.py", line 102, in execute
    return super().execute(sql, params)
           ~~~~~~~~~~~~~~~^^^^^^^^^^^^^
  File "C:\Users\USER\Desktop\safariSalama_FD\venv\Lib\site-packages\django\db\backends\utils.py", line 67, in execute
    return self._execute_with_wrappers(
           ~~~~~~~~~~~~~~~~~~~~~~~~~~~^
        sql, params, many=False, executor=self._execute
        ^^^^^^^^^^^^^^^^^^^^^^^^^^^^^^^^^^^^^^^^^^^^^^^
    )
    ^
  File "C:\Users\USER\Desktop\safariSalama_FD\venv\Lib\site-packages\django\db\backends\utils.py", line 80, in _execute_with_wrappers
    return executor(sql, params, many, context)
  File "C:\Users\USER\Desktop\safariSalama_FD\venv\Lib\site-packages\django\db\backends\utils.py", line 84, in _execute
    with self.db.wrap_database_errors:
         ^^^^^^^^^^^^^^^^^^^^^^^^^^^^
  File "C:\Users\USER\Desktop\safariSalama_FD\venv\Lib\site-packages\django\db\utils.py", line 91, in __exit__
    raise dj_exc_value.with_traceback(traceback) from exc_value
  File "C:\Users\USER\Desktop\safariSalama_FD\venv\Lib\site-packages\django\db\backends\utils.py", line 89, in _execute
    return self.cursor.execute(sql, params)
           ~~~~~~~~~~~~~~~~~~~^^^^^^^^^^^^^
  File "C:\Users\USER\Desktop\safariSalama_FD\venv\Lib\site-packages\django\db\backends\sqlite3\base.py", line 328, in execute
    return super().execute(query, params)
           ~~~~~~~~~~~~~~~^^^^^^^^^^^^^^^
django.db.utils.OperationalError: no such column: routes.name
ERROR 2025-11-16 16:59:27,513 runserver 3868 37456 [35;1mHTTP GET /guardian/student/6/status/ 500 [0.14, 127.0.0.1:54742][0m
ERROR 2025-11-16 16:59:33,379 log 3868 11144 Internal Server Error: /guardian/student/6/status/
Traceback (most recent call last):
  File "C:\Users\USER\Desktop\safariSalama_FD\venv\Lib\site-packages\django\db\backends\utils.py", line 89, in _execute
    return self.cursor.execute(sql, params)
           ~~~~~~~~~~~~~~~~~~~^^^^^^^^^^^^^
  File "C:\Users\USER\Desktop\safariSalama_FD\venv\Lib\site-packages\django\db\backends\sqlite3\base.py", line 328, in execute
    return super().execute(query, params)
           ~~~~~~~~~~~~~~~^^^^^^^^^^^^^^^
sqlite3.OperationalError: no such column: routes.name

The above exception was the direct cause of the following exception:

Traceback (most recent call last):
  File "C:\Users\USER\Desktop\safariSalama_FD\venv\Lib\site-packages\asgiref\sync.py", line 552, in thread_handler
    raise exc_info[1]
  File "C:\Users\USER\Desktop\safariSalama_FD\venv\Lib\site-packages\django\core\handlers\exception.py", line 42, in inner
    response = await get_response(request)
               ^^^^^^^^^^^^^^^^^^^^^^^^^^^
  File "C:\Users\USER\Desktop\safariSalama_FD\venv\Lib\site-packages\asgiref\sync.py", line 552, in thread_handler
    raise exc_info[1]
  File "C:\Users\USER\Desktop\safariSalama_FD\venv\Lib\site-packages\django\core\handlers\base.py", line 253, in _get_response_async
    response = await wrapped_callback(
               ^^^^^^^^^^^^^^^^^^^^^^^
        request, *callback_args, **callback_kwargs
        ^^^^^^^^^^^^^^^^^^^^^^^^^^^^^^^^^^^^^^^^^^
    )
    ^
  File "C:\Users\USER\Desktop\safariSalama_FD\venv\Lib\site-packages\asgiref\sync.py", line 502, in __call__
    ret = await asyncio.shield(exec_coro)
          ^^^^^^^^^^^^^^^^^^^^^^^^^^^^^^^
  File "C:\Users\USER\AppData\Local\Programs\Python\Python314\Lib\concurrent\futures\thread.py", line 86, in run
    result = ctx.run(self.task)
  File "C:\Users\USER\AppData\Local\Programs\Python\Python314\Lib\concurrent\futures\thread.py", line 73, in run
    return fn(*args, **kwargs)
  File "C:\Users\USER\Desktop\safariSalama_FD\venv\Lib\site-packages\asgiref\sync.py", line 556, in thread_handler
    return func(*args, **kwargs)
  File "C:\Users\USER\Desktop\safariSalama_FD\venv\Lib\site-packages\django\contrib\auth\decorators.py", line 23, in _wrapper_view
    return view_func(request, *args, **kwargs)
  File "C:\Users\USER\Desktop\safariSalama_FD\schooltransport\views.py", line 211, in student_status
    route = bus.routes.first() if bus.routes.exists() else None
            ~~~~~~~~~~~~~~~~^^
  File "C:\Users\USER\Desktop\safariSalama_FD\venv\Lib\site-packages\django\db\models\manager.py", line 87, in manager_method
    return getattr(self.get_queryset(), name)(*args, **kwargs)
           ~~~~~~~~~~~~~~~~~~~~~~~~~~~~~~~~~~^^^^^^^^^^^^^^^^^
  File "C:\Users\USER\Desktop\safariSalama_FD\venv\Lib\site-packages\django\db\models\query.py", line 1057, in first
    for obj in queryset[:1]:
               ~~~~~~~~^^^^
  File "C:\Users\USER\Desktop\safariSalama_FD\venv\Lib\site-packages\django\db\models\query.py", line 398, in __iter__
    self._fetch_all()
    ~~~~~~~~~~~~~~~^^
  File "C:\Users\USER\Desktop\safariSalama_FD\venv\Lib\site-packages\django\db\models\query.py", line 1881, in _fetch_all
    self._result_cache = list(self._iterable_class(self))
                         ~~~~^^^^^^^^^^^^^^^^^^^^^^^^^^^^
  File "C:\Users\USER\Desktop\safariSalama_FD\venv\Lib\site-packages\django\db\models\query.py", line 91, in __iter__
    results = compiler.execute_sql(
        chunked_fetch=self.chunked_fetch, chunk_size=self.chunk_size
    )
  File "C:\Users\USER\Desktop\safariSalama_FD\venv\Lib\site-packages\django\db\models\sql\compiler.py", line 1562, in execute_sql
    cursor.execute(sql, params)
    ~~~~~~~~~~~~~~^^^^^^^^^^^^^
  File "C:\Users\USER\Desktop\safariSalama_FD\venv\Lib\site-packages\django\db\backends\utils.py", line 102, in execute
    return super().execute(sql, params)
           ~~~~~~~~~~~~~~~^^^^^^^^^^^^^
  File "C:\Users\USER\Desktop\safariSalama_FD\venv\Lib\site-packages\django\db\backends\utils.py", line 67, in execute
    return self._execute_with_wrappers(
           ~~~~~~~~~~~~~~~~~~~~~~~~~~~^
        sql, params, many=False, executor=self._execute
        ^^^^^^^^^^^^^^^^^^^^^^^^^^^^^^^^^^^^^^^^^^^^^^^
    )
    ^
  File "C:\Users\USER\Desktop\safariSalama_FD\venv\Lib\site-packages\django\db\backends\utils.py", line 80, in _execute_with_wrappers
    return executor(sql, params, many, context)
  File "C:\Users\USER\Desktop\safariSalama_FD\venv\Lib\site-packages\django\db\backends\utils.py", line 84, in _execute
    with self.db.wrap_database_errors:
         ^^^^^^^^^^^^^^^^^^^^^^^^^^^^
  File "C:\Users\USER\Desktop\safariSalama_FD\venv\Lib\site-packages\django\db\utils.py", line 91, in __exit__
    raise dj_exc_value.with_traceback(traceback) from exc_value
  File "C:\Users\USER\Desktop\safariSalama_FD\venv\Lib\site-packages\django\db\backends\utils.py", line 89, in _execute
    return self.cursor.execute(sql, params)
           ~~~~~~~~~~~~~~~~~~~^^^^^^^^^^^^^
  File "C:\Users\USER\Desktop\safariSalama_FD\venv\Lib\site-packages\django\db\backends\sqlite3\base.py", line 328, in execute
    return super().execute(query, params)
           ~~~~~~~~~~~~~~~^^^^^^^^^^^^^^^
django.db.utils.OperationalError: no such column: routes.name
ERROR 2025-11-16 16:59:33,394 runserver 3868 37456 [35;1mHTTP GET /guardian/student/6/status/ 500 [0.13, 127.0.0.1:55423][0m
INFO 2025-11-16 17:00:26,457 autoreload 8948 19236 Watching for file changes with StatReloader
INFO 2025-11-16 17:00:56,919 autoreload 10796 16204 Watching for file changes with StatReloader
INFO 2025-11-16 17:01:30,798 autoreload 36800 37148 Watching for file changes with StatReloader
INFO 2025-11-16 17:01:52,647 runserver 36800 3404 [mHTTP GET /guardian/ 200 [0.03, 127.0.0.1:62325][0m
WARNING 2025-11-16 17:01:52,952 log 36800 14684 Not Found: /api/attendants/
WARNING 2025-11-16 17:01:52,954 runserver 36800 3404 [33mHTTP GET /api/attendants/ 404 [0.04, 127.0.0.1:62325][0m
ERROR 2025-11-16 17:02:05,599 log 36800 14684 Internal Server Error: /guardian/student/6/status/
Traceback (most recent call last):
  File "C:\Users\USER\Desktop\safariSalama_FD\venv\Lib\site-packages\django\db\backends\utils.py", line 89, in _execute
    return self.cursor.execute(sql, params)
           ~~~~~~~~~~~~~~~~~~~^^^^^^^^^^^^^
  File "C:\Users\USER\Desktop\safariSalama_FD\venv\Lib\site-packages\django\db\backends\sqlite3\base.py", line 328, in execute
    return super().execute(query, params)
           ~~~~~~~~~~~~~~~^^^^^^^^^^^^^^^
sqlite3.OperationalError: no such column: routes.name

The above exception was the direct cause of the following exception:

Traceback (most recent call last):
  File "C:\Users\USER\Desktop\safariSalama_FD\venv\Lib\site-packages\asgiref\sync.py", line 552, in thread_handler
    raise exc_info[1]
  File "C:\Users\USER\Desktop\safariSalama_FD\venv\Lib\site-packages\django\core\handlers\exception.py", line 42, in inner
    response = await get_response(request)
               ^^^^^^^^^^^^^^^^^^^^^^^^^^^
  File "C:\Users\USER\Desktop\safariSalama_FD\venv\Lib\site-packages\asgiref\sync.py", line 552, in thread_handler
    raise exc_info[1]
  File "C:\Users\USER\Desktop\safariSalama_FD\venv\Lib\site-packages\django\core\handlers\base.py", line 253, in _get_response_async
    response = await wrapped_callback(
               ^^^^^^^^^^^^^^^^^^^^^^^
        request, *callback_args, **callback_kwargs
        ^^^^^^^^^^^^^^^^^^^^^^^^^^^^^^^^^^^^^^^^^^
    )
    ^
  File "C:\Users\USER\Desktop\safariSalama_FD\venv\Lib\site-packages\asgiref\sync.py", line 502, in __call__
    ret = await asyncio.shield(exec_coro)
          ^^^^^^^^^^^^^^^^^^^^^^^^^^^^^^^
  File "C:\Users\USER\AppData\Local\Programs\Python\Python314\Lib\concurrent\futures\thread.py", line 86, in run
    result = ctx.run(self.task)
  File "C:\Users\USER\AppData\Local\Programs\Python\Python314\Lib\concurrent\futures\thread.py", line 73, in run
    return fn(*args, **kwargs)
  File "C:\Users\USER\Desktop\safariSalama_FD\venv\Lib\site-packages\asgiref\sync.py", line 556, in thread_handler
    return func(*args, **kwargs)
  File "C:\Users\USER\Desktop\safariSalama_FD\venv\Lib\site-packages\django\contrib\auth\decorators.py", line 23, in _wrapper_view
    return view_func(request, *args, **kwargs)
  File "C:\Users\USER\Desktop\safariSalama_FD\schooltransport\views.py", line 211, in student_status
    route = bus.routes.first() if bus.routes.exists() else None
            ~~~~~~~~~~~~~~~~^^
  File "C:\Users\USER\Desktop\safariSalama_FD\venv\Lib\site-packages\django\db\models\manager.py", line 87, in manager_method
    return getattr(self.get_queryset(), name)(*args, **kwargs)
           ~~~~~~~~~~~~~~~~~~~~~~~~~~~~~~~~~~^^^^^^^^^^^^^^^^^
  File "C:\Users\USER\Desktop\safariSalama_FD\venv\Lib\site-packages\django\db\models\query.py", line 1057, in first
    for obj in queryset[:1]:
               ~~~~~~~~^^^^
  File "C:\Users\USER\Desktop\safariSalama_FD\venv\Lib\site-packages\django\db\models\query.py", line 398, in __iter__
    self._fetch_all()
    ~~~~~~~~~~~~~~~^^
  File "C:\Users\USER\Desktop\safariSalama_FD\venv\Lib\site-packages\django\db\models\query.py", line 1881, in _fetch_all
    self._result_cache = list(self._iterable_class(self))
                         ~~~~^^^^^^^^^^^^^^^^^^^^^^^^^^^^
  File "C:\Users\USER\Desktop\safariSalama_FD\venv\Lib\site-packages\django\db\models\query.py", line 91, in __iter__
    results = compiler.execute_sql(
        chunked_fetch=self.chunked_fetch, chunk_size=self.chunk_size
    )
  File "C:\Users\USER\Desktop\safariSalama_FD\venv\Lib\site-packages\django\db\models\sql\compiler.py", line 1562, in execute_sql
    cursor.execute(sql, params)
    ~~~~~~~~~~~~~~^^^^^^^^^^^^^
  File "C:\Users\USER\Desktop\safariSalama_FD\venv\Lib\site-packages\django\db\backends\utils.py", line 102, in execute
    return super().execute(sql, params)
           ~~~~~~~~~~~~~~~^^^^^^^^^^^^^
  File "C:\Users\USER\Desktop\safariSalama_FD\venv\Lib\site-packages\django\db\backends\utils.py", line 67, in execute
    return self._execute_with_wrappers(
           ~~~~~~~~~~~~~~~~~~~~~~~~~~~^
        sql, params, many=False, executor=self._execute
        ^^^^^^^^^^^^^^^^^^^^^^^^^^^^^^^^^^^^^^^^^^^^^^^
    )
    ^
  File "C:\Users\USER\Desktop\safariSalama_FD\venv\Lib\site-packages\django\db\backends\utils.py", line 80, in _execute_with_wrappers
    return executor(sql, params, many, context)
  File "C:\Users\USER\Desktop\safariSalama_FD\venv\Lib\site-packages\django\db\backends\utils.py", line 84, in _execute
    with self.db.wrap_database_errors:
         ^^^^^^^^^^^^^^^^^^^^^^^^^^^^
  File "C:\Users\USER\Desktop\safariSalama_FD\venv\Lib\site-packages\django\db\utils.py", line 91, in __exit__
    raise dj_exc_value.with_traceback(traceback) from exc_value
  File "C:\Users\USER\Desktop\safariSalama_FD\venv\Lib\site-packages\django\db\backends\utils.py", line 89, in _execute
    return self.cursor.execute(sql, params)
           ~~~~~~~~~~~~~~~~~~~^^^^^^^^^^^^^
  File "C:\Users\USER\Desktop\safariSalama_FD\venv\Lib\site-packages\django\db\backends\sqlite3\base.py", line 328, in execute
    return super().execute(query, params)
           ~~~~~~~~~~~~~~~^^^^^^^^^^^^^^^
django.db.utils.OperationalError: no such column: routes.name
ERROR 2025-11-16 17:02:05,629 runserver 36800 3404 [35;1mHTTP GET /guardian/student/6/status/ 500 [0.61, 127.0.0.1:52366][0m
INFO 2025-11-16 17:03:46,487 autoreload 36800 37148 C:\Users\USER\Desktop\safariSalama_FD\schooltransport\views.py changed, reloading.
INFO 2025-11-16 17:03:50,269 autoreload 380 17516 Watching for file changes with StatReloader
INFO 2025-11-16 17:04:14,644 autoreload 28200 34796 Watching for file changes with StatReloader
ERROR 2025-11-16 17:04:57,092 log 28200 11588 Internal Server Error: /guardian/student/6/status/
Traceback (most recent call last):
  File "C:\Users\USER\Desktop\safariSalama_FD\venv\Lib\site-packages\asgiref\sync.py", line 552, in thread_handler
    raise exc_info[1]
  File "C:\Users\USER\Desktop\safariSalama_FD\venv\Lib\site-packages\django\core\handlers\exception.py", line 42, in inner
    response = await get_response(request)
               ^^^^^^^^^^^^^^^^^^^^^^^^^^^
  File "C:\Users\USER\Desktop\safariSalama_FD\venv\Lib\site-packages\asgiref\sync.py", line 552, in thread_handler
    raise exc_info[1]
  File "C:\Users\USER\Desktop\safariSalama_FD\venv\Lib\site-packages\django\core\handlers\base.py", line 253, in _get_response_async
    response = await wrapped_callback(
               ^^^^^^^^^^^^^^^^^^^^^^^
        request, *callback_args, **callback_kwargs
        ^^^^^^^^^^^^^^^^^^^^^^^^^^^^^^^^^^^^^^^^^^
    )
    ^
  File "C:\Users\USER\Desktop\safariSalama_FD\venv\Lib\site-packages\asgiref\sync.py", line 502, in __call__
    ret = await asyncio.shield(exec_coro)
          ^^^^^^^^^^^^^^^^^^^^^^^^^^^^^^^
  File "C:\Users\USER\AppData\Local\Programs\Python\Python314\Lib\concurrent\futures\thread.py", line 86, in run
    result = ctx.run(self.task)
  File "C:\Users\USER\AppData\Local\Programs\Python\Python314\Lib\concurrent\futures\thread.py", line 73, in run
    return fn(*args, **kwargs)
  File "C:\Users\USER\Desktop\safariSalama_FD\venv\Lib\site-packages\asgiref\sync.py", line 556, in thread_handler
    return func(*args, **kwargs)
  File "C:\Users\USER\Desktop\safariSalama_FD\venv\Lib\site-packages\django\contrib\auth\decorators.py", line 23, in _wrapper_view
    return view_func(request, *args, **kwargs)
  File "C:\Users\USER\Desktop\safariSalama_FD\schooltransport\views.py", line 227, in student_status
    return render(request, 'guardian/student_status.html', context)
  File "C:\Users\USER\Desktop\safariSalama_FD\venv\Lib\site-packages\django\shortcuts.py", line 24, in render
    content = loader.render_to_string(template_name, context, request, using=using)
  File "C:\Users\USER\Desktop\safariSalama_FD\venv\Lib\site-packages\django\template\loader.py", line 62, in render_to_string
    return template.render(context, request)
           ~~~~~~~~~~~~~~~^^^^^^^^^^^^^^^^^^
  File "C:\Users\USER\Desktop\safariSalama_FD\venv\Lib\site-packages\django\template\backends\django.py", line 61, in render
    return self.template.render(context)
           ~~~~~~~~~~~~~~~~~~~~^^^^^^^^^
  File "C:\Users\USER\Desktop\safariSalama_FD\venv\Lib\site-packages\django\template\base.py", line 175, in render
    return self._render(context)
           ~~~~~~~~~~~~^^^^^^^^^
  File "C:\Users\USER\Desktop\safariSalama_FD\venv\Lib\site-packages\django\template\base.py", line 167, in _render
    return self.nodelist.render(context)
           ~~~~~~~~~~~~~~~~~~~~^^^^^^^^^
  File "C:\Users\USER\Desktop\safariSalama_FD\venv\Lib\site-packages\django\template\base.py", line 1005, in render
    return SafeString("".join([node.render_annotated(context) for node in self]))
                               ~~~~~~~~~~~~~~~~~~~~~^^^^^^^^^
  File "C:\Users\USER\Desktop\safariSalama_FD\venv\Lib\site-packages\django\template\base.py", line 966, in render_annotated
    return self.render(context)
           ~~~~~~~~~~~^^^^^^^^^
  File "C:\Users\USER\Desktop\safariSalama_FD\venv\Lib\site-packages\django\template\defaulttags.py", line 321, in render
    return nodelist.render(context)
           ~~~~~~~~~~~~~~~^^^^^^^^^
  File "C:\Users\USER\Desktop\safariSalama_FD\venv\Lib\site-packages\django\template\base.py", line 1005, in render
    return SafeString("".join([node.render_annotated(context) for node in self]))
                               ~~~~~~~~~~~~~~~~~~~~~^^^^^^^^^
  File "C:\Users\USER\Desktop\safariSalama_FD\venv\Lib\site-packages\django\template\base.py", line 966, in render_annotated
    return self.render(context)
           ~~~~~~~~~~~^^^^^^^^^
  File "C:\Users\USER\Desktop\safariSalama_FD\venv\Lib\site-packages\django\template\base.py", line 1064, in render
    output = self.filter_expression.resolve(context)
  File "C:\Users\USER\Desktop\safariSalama_FD\venv\Lib\site-packages\django\template\base.py", line 742, in resolve
    new_obj = func(obj, *arg_vals)
  File "C:\Users\USER\Desktop\safariSalama_FD\venv\Lib\site-packages\django\template\defaultfilters.py", line 772, in date
    return formats.date_format(value, arg)
           ~~~~~~~~~~~~~~~~~~~^^^^^^^^^^^^
  File "C:\Users\USER\Desktop\safariSalama_FD\venv\Lib\site-packages\django\utils\formats.py", line 158, in date_format
    return dateformat.format(
           ~~~~~~~~~~~~~~~~~^
        value, get_format(format or "DATE_FORMAT", use_l10n=use_l10n)
        ^^^^^^^^^^^^^^^^^^^^^^^^^^^^^^^^^^^^^^^^^^^^^^^^^^^^^^^^^^^^^
    )
    ^
  File "C:\Users\USER\Desktop\safariSalama_FD\venv\Lib\site-packages\django\utils\dateformat.py", line 324, in format
    return df.format(format_string)
           ~~~~~~~~~^^^^^^^^^^^^^^^
  File "C:\Users\USER\Desktop\safariSalama_FD\venv\Lib\site-packages\django\utils\dateformat.py", line 44, in format
    raise TypeError(
    ...<2 lines>...
    )
TypeError: The format for date objects may not contain time-related format specifiers (found 'H').
ERROR 2025-11-16 17:04:57,118 runserver 28200 24700 [35;1mHTTP GET /guardian/student/6/status/ 500 [0.36, 127.0.0.1:58173][0m
ERROR 2025-11-16 17:05:02,565 log 28200 11588 Internal Server Error: /guardian/student/6/status/
Traceback (most recent call last):
  File "C:\Users\USER\Desktop\safariSalama_FD\venv\Lib\site-packages\asgiref\sync.py", line 552, in thread_handler
    raise exc_info[1]
  File "C:\Users\USER\Desktop\safariSalama_FD\venv\Lib\site-packages\django\core\handlers\exception.py", line 42, in inner
    response = await get_response(request)
               ^^^^^^^^^^^^^^^^^^^^^^^^^^^
  File "C:\Users\USER\Desktop\safariSalama_FD\venv\Lib\site-packages\asgiref\sync.py", line 552, in thread_handler
    raise exc_info[1]
  File "C:\Users\USER\Desktop\safariSalama_FD\venv\Lib\site-packages\django\core\handlers\base.py", line 253, in _get_response_async
    response = await wrapped_callback(
               ^^^^^^^^^^^^^^^^^^^^^^^
        request, *callback_args, **callback_kwargs
        ^^^^^^^^^^^^^^^^^^^^^^^^^^^^^^^^^^^^^^^^^^
    )
    ^
  File "C:\Users\USER\Desktop\safariSalama_FD\venv\Lib\site-packages\asgiref\sync.py", line 502, in __call__
    ret = await asyncio.shield(exec_coro)
          ^^^^^^^^^^^^^^^^^^^^^^^^^^^^^^^
  File "C:\Users\USER\AppData\Local\Programs\Python\Python314\Lib\concurrent\futures\thread.py", line 86, in run
    result = ctx.run(self.task)
  File "C:\Users\USER\AppData\Local\Programs\Python\Python314\Lib\concurrent\futures\thread.py", line 73, in run
    return fn(*args, **kwargs)
  File "C:\Users\USER\Desktop\safariSalama_FD\venv\Lib\site-packages\asgiref\sync.py", line 556, in thread_handler
    return func(*args, **kwargs)
  File "C:\Users\USER\Desktop\safariSalama_FD\venv\Lib\site-packages\django\contrib\auth\decorators.py", line 23, in _wrapper_view
    return view_func(request, *args, **kwargs)
  File "C:\Users\USER\Desktop\safariSalama_FD\schooltransport\views.py", line 227, in student_status
    return render(request, 'guardian/student_status.html', context)
  File "C:\Users\USER\Desktop\safariSalama_FD\venv\Lib\site-packages\django\shortcuts.py", line 24, in render
    content = loader.render_to_string(template_name, context, request, using=using)
  File "C:\Users\USER\Desktop\safariSalama_FD\venv\Lib\site-packages\django\template\loader.py", line 62, in render_to_string
    return template.render(context, request)
           ~~~~~~~~~~~~~~~^^^^^^^^^^^^^^^^^^
  File "C:\Users\USER\Desktop\safariSalama_FD\venv\Lib\site-packages\django\template\backends\django.py", line 61, in render
    return self.template.render(context)
           ~~~~~~~~~~~~~~~~~~~~^^^^^^^^^
  File "C:\Users\USER\Desktop\safariSalama_FD\venv\Lib\site-packages\django\template\base.py", line 175, in render
    return self._render(context)
           ~~~~~~~~~~~~^^^^^^^^^
  File "C:\Users\USER\Desktop\safariSalama_FD\venv\Lib\site-packages\django\template\base.py", line 167, in _render
    return self.nodelist.render(context)
           ~~~~~~~~~~~~~~~~~~~~^^^^^^^^^
  File "C:\Users\USER\Desktop\safariSalama_FD\venv\Lib\site-packages\django\template\base.py", line 1005, in render
    return SafeString("".join([node.render_annotated(context) for node in self]))
                               ~~~~~~~~~~~~~~~~~~~~~^^^^^^^^^
  File "C:\Users\USER\Desktop\safariSalama_FD\venv\Lib\site-packages\django\template\base.py", line 966, in render_annotated
    return self.render(context)
           ~~~~~~~~~~~^^^^^^^^^
  File "C:\Users\USER\Desktop\safariSalama_FD\venv\Lib\site-packages\django\template\defaulttags.py", line 321, in render
    return nodelist.render(context)
           ~~~~~~~~~~~~~~~^^^^^^^^^
  File "C:\Users\USER\Desktop\safariSalama_FD\venv\Lib\site-packages\django\template\base.py", line 1005, in render
    return SafeString("".join([node.render_annotated(context) for node in self]))
                               ~~~~~~~~~~~~~~~~~~~~~^^^^^^^^^
  File "C:\Users\USER\Desktop\safariSalama_FD\venv\Lib\site-packages\django\template\base.py", line 966, in render_annotated
    return self.render(context)
           ~~~~~~~~~~~^^^^^^^^^
  File "C:\Users\USER\Desktop\safariSalama_FD\venv\Lib\site-packages\django\template\base.py", line 1064, in render
    output = self.filter_expression.resolve(context)
  File "C:\Users\USER\Desktop\safariSalama_FD\venv\Lib\site-packages\django\template\base.py", line 742, in resolve
    new_obj = func(obj, *arg_vals)
  File "C:\Users\USER\Desktop\safariSalama_FD\venv\Lib\site-packages\django\template\defaultfilters.py", line 772, in date
    return formats.date_format(value, arg)
           ~~~~~~~~~~~~~~~~~~~^^^^^^^^^^^^
  File "C:\Users\USER\Desktop\safariSalama_FD\venv\Lib\site-packages\django\utils\formats.py", line 158, in date_format
    return dateformat.format(
           ~~~~~~~~~~~~~~~~~^
        value, get_format(format or "DATE_FORMAT", use_l10n=use_l10n)
        ^^^^^^^^^^^^^^^^^^^^^^^^^^^^^^^^^^^^^^^^^^^^^^^^^^^^^^^^^^^^^
    )
    ^
  File "C:\Users\USER\Desktop\safariSalama_FD\venv\Lib\site-packages\django\utils\dateformat.py", line 324, in format
    return df.format(format_string)
           ~~~~~~~~~^^^^^^^^^^^^^^^
  File "C:\Users\USER\Desktop\safariSalama_FD\venv\Lib\site-packages\django\utils\dateformat.py", line 44, in format
    raise TypeError(
    ...<2 lines>...
    )
TypeError: The format for date objects may not contain time-related format specifiers (found 'H').
ERROR 2025-11-16 17:05:02,573 runserver 28200 24700 [35;1mHTTP GET /guardian/student/6/status/ 500 [0.07, 127.0.0.1:53380][0m
INFO 2025-11-16 17:05:12,991 runserver 28200 24700 [mHTTP GET /login/ 200 [0.10, 127.0.0.1:49675][0m
INFO 2025-11-16 17:05:24,446 runserver 28200 24700 [32mHTTP POST /login/ 302 [1.28, 127.0.0.1:57998][0m
INFO 2025-11-16 17:05:24,483 runserver 28200 24700 [32mHTTP GET / 302 [0.03, 127.0.0.1:57998][0m
INFO 2025-11-16 17:05:24,610 runserver 28200 24700 [mHTTP GET /guardian/ 200 [0.12, 127.0.0.1:57998][0m
WARNING 2025-11-16 17:05:24,936 log 28200 11588 Not Found: /api/attendants/
WARNING 2025-11-16 17:05:24,938 runserver 28200 24700 [33mHTTP GET /api/attendants/ 404 [0.05, 127.0.0.1:57998][0m
ERROR 2025-11-16 17:05:31,215 log 28200 11588 Internal Server Error: /guardian/student/6/status/
Traceback (most recent call last):
  File "C:\Users\USER\Desktop\safariSalama_FD\venv\Lib\site-packages\asgiref\sync.py", line 552, in thread_handler
    raise exc_info[1]
  File "C:\Users\USER\Desktop\safariSalama_FD\venv\Lib\site-packages\django\core\handlers\exception.py", line 42, in inner
    response = await get_response(request)
               ^^^^^^^^^^^^^^^^^^^^^^^^^^^
  File "C:\Users\USER\Desktop\safariSalama_FD\venv\Lib\site-packages\asgiref\sync.py", line 552, in thread_handler
    raise exc_info[1]
  File "C:\Users\USER\Desktop\safariSalama_FD\venv\Lib\site-packages\django\core\handlers\base.py", line 253, in _get_response_async
    response = await wrapped_callback(
               ^^^^^^^^^^^^^^^^^^^^^^^
        request, *callback_args, **callback_kwargs
        ^^^^^^^^^^^^^^^^^^^^^^^^^^^^^^^^^^^^^^^^^^
    )
    ^
  File "C:\Users\USER\Desktop\safariSalama_FD\venv\Lib\site-packages\asgiref\sync.py", line 502, in __call__
    ret = await asyncio.shield(exec_coro)
          ^^^^^^^^^^^^^^^^^^^^^^^^^^^^^^^
  File "C:\Users\USER\AppData\Local\Programs\Python\Python314\Lib\concurrent\futures\thread.py", line 86, in run
    result = ctx.run(self.task)
  File "C:\Users\USER\AppData\Local\Programs\Python\Python314\Lib\concurrent\futures\thread.py", line 73, in run
    return fn(*args, **kwargs)
  File "C:\Users\USER\Desktop\safariSalama_FD\venv\Lib\site-packages\asgiref\sync.py", line 556, in thread_handler
    return func(*args, **kwargs)
  File "C:\Users\USER\Desktop\safariSalama_FD\venv\Lib\site-packages\django\contrib\auth\decorators.py", line 23, in _wrapper_view
    return view_func(request, *args, **kwargs)
  File "C:\Users\USER\Desktop\safariSalama_FD\schooltransport\views.py", line 227, in student_status
    return render(request, 'guardian/student_status.html', context)
  File "C:\Users\USER\Desktop\safariSalama_FD\venv\Lib\site-packages\django\shortcuts.py", line 24, in render
    content = loader.render_to_string(template_name, context, request, using=using)
  File "C:\Users\USER\Desktop\safariSalama_FD\venv\Lib\site-packages\django\template\loader.py", line 62, in render_to_string
    return template.render(context, request)
           ~~~~~~~~~~~~~~~^^^^^^^^^^^^^^^^^^
  File "C:\Users\USER\Desktop\safariSalama_FD\venv\Lib\site-packages\django\template\backends\django.py", line 61, in render
    return self.template.render(context)
           ~~~~~~~~~~~~~~~~~~~~^^^^^^^^^
  File "C:\Users\USER\Desktop\safariSalama_FD\venv\Lib\site-packages\django\template\base.py", line 175, in render
    return self._render(context)
           ~~~~~~~~~~~~^^^^^^^^^
  File "C:\Users\USER\Desktop\safariSalama_FD\venv\Lib\site-packages\django\template\base.py", line 167, in _render
    return self.nodelist.render(context)
           ~~~~~~~~~~~~~~~~~~~~^^^^^^^^^
  File "C:\Users\USER\Desktop\safariSalama_FD\venv\Lib\site-packages\django\template\base.py", line 1005, in render
    return SafeString("".join([node.render_annotated(context) for node in self]))
                               ~~~~~~~~~~~~~~~~~~~~~^^^^^^^^^
  File "C:\Users\USER\Desktop\safariSalama_FD\venv\Lib\site-packages\django\template\base.py", line 966, in render_annotated
    return self.render(context)
           ~~~~~~~~~~~^^^^^^^^^
  File "C:\Users\USER\Desktop\safariSalama_FD\venv\Lib\site-packages\django\template\defaulttags.py", line 321, in render
    return nodelist.render(context)
           ~~~~~~~~~~~~~~~^^^^^^^^^
  File "C:\Users\USER\Desktop\safariSalama_FD\venv\Lib\site-packages\django\template\base.py", line 1005, in render
    return SafeString("".join([node.render_annotated(context) for node in self]))
                               ~~~~~~~~~~~~~~~~~~~~~^^^^^^^^^
  File "C:\Users\USER\Desktop\safariSalama_FD\venv\Lib\site-packages\django\template\base.py", line 966, in render_annotated
    return self.render(context)
           ~~~~~~~~~~~^^^^^^^^^
  File "C:\Users\USER\Desktop\safariSalama_FD\venv\Lib\site-packages\django\template\base.py", line 1064, in render
    output = self.filter_expression.resolve(context)
  File "C:\Users\USER\Desktop\safariSalama_FD\venv\Lib\site-packages\django\template\base.py", line 742, in resolve
    new_obj = func(obj, *arg_vals)
  File "C:\Users\USER\Desktop\safariSalama_FD\venv\Lib\site-packages\django\template\defaultfilters.py", line 772, in date
    return formats.date_format(value, arg)
           ~~~~~~~~~~~~~~~~~~~^^^^^^^^^^^^
  File "C:\Users\USER\Desktop\safariSalama_FD\venv\Lib\site-packages\django\utils\formats.py", line 158, in date_format
    return dateformat.format(
           ~~~~~~~~~~~~~~~~~^
        value, get_format(format or "DATE_FORMAT", use_l10n=use_l10n)
        ^^^^^^^^^^^^^^^^^^^^^^^^^^^^^^^^^^^^^^^^^^^^^^^^^^^^^^^^^^^^^
    )
    ^
  File "C:\Users\USER\Desktop\safariSalama_FD\venv\Lib\site-packages\django\utils\dateformat.py", line 324, in format
    return df.format(format_string)
           ~~~~~~~~~^^^^^^^^^^^^^^^
  File "C:\Users\USER\Desktop\safariSalama_FD\venv\Lib\site-packages\django\utils\dateformat.py", line 44, in format
    raise TypeError(
    ...<2 lines>...
    )
TypeError: The format for date objects may not contain time-related format specifiers (found 'H').
ERROR 2025-11-16 17:05:31,231 runserver 28200 24700 [35;1mHTTP GET /guardian/student/6/status/ 500 [0.12, 127.0.0.1:53526][0m
INFO 2025-11-16 17:06:24,556 runserver 28200 24700 [mHTTP GET /guardian/student/6/status/ 200 [0.07, 127.0.0.1:54946][0m
INFO 2025-11-16 17:07:12,279 runserver 28200 24700 [mHTTP GET /guardian/ 200 [0.04, 127.0.0.1:56243][0m
WARNING 2025-11-16 17:07:12,379 log 28200 11588 Not Found: /api/attendants/
WARNING 2025-11-16 17:07:12,380 runserver 28200 24700 [33mHTTP GET /api/attendants/ 404 [0.02, 127.0.0.1:56243][0m
INFO 2025-11-16 17:07:15,457 runserver 28200 24700 [mHTTP GET /guardian/student/7/status/ 200 [0.03, 127.0.0.1:56243][0m
INFO 2025-11-16 17:07:34,448 runserver 28200 24700 [mHTTP GET /guardian/ 200 [0.03, 127.0.0.1:50371][0m
WARNING 2025-11-16 17:07:34,511 log 28200 11588 Not Found: /api/attendants/
WARNING 2025-11-16 17:07:34,512 runserver 28200 24700 [33mHTTP GET /api/attendants/ 404 [0.01, 127.0.0.1:50371][0m
INFO 2025-11-16 17:08:35,435 runserver 28200 24700 [32mHTTP GET /admin/landing/ 302 [0.02, 127.0.0.1:61974][0m
INFO 2025-11-16 17:08:35,459 runserver 28200 24700 [mHTTP GET /login/ 200 [0.02, 127.0.0.1:61974][0m
INFO 2025-11-16 17:13:20,613 autoreload 28200 34796 C:\Users\USER\Desktop\safariSalama_FD\schooltransport\models.py changed, reloading.
INFO 2025-11-16 17:13:22,323 autoreload 35736 21548 Watching for file changes with StatReloader
INFO 2025-11-16 17:13:41,106 autoreload 35736 21548 C:\Users\USER\Desktop\safariSalama_FD\schooltransport\views.py changed, reloading.
INFO 2025-11-16 17:13:42,560 autoreload 34632 38828 Watching for file changes with StatReloader
INFO 2025-11-16 17:15:16,914 autoreload 34632 38828 C:\Users\USER\Desktop\safariSalama_FD\schooltransport\urls.py changed, reloading.
INFO 2025-11-16 17:15:18,282 autoreload 36260 34788 Watching for file changes with StatReloader
INFO 2025-11-16 17:43:06,813 autoreload 28044 4528 Watching for file changes with StatReloader
INFO 2025-11-16 17:43:10,104 runserver 28044 37548 [mHTTP GET /login/ 200 [0.04, 127.0.0.1:50456][0m
INFO 2025-11-16 17:43:32,029 autoreload 28044 4528 C:\Users\USER\Desktop\safariSalama_FD\schooltransport\urls.py changed, reloading.
INFO 2025-11-16 17:43:33,802 autoreload 33540 15056 Watching for file changes with StatReloader
INFO 2025-11-16 17:44:09,578 runserver 33540 7512 [32mHTTP GET /guardian/?id=a976624c-a6b1-4949-891b-8c452824e5dc&vscodeBrowserReqId=1763304249248 302 [0.01, 127.0.0.1:61397][0m
INFO 2025-11-16 17:44:09,593 runserver 33540 7512 [mHTTP GET /login/?next=/guardian/%3Fid%3Da976624c-a6b1-4949-891b-8c452824e5dc%26vscodeBrowserReqId%3D1763304249248 200 [0.01, 127.0.0.1:61397][0m
INFO 2025-11-16 17:44:24,662 runserver 33540 7512 [mHTTP GET /guardian/ 200 [0.02, 127.0.0.1:58598][0m
INFO 2025-11-16 17:44:52,876 runserver 33540 7512 [32mHTTP POST /login/ 302 [0.81, 127.0.0.1:55633][0m
INFO 2025-11-16 17:44:52,892 runserver 33540 7512 [32mHTTP GET / 302 [0.01, 127.0.0.1:55633][0m
INFO 2025-11-16 17:44:52,913 runserver 33540 7512 [mHTTP GET /guardian/ 200 [0.02, 127.0.0.1:55633][0m
INFO 2025-11-16 17:45:26,781 runserver 33540 7512 [mHTTP GET /guardian/student/6/status/ 200 [0.02, 127.0.0.1:55707][0m
INFO 2025-11-16 17:45:40,553 runserver 33540 7512 [mHTTP GET /guardian/ 200 [0.03, 127.0.0.1:60507][0m
INFO 2025-11-16 17:47:08,677 runserver 33540 7512 [mHTTP GET /attendant/ 200 [0.01, 127.0.0.1:65474][0m
INFO 2025-11-16 17:47:35,113 runserver 33540 7512 [mHTTP GET /biometric/scanner/?bus_id=1 200 [0.09, 127.0.0.1:59091][0m
